/Users/raveen/Desktop/MSc-Thesis/auto-ba/venv/bin/python /Users/raveen/Desktop/MSc-Thesis/auto-ba/autoba/main.py 
25/03/25 00:12:03 WARN Utils: Your hostname, Raveens-MacBook-Pro.local resolves to a loopback address: 127.0.0.1; using 192.168.10.159 instead (on interface en0)
25/03/25 00:12:04 WARN Utils: Set SPARK_LOCAL_IP if you need to bind to another address
Setting default log level to "WARN".
To adjust logging level use sc.setLogLevel(newLevel). For SparkR, use setLogLevel(newLevel).
25/03/25 00:12:04 WARN NativeCodeLoader: Unable to load native-hadoop library for your platform... using builtin-java classes where applicable
Total issues (before filtering): 359
25/03/25 00:12:14 WARN HintErrorLogger: A join hint (strategy=broadcast) is specified but it is not part of a join relation.
25/03/25 00:12:16 WARN HintErrorLogger: A join hint (strategy=broadcast) is specified but it is not part of a join relation.
---------------------------------------------------------------------------
                         Top1          Top3            Top5
File Path Accuracy        0.924791086350975          0.958217270194986         0.9805013927576601
Text Accuracy             0.9275766016713092          0.9665738161559888         0.9805013927576601
Activeness Accuracy       0.9220055710306406          0.9610027855153204         0.9805013927576601
File Path Similarity MRR: 0.9476520384598377
Text Similarity MRR: 0.9519799065063689
Activeness MRR: 0.9475551375272823

---------------------------------------------------------------------------
alpha= 0.1 beta= 0.1 gamma= 0.8
---------------------------------------------------------------------------
                         Top1          Top3            Top5
Combined Accuracy         0.9220055710306406          0.9637883008356546         0.9749303621169917
AutoBA MRR: 0.9475087122719433

---------------------------------------------------------------------------
alpha= 0.1 beta= 0.2 gamma= 0.7
---------------------------------------------------------------------------
                         Top1          Top3            Top5
Combined Accuracy         0.924791086350975          0.9637883008356546         0.9749303621169917
AutoBA MRR: 0.9490407456981271

---------------------------------------------------------------------------
alpha= 0.1 beta= 0.3 gamma= 0.6
---------------------------------------------------------------------------
                         Top1          Top3            Top5
Combined Accuracy         0.924791086350975          0.9637883008356546         0.9721448467966574
AutoBA MRR: 0.9489478951874494

---------------------------------------------------------------------------
alpha= 0.1 beta= 0.4 gamma= 0.5
---------------------------------------------------------------------------
                         Top1          Top3            Top5
Combined Accuracy         0.9275766016713092          0.9637883008356546         0.9721448467966574
AutoBA MRR: 0.9502013770815997

---------------------------------------------------------------------------
alpha= 0.1 beta= 0.5 gamma= 0.4
---------------------------------------------------------------------------
                         Top1          Top3            Top5
Combined Accuracy         0.9303621169916435          0.9637883008356546         0.9721448467966574
AutoBA MRR: 0.9515941347417668

---------------------------------------------------------------------------
alpha= 0.1 beta= 0.6 gamma= 0.3
---------------------------------------------------------------------------
                         Top1          Top3            Top5
Combined Accuracy         0.9303621169916435          0.9637883008356546         0.9721448467966574
AutoBA MRR: 0.952058387295156

---------------------------------------------------------------------------
alpha= 0.1 beta= 0.7 gamma= 0.2
---------------------------------------------------------------------------
                         Top1          Top3            Top5
Combined Accuracy         0.9303621169916435          0.9637883008356546         0.9721448467966574
AutoBA MRR: 0.952058387295156

---------------------------------------------------------------------------
alpha= 0.1 beta= 0.8 gamma= 0.1
---------------------------------------------------------------------------
                         Top1          Top3            Top5
Combined Accuracy         0.9275766016713092          0.9637883008356546         0.9721448467966574
AutoBA MRR: 0.9508049054010055

---------------------------------------------------------------------------
alpha= 0.2 beta= 0.1 gamma= 0.7
---------------------------------------------------------------------------
                         Top1          Top3            Top5
Combined Accuracy         0.9220055710306406          0.9637883008356546         0.9749303621169917
AutoBA MRR: 0.9475087122719433

---------------------------------------------------------------------------
alpha= 0.2 beta= 0.2 gamma= 0.6
---------------------------------------------------------------------------
                         Top1          Top3            Top5
Combined Accuracy         0.924791086350975          0.9637883008356546         0.9749303621169917
AutoBA MRR: 0.9489014699321104

---------------------------------------------------------------------------
alpha= 0.2 beta= 0.3 gamma= 0.5
---------------------------------------------------------------------------
                         Top1          Top3            Top5
Combined Accuracy         0.924791086350975          0.9637883008356546         0.9721448467966574
AutoBA MRR: 0.9489478951874494

---------------------------------------------------------------------------
alpha= 0.2 beta= 0.4 gamma= 0.4
---------------------------------------------------------------------------
                         Top1          Top3            Top5
Combined Accuracy         0.9275766016713092          0.9637883008356546         0.9721448467966574
AutoBA MRR: 0.9503406528476166

---------------------------------------------------------------------------
alpha= 0.2 beta= 0.5 gamma= 0.3
---------------------------------------------------------------------------
                         Top1          Top3            Top5
Combined Accuracy         0.9303621169916435          0.9637883008356546         0.9721448467966574
AutoBA MRR: 0.952058387295156

---------------------------------------------------------------------------
alpha= 0.2 beta= 0.6 gamma= 0.2
---------------------------------------------------------------------------
                         Top1          Top3            Top5
Combined Accuracy         0.9303621169916435          0.9637883008356546         0.9721448467966574
AutoBA MRR: 0.952058387295156

---------------------------------------------------------------------------
alpha= 0.2 beta= 0.7 gamma= 0.1
---------------------------------------------------------------------------
                         Top1          Top3            Top5
Combined Accuracy         0.9275766016713092          0.9637883008356546         0.9721448467966574
AutoBA MRR: 0.9506656296349889

---------------------------------------------------------------------------
alpha= 0.3 beta= 0.1 gamma= 0.6
---------------------------------------------------------------------------
                         Top1          Top3            Top5
Combined Accuracy         0.9220055710306406          0.9637883008356546         0.9749303621169917
AutoBA MRR: 0.9475087122719433

---------------------------------------------------------------------------
alpha= 0.3 beta= 0.2 gamma= 0.5
---------------------------------------------------------------------------
                         Top1          Top3            Top5
Combined Accuracy         0.924791086350975          0.9637883008356546         0.9749303621169917
AutoBA MRR: 0.9489014699321104

---------------------------------------------------------------------------
alpha= 0.3 beta= 0.3 gamma= 0.4
---------------------------------------------------------------------------
                         Top1          Top3            Top5
Combined Accuracy         0.924791086350975          0.9637883008356546         0.9721448467966574
AutoBA MRR: 0.9488086194214326

---------------------------------------------------------------------------
alpha= 0.3 beta= 0.4 gamma= 0.3
---------------------------------------------------------------------------
                         Top1          Top3            Top5
Combined Accuracy         0.9275766016713092          0.9637883008356546         0.9721448467966574
AutoBA MRR: 0.9508049054010055

---------------------------------------------------------------------------
alpha= 0.3 beta= 0.5 gamma= 0.2
---------------------------------------------------------------------------
                         Top1          Top3            Top5
Combined Accuracy         0.9303621169916435          0.9637883008356546         0.9721448467966574
AutoBA MRR: 0.9521976630611726

---------------------------------------------------------------------------
alpha= 0.3 beta= 0.6 gamma= 0.1
---------------------------------------------------------------------------
                         Top1          Top3            Top5
Combined Accuracy         0.9303621169916435          0.9637883008356546         0.9721448467966574
AutoBA MRR: 0.9515941347417669

---------------------------------------------------------------------------
alpha= 0.4 beta= 0.1 gamma= 0.5
---------------------------------------------------------------------------
                         Top1          Top3            Top5
Combined Accuracy         0.924791086350975          0.9637883008356546         0.9749303621169917
AutoBA MRR: 0.9489014699321104

---------------------------------------------------------------------------
alpha= 0.4 beta= 0.2 gamma= 0.4
---------------------------------------------------------------------------
                         Top1          Top3            Top5
Combined Accuracy         0.924791086350975          0.9637883008356546         0.9749303621169917
AutoBA MRR: 0.9493657224854996

---------------------------------------------------------------------------
alpha= 0.4 beta= 0.3 gamma= 0.3
---------------------------------------------------------------------------
                         Top1          Top3            Top5
Combined Accuracy         0.924791086350975          0.9637883008356546         0.9721448467966574
AutoBA MRR: 0.9492728719748218

---------------------------------------------------------------------------
alpha= 0.4 beta= 0.4 gamma= 0.2
---------------------------------------------------------------------------
                         Top1          Top3            Top5
Combined Accuracy         0.9275766016713092          0.9637883008356546         0.9721448467966574
AutoBA MRR: 0.9506656296349889

---------------------------------------------------------------------------
alpha= 0.4 beta= 0.5 gamma= 0.1
---------------------------------------------------------------------------
                         Top1          Top3            Top5
Combined Accuracy         0.9303621169916435          0.9610027855153204         0.9721448467966574
AutoBA MRR: 0.951501284231089

---------------------------------------------------------------------------
alpha= 0.5 beta= 0.1 gamma= 0.4
---------------------------------------------------------------------------
                         Top1          Top3            Top5
Combined Accuracy         0.9220055710306406          0.9637883008356546         0.9749303621169917
AutoBA MRR: 0.9479729648253323

---------------------------------------------------------------------------
alpha= 0.5 beta= 0.2 gamma= 0.3
---------------------------------------------------------------------------
                         Top1          Top3            Top5
Combined Accuracy         0.924791086350975          0.9637883008356546         0.9749303621169917
AutoBA MRR: 0.9493657224854996

---------------------------------------------------------------------------
alpha= 0.5 beta= 0.3 gamma= 0.2
---------------------------------------------------------------------------
                         Top1          Top3            Top5
Combined Accuracy         0.9275766016713092          0.9637883008356546         0.9721448467966574
AutoBA MRR: 0.9502013770815998

---------------------------------------------------------------------------
alpha= 0.5 beta= 0.4 gamma= 0.1
---------------------------------------------------------------------------
                         Top1          Top3            Top5
Combined Accuracy         0.9275766016713092          0.9610027855153204         0.9721448467966574
AutoBA MRR: 0.9499692508049054

---------------------------------------------------------------------------
alpha= 0.6 beta= 0.1 gamma= 0.3
---------------------------------------------------------------------------
                         Top1          Top3            Top5
Combined Accuracy         0.924791086350975          0.9637883008356546         0.9749303621169917
AutoBA MRR: 0.9493657224854996

---------------------------------------------------------------------------
alpha= 0.6 beta= 0.2 gamma= 0.2
---------------------------------------------------------------------------
                         Top1          Top3            Top5
Combined Accuracy         0.924791086350975          0.9637883008356546         0.9749303621169917
AutoBA MRR: 0.9489014699321106

---------------------------------------------------------------------------
alpha= 0.6 beta= 0.3 gamma= 0.1
---------------------------------------------------------------------------
                         Top1          Top3            Top5
Combined Accuracy         0.9275766016713092          0.9610027855153204         0.9721448467966574
AutoBA MRR: 0.9499692508049054

---------------------------------------------------------------------------
alpha= 0.7 beta= 0.1 gamma= 0.2
---------------------------------------------------------------------------
                         Top1          Top3            Top5
Combined Accuracy         0.924791086350975          0.9637883008356546         0.9777158774373259
AutoBA MRR: 0.9489943204427883

---------------------------------------------------------------------------
alpha= 0.7 beta= 0.2 gamma= 0.1
---------------------------------------------------------------------------
                         Top1          Top3            Top5
Combined Accuracy         0.9220055710306406          0.9610027855153204         0.9749303621169917
AutoBA MRR: 0.9472765859952488

---------------------------------------------------------------------------
alpha= 0.8 beta= 0.1 gamma= 0.1
---------------------------------------------------------------------------
                         Top1          Top3            Top5
Combined Accuracy         0.924791086350975          0.9610027855153204         0.9777158774373259
AutoBA MRR: 0.9487621941660936
None

Process finished with exit code 0
