/Users/raveen/Desktop/MSc-Thesis/auto-ba/venv/bin/python /Users/raveen/Desktop/MSc-Thesis/auto-ba/autoba/main.py 
25/03/22 23:43:22 WARN Utils: Your hostname, Raveens-MacBook-Pro.local resolves to a loopback address: 127.0.0.1; using 192.168.10.159 instead (on interface en0)
25/03/22 23:43:22 WARN Utils: Set SPARK_LOCAL_IP if you need to bind to another address
Setting default log level to "WARN".
To adjust logging level use sc.setLogLevel(newLevel). For SparkR, use setLogLevel(newLevel).
25/03/22 23:43:23 WARN NativeCodeLoader: Unable to load native-hadoop library for your platform... using builtin-java classes where applicable
Total issues (before filtering): 2425
25/03/22 23:43:33 WARN HintErrorLogger: A join hint (strategy=broadcast) is specified but it is not part of a join relation.
25/03/22 23:43:36 WARN HintErrorLogger: A join hint (strategy=broadcast) is specified but it is not part of a join relation.
Scores calculated for: 0_54781
Scores calculated for: 0_54771
Scores calculated for: 0_54757
Scores calculated for: 0_54751
Scores calculated for: 0_54712
Scores calculated for: 0_54700
Scores calculated for: 0_54681
Scores calculated for: 0_54680
Scores calculated for: 0_54673
Scores calculated for: 0_54672
Scores calculated for: 0_54660
Scores calculated for: 0_54659
Scores calculated for: 0_54653
Scores calculated for: 0_54644
Scores calculated for: 0_54639
Scores calculated for: 0_54636
Scores calculated for: 0_54634
Scores calculated for: 0_54629
Scores calculated for: 0_54624
Scores calculated for: 0_54619
Scores calculated for: 0_54612
Scores calculated for: 0_54611
Scores calculated for: 0_54610
Scores calculated for: 0_54602
Scores calculated for: 0_54599
Scores calculated for: 0_54595
Scores calculated for: 0_54588
Scores calculated for: 0_54582
Scores calculated for: 0_54579
Scores calculated for: 0_54576
Scores calculated for: 0_54575
Scores calculated for: 0_54564
Scores calculated for: 0_54563
Scores calculated for: 0_54560
Scores calculated for: 0_54556
Scores calculated for: 0_54553
Scores calculated for: 0_54549
Scores calculated for: 0_54539
Scores calculated for: 0_54535
Scores calculated for: 0_54529
Scores calculated for: 0_54527
Scores calculated for: 0_54518
Scores calculated for: 0_54501
Scores calculated for: 0_54497
Scores calculated for: 0_54496
Scores calculated for: 0_54495
Scores calculated for: 0_54493
Scores calculated for: 0_54487
Scores calculated for: 0_54477
Scores calculated for: 0_54471
Scores calculated for: 0_54459
Scores calculated for: 0_54452
Scores calculated for: 0_54445
Scores calculated for: 0_54441
Scores calculated for: 0_54438
Scores calculated for: 0_54433
Scores calculated for: 0_54432
Scores calculated for: 0_54424
Scores calculated for: 0_54421
Scores calculated for: 0_54419
Scores calculated for: 0_54408
Scores calculated for: 0_54407
Scores calculated for: 0_54406
Scores calculated for: 0_54405
Scores calculated for: 0_54403
Scores calculated for: 0_54395
Scores calculated for: 0_54392
Scores calculated for: 0_54384
Scores calculated for: 0_54374
Scores calculated for: 0_54357
Scores calculated for: 0_54352
Scores calculated for: 0_54347
Scores calculated for: 0_54343
Scores calculated for: 0_54339
Scores calculated for: 0_54336
Scores calculated for: 0_54331
Scores calculated for: 0_54329
Scores calculated for: 0_54325
Scores calculated for: 0_54323
Scores calculated for: 0_54311
Scores calculated for: 0_54309
Scores calculated for: 0_54302
Scores calculated for: 0_54300
Scores calculated for: 0_54297
Scores calculated for: 0_54283
Scores calculated for: 0_54277
Scores calculated for: 0_54276
Scores calculated for: 0_54272
Scores calculated for: 0_54271
Scores calculated for: 0_54268
Scores calculated for: 0_54267
Scores calculated for: 0_54263
Scores calculated for: 0_54262
Scores calculated for: 0_54261
Scores calculated for: 0_54260
Scores calculated for: 0_54259
Scores calculated for: 0_54252
Scores calculated for: 0_54250
Scores calculated for: 0_54245
Scores calculated for: 0_54244
Scores calculated for: 0_54241
Scores calculated for: 0_54233
Scores calculated for: 0_54232
Scores calculated for: 0_54229
Scores calculated for: 0_54205
Scores calculated for: 0_54203
Scores calculated for: 0_54199
Scores calculated for: 0_54178
Scores calculated for: 0_54176
Scores calculated for: 0_54162
Scores calculated for: 0_54150
Scores calculated for: 0_54146
Scores calculated for: 0_54140
Scores calculated for: 0_54139
Scores calculated for: 0_54136
Scores calculated for: 0_54134
Scores calculated for: 0_54132
Scores calculated for: 0_54124
Scores calculated for: 0_54119
Scores calculated for: 0_54116
Scores calculated for: 0_54115
Scores calculated for: 0_54106
Scores calculated for: 0_54103
Scores calculated for: 0_54102
Scores calculated for: 0_54094
Scores calculated for: 0_54092
Scores calculated for: 0_54089
Scores calculated for: 0_54079
Scores calculated for: 0_54077
Scores calculated for: 0_54076
Scores calculated for: 0_54057
Scores calculated for: 0_54056
Scores calculated for: 0_54055
Scores calculated for: 0_54044
Scores calculated for: 0_54039
Scores calculated for: 0_54038
Scores calculated for: 0_54030
Scores calculated for: 0_54027
Scores calculated for: 0_54019
Scores calculated for: 0_54016
Scores calculated for: 0_54015
Scores calculated for: 0_54011
Scores calculated for: 0_54009
Scores calculated for: 0_54002
Scores calculated for: 0_54001
Scores calculated for: 0_54000
Scores calculated for: 0_53997
Scores calculated for: 0_53995
Scores calculated for: 0_53992
Scores calculated for: 0_53989
Scores calculated for: 0_53987
Scores calculated for: 0_53985
Scores calculated for: 0_53980
Scores calculated for: 0_53968
Scores calculated for: 0_53942
Scores calculated for: 0_53938
Scores calculated for: 0_53935
Scores calculated for: 0_53934
Scores calculated for: 0_53927
Scores calculated for: 0_53925
Scores calculated for: 0_53912
Scores calculated for: 0_53904
Scores calculated for: 0_53903
Scores calculated for: 0_53901
Scores calculated for: 0_53900
Scores calculated for: 0_53899
Scores calculated for: 0_53898
Scores calculated for: 0_53889
Scores calculated for: 0_53883
Scores calculated for: 0_53876
Scores calculated for: 0_53874
Scores calculated for: 0_53873
Scores calculated for: 0_53858
Scores calculated for: 0_53856
Scores calculated for: 0_53852
Scores calculated for: 0_53850
Scores calculated for: 0_53848
Scores calculated for: 0_53844
Scores calculated for: 0_53843
Scores calculated for: 0_53842
Scores calculated for: 0_53834
Scores calculated for: 0_53828
Scores calculated for: 0_53815
Scores calculated for: 0_53813
Scores calculated for: 0_53810
Scores calculated for: 0_53806
Scores calculated for: 0_53801
Scores calculated for: 0_53780
Scores calculated for: 0_53779
Scores calculated for: 0_53777
Scores calculated for: 0_53774
Scores calculated for: 0_53772
Scores calculated for: 0_53771
Scores calculated for: 0_53766
Scores calculated for: 0_53764
Scores calculated for: 0_53762
Scores calculated for: 0_53761
Scores calculated for: 0_53759
Scores calculated for: 0_53758
Scores calculated for: 0_53754
Scores calculated for: 0_53753
Scores calculated for: 0_53752
Scores calculated for: 0_53749
Scores calculated for: 0_53747
Scores calculated for: 0_53738
Scores calculated for: 0_53736
Scores calculated for: 0_53732
Scores calculated for: 0_53729
Scores calculated for: 0_53727
Scores calculated for: 0_53721
Scores calculated for: 0_53720
Scores calculated for: 0_53715
Scores calculated for: 0_53712
Scores calculated for: 0_53710
Scores calculated for: 0_53704
Scores calculated for: 0_53703
Scores calculated for: 0_53701
Scores calculated for: 0_53699
Scores calculated for: 0_53693
Scores calculated for: 0_53688
Scores calculated for: 0_53685
Scores calculated for: 0_53682
Scores calculated for: 0_53679
Scores calculated for: 0_53673
Scores calculated for: 0_53671
Scores calculated for: 0_53670
Scores calculated for: 0_53667
Scores calculated for: 0_53665
Scores calculated for: 0_53661
Scores calculated for: 0_53660
Scores calculated for: 0_53649
Scores calculated for: 0_53648
Scores calculated for: 0_53646
Scores calculated for: 0_53638
Scores calculated for: 0_53637
Scores calculated for: 0_53624
Scores calculated for: 0_53618
Scores calculated for: 0_53611
Scores calculated for: 0_53609
Scores calculated for: 0_53608
Scores calculated for: 0_53606
Scores calculated for: 0_53603
Scores calculated for: 0_53598
Scores calculated for: 0_53588
Scores calculated for: 0_53581
Scores calculated for: 0_53578
Scores calculated for: 0_53576
Scores calculated for: 0_53574
Scores calculated for: 0_53572
Scores calculated for: 0_53568
Scores calculated for: 0_53565
Scores calculated for: 0_53564
Scores calculated for: 0_53559
Scores calculated for: 0_53558
Scores calculated for: 0_53544
Scores calculated for: 0_53543
Scores calculated for: 0_53540
Scores calculated for: 0_53537
Scores calculated for: 0_53532
Scores calculated for: 0_53517
Scores calculated for: 0_53516
Scores calculated for: 0_53509
Scores calculated for: 0_53506
Scores calculated for: 0_53500
Scores calculated for: 0_53496
Scores calculated for: 0_53492
Scores calculated for: 0_53489
Scores calculated for: 0_53482
Scores calculated for: 0_53468
Scores calculated for: 0_53467
Scores calculated for: 0_53465
Scores calculated for: 0_53464
Scores calculated for: 0_53462
Scores calculated for: 0_53460
Scores calculated for: 0_53455
Scores calculated for: 0_53452
Scores calculated for: 0_53451
Scores calculated for: 0_53443
Scores calculated for: 0_53441
Scores calculated for: 0_53435
Scores calculated for: 0_53434
Scores calculated for: 0_53421
Scores calculated for: 0_53420
Scores calculated for: 0_53419
Scores calculated for: 0_53410
Scores calculated for: 0_53407
Scores calculated for: 0_53406
Scores calculated for: 0_53405
Scores calculated for: 0_53404
Scores calculated for: 0_53399
Scores calculated for: 0_53397
Scores calculated for: 0_53395
Scores calculated for: 0_53394
Scores calculated for: 0_53391
Scores calculated for: 0_53390
Scores calculated for: 0_53388
Scores calculated for: 0_53386
Scores calculated for: 0_53380
Scores calculated for: 0_53378
Scores calculated for: 0_53373
Scores calculated for: 0_53368
Scores calculated for: 0_53361
Scores calculated for: 0_53356
Scores calculated for: 0_53348
Scores calculated for: 0_53338
Scores calculated for: 0_53332
Scores calculated for: 0_53317
Scores calculated for: 0_53307
Scores calculated for: 0_53306
Scores calculated for: 0_53305
Scores calculated for: 0_53304
Scores calculated for: 0_53299
Scores calculated for: 0_53296
Scores calculated for: 0_53295
Scores calculated for: 0_53294
Scores calculated for: 0_53293
Scores calculated for: 0_53280
Scores calculated for: 0_53279
Scores calculated for: 0_53275
Scores calculated for: 0_53272
Scores calculated for: 0_53269
Scores calculated for: 0_53267
Scores calculated for: 0_53266
Scores calculated for: 0_53260
Scores calculated for: 0_53248
Scores calculated for: 0_53245
Scores calculated for: 0_53242
Scores calculated for: 0_53233
Scores calculated for: 0_53227
Scores calculated for: 0_53223
Scores calculated for: 0_53221
Scores calculated for: 0_53216
Scores calculated for: 0_53205
Scores calculated for: 0_53178
Scores calculated for: 0_53172
Scores calculated for: 0_53167
Scores calculated for: 0_53155
Scores calculated for: 0_53148
Scores calculated for: 0_53147
Scores calculated for: 0_53141
Scores calculated for: 0_53129
Scores calculated for: 0_53120
Scores calculated for: 0_53117
Scores calculated for: 0_53110
Scores calculated for: 0_53106
Scores calculated for: 0_53104
Scores calculated for: 0_53102
Scores calculated for: 0_53097
Scores calculated for: 0_53094
Scores calculated for: 0_53091
Scores calculated for: 0_53082
Scores calculated for: 0_53081
Scores calculated for: 0_53080
Scores calculated for: 0_53077
Scores calculated for: 0_53076
Scores calculated for: 0_53074
Scores calculated for: 0_53063
Scores calculated for: 0_53061
Scores calculated for: 0_53060
Scores calculated for: 0_53059
Scores calculated for: 0_53057
Scores calculated for: 0_53051
Scores calculated for: 0_53048
Scores calculated for: 0_53047
Scores calculated for: 0_53046
Scores calculated for: 0_53043
Scores calculated for: 0_53039
Scores calculated for: 0_53031
Scores calculated for: 0_53018
Scores calculated for: 0_53017
Scores calculated for: 0_53015
Scores calculated for: 0_53013
Scores calculated for: 0_53008
Scores calculated for: 0_53001
Scores calculated for: 0_52998
Scores calculated for: 0_52986
Scores calculated for: 0_52982
Scores calculated for: 0_52973
Scores calculated for: 0_52968
Scores calculated for: 0_52965
Scores calculated for: 0_52959
Scores calculated for: 0_52957
Scores calculated for: 0_52954
Scores calculated for: 0_52950
Scores calculated for: 0_52949
Scores calculated for: 0_52947
Scores calculated for: 0_52946
Scores calculated for: 0_52942
Scores calculated for: 0_52908
Scores calculated for: 0_52906
Scores calculated for: 0_52902
Scores calculated for: 0_52901
Scores calculated for: 0_52900
Scores calculated for: 0_52894
Scores calculated for: 0_52882
Scores calculated for: 0_52881
Scores calculated for: 0_52878
Scores calculated for: 0_52876
Scores calculated for: 0_52873
Scores calculated for: 0_52872
Scores calculated for: 0_52859
Scores calculated for: 0_52858
Scores calculated for: 0_52855
Scores calculated for: 0_52852
Scores calculated for: 0_52839
Scores calculated for: 0_52837
Scores calculated for: 0_52836
Scores calculated for: 0_52835
Scores calculated for: 0_52832
Scores calculated for: 0_52829
Scores calculated for: 0_52823
Scores calculated for: 0_52820
Scores calculated for: 0_52818
Scores calculated for: 0_52811
Scores calculated for: 0_52800
Scores calculated for: 0_52799
Scores calculated for: 0_52796
Scores calculated for: 0_52791
Scores calculated for: 0_52785
Scores calculated for: 0_52784
Scores calculated for: 0_52776
Scores calculated for: 0_52768
Scores calculated for: 0_52757
Scores calculated for: 0_52756
Scores calculated for: 0_52755
Scores calculated for: 0_52754
Scores calculated for: 0_52743
Scores calculated for: 0_52742
Scores calculated for: 0_52741
Scores calculated for: 0_52740
Scores calculated for: 0_52739
Scores calculated for: 0_52733
Scores calculated for: 0_52730
Scores calculated for: 0_52728
Scores calculated for: 0_52727
Scores calculated for: 0_52724
Scores calculated for: 0_52715
Scores calculated for: 0_52711
Scores calculated for: 0_52710
Scores calculated for: 0_52708
Scores calculated for: 0_52704
Scores calculated for: 0_52702
Scores calculated for: 0_52698
Scores calculated for: 0_52697
Scores calculated for: 0_52691
Scores calculated for: 0_52690
Scores calculated for: 0_52685
Scores calculated for: 0_52683
Scores calculated for: 0_52681
Scores calculated for: 0_52676
Scores calculated for: 0_52675
Scores calculated for: 0_52663
Scores calculated for: 0_52661
Scores calculated for: 0_52658
Scores calculated for: 0_52657
Scores calculated for: 0_52651
Scores calculated for: 0_52643
Scores calculated for: 0_52642
Scores calculated for: 0_52641
Scores calculated for: 0_52624
Scores calculated for: 0_52620
Scores calculated for: 0_52617
Scores calculated for: 0_52615
Scores calculated for: 0_52614
Scores calculated for: 0_52607
Scores calculated for: 0_52602
Scores calculated for: 0_52601
Scores calculated for: 0_52595
Scores calculated for: 0_52594
Scores calculated for: 0_52592
Scores calculated for: 0_52588
Scores calculated for: 0_52587
Scores calculated for: 0_52586
Scores calculated for: 0_52584
Scores calculated for: 0_52583
Scores calculated for: 0_52582
Scores calculated for: 0_52579
Scores calculated for: 0_52576
Scores calculated for: 0_52575
Scores calculated for: 0_52572
Scores calculated for: 0_52570
Scores calculated for: 0_52568
Scores calculated for: 0_52565
Scores calculated for: 0_52561
Scores calculated for: 0_52558
Scores calculated for: 0_52556
Scores calculated for: 0_52551
Scores calculated for: 0_52534
Scores calculated for: 0_52527
Scores calculated for: 0_52522
Scores calculated for: 0_52519
Scores calculated for: 0_52516
Scores calculated for: 0_52510
Scores calculated for: 0_52508
Scores calculated for: 0_52507
Scores calculated for: 0_52499
Scores calculated for: 0_52493
Scores calculated for: 0_52489
Scores calculated for: 0_52486
Scores calculated for: 0_52485
Scores calculated for: 0_52482
Scores calculated for: 0_52476
Scores calculated for: 0_52463
Scores calculated for: 0_52458
Scores calculated for: 0_52456
Scores calculated for: 0_52445
Scores calculated for: 0_52441
Scores calculated for: 0_52431
Scores calculated for: 0_52430
Scores calculated for: 0_52429
Scores calculated for: 0_52425
Scores calculated for: 0_52419
Scores calculated for: 0_52414
Scores calculated for: 0_52405
Scores calculated for: 0_52400
Scores calculated for: 0_52391
Scores calculated for: 0_52390
Scores calculated for: 0_52381
Scores calculated for: 0_52372
Scores calculated for: 0_52364
Scores calculated for: 0_52361
Scores calculated for: 0_52358
Scores calculated for: 0_52356
Scores calculated for: 0_52340
Scores calculated for: 0_52336
Scores calculated for: 0_52334
Scores calculated for: 0_52332
Scores calculated for: 0_52331
Scores calculated for: 0_52312
Scores calculated for: 0_52310
Scores calculated for: 0_52309
Scores calculated for: 0_52307
Scores calculated for: 0_52304
Scores calculated for: 0_52302
Scores calculated for: 0_52295
Scores calculated for: 0_52294
Scores calculated for: 0_52290
Scores calculated for: 0_52288
Scores calculated for: 0_52286
Scores calculated for: 0_52284
Scores calculated for: 0_52273
Scores calculated for: 0_52270
Scores calculated for: 0_52264
Scores calculated for: 0_52262
Scores calculated for: 0_52256
Scores calculated for: 0_52255
Scores calculated for: 0_52250
Scores calculated for: 0_52249
Scores calculated for: 0_52244
Scores calculated for: 0_52242
Scores calculated for: 0_52233
Scores calculated for: 0_52227
Scores calculated for: 0_52219
Scores calculated for: 0_52218
Scores calculated for: 0_52213
Scores calculated for: 0_52212
Scores calculated for: 0_52210
Scores calculated for: 0_52190
Scores calculated for: 0_52187
Scores calculated for: 0_52183
Scores calculated for: 0_52182
Scores calculated for: 0_52171
Scores calculated for: 0_52170
Scores calculated for: 0_52163
Scores calculated for: 0_52159
Scores calculated for: 0_52158
Scores calculated for: 0_52148
Scores calculated for: 0_52146
Scores calculated for: 0_52144
Scores calculated for: 0_52142
Scores calculated for: 0_52139
Scores calculated for: 0_52135
Scores calculated for: 0_52129
Scores calculated for: 0_52127
Scores calculated for: 0_52125
Scores calculated for: 0_52120
Scores calculated for: 0_52111
Scores calculated for: 0_52110
Scores calculated for: 0_52105
Scores calculated for: 0_52098
Scores calculated for: 0_52089
Scores calculated for: 0_52088
Scores calculated for: 0_52082
Scores calculated for: 0_52079
Scores calculated for: 0_52077
Scores calculated for: 0_52075
Scores calculated for: 0_52074
Scores calculated for: 0_52073
Scores calculated for: 0_52070
Scores calculated for: 0_52066
Scores calculated for: 0_52063
Scores calculated for: 0_52052
Scores calculated for: 0_52051
Scores calculated for: 0_52046
Scores calculated for: 0_52038
Scores calculated for: 0_52032
Scores calculated for: 0_52030
Scores calculated for: 0_52029
Scores calculated for: 0_52025
Scores calculated for: 0_52022
Scores calculated for: 0_52021
Scores calculated for: 0_52011
Scores calculated for: 0_52009
Scores calculated for: 0_52003
Scores calculated for: 0_52000
Scores calculated for: 0_51998
Scores calculated for: 0_51995
Scores calculated for: 0_51991
Scores calculated for: 0_51972
Scores calculated for: 0_51961
Scores calculated for: 0_51956
Scores calculated for: 0_51954
Scores calculated for: 0_51953
Scores calculated for: 0_51942
Scores calculated for: 0_51938
Scores calculated for: 0_51926
Scores calculated for: 0_51922
Scores calculated for: 0_51917
Scores calculated for: 0_51914
Scores calculated for: 0_51910
Scores calculated for: 0_51908
Scores calculated for: 0_51906
Scores calculated for: 0_51905
Scores calculated for: 0_51902
Scores calculated for: 0_51883
Scores calculated for: 0_51882
Scores calculated for: 0_51875
Scores calculated for: 0_51872
Scores calculated for: 0_51865
Scores calculated for: 0_51860
Scores calculated for: 0_51855
Scores calculated for: 0_51852
Scores calculated for: 0_51849
Scores calculated for: 0_51847
Scores calculated for: 0_51843
Scores calculated for: 0_51836
Scores calculated for: 0_51835
Scores calculated for: 0_51829
Scores calculated for: 0_51821
Scores calculated for: 0_51820
Scores calculated for: 0_51818
Scores calculated for: 0_51816
Scores calculated for: 0_51813
Scores calculated for: 0_51812
Scores calculated for: 0_51811
Scores calculated for: 0_51807
Scores calculated for: 0_51802
Scores calculated for: 0_51786
Scores calculated for: 0_51784
Scores calculated for: 0_51780
Scores calculated for: 0_51778
Scores calculated for: 0_51775
Scores calculated for: 0_51772
Scores calculated for: 0_51771
Scores calculated for: 0_51768
Scores calculated for: 0_51757
Scores calculated for: 0_51750
Scores calculated for: 0_51747
Scores calculated for: 0_51728
Scores calculated for: 0_51727
Scores calculated for: 0_51723
Scores calculated for: 0_51722
Scores calculated for: 0_51720
Scores calculated for: 0_51717
Scores calculated for: 0_51715
Scores calculated for: 0_51714
Scores calculated for: 0_51701
Scores calculated for: 0_51700
Scores calculated for: 0_51699
Scores calculated for: 0_51695
Scores calculated for: 0_51691
Scores calculated for: 0_51689
Scores calculated for: 0_51679
Scores calculated for: 0_51678
Scores calculated for: 0_51673
Scores calculated for: 0_51672
Scores calculated for: 0_51669
Scores calculated for: 0_51668
Scores calculated for: 0_51658
Scores calculated for: 0_51647
Scores calculated for: 0_51642
Scores calculated for: 0_51634
Scores calculated for: 0_51630
Scores calculated for: 0_51623
Scores calculated for: 0_51621
Scores calculated for: 0_51618
Scores calculated for: 0_51617
Scores calculated for: 0_51612
Scores calculated for: 0_51606
Scores calculated for: 0_51600
Scores calculated for: 0_51599
Scores calculated for: 0_51595
Scores calculated for: 0_51594
Scores calculated for: 0_51586
Scores calculated for: 0_51584
Scores calculated for: 0_51582
Scores calculated for: 0_51580
Scores calculated for: 0_51578
Scores calculated for: 0_51576
Scores calculated for: 0_51561
Scores calculated for: 0_51558
Scores calculated for: 0_51556
Scores calculated for: 0_51555
Scores calculated for: 0_51553
Scores calculated for: 0_51552
Scores calculated for: 0_51543
Scores calculated for: 0_51542
Scores calculated for: 0_51535
Scores calculated for: 0_51522
Scores calculated for: 0_51516
Scores calculated for: 0_51500
Scores calculated for: 0_51494
Scores calculated for: 0_51486
Scores calculated for: 0_51482
Scores calculated for: 0_51477
Scores calculated for: 0_51473
Scores calculated for: 0_51471
Scores calculated for: 0_51470
Scores calculated for: 0_51469
Scores calculated for: 0_51466
Scores calculated for: 0_51465
Scores calculated for: 0_51463
Scores calculated for: 0_51460
Scores calculated for: 0_51459
Scores calculated for: 0_51454
Scores calculated for: 0_51448
Scores calculated for: 0_51443
Scores calculated for: 0_51434
Scores calculated for: 0_51430
Scores calculated for: 0_51428
Scores calculated for: 0_51424
Scores calculated for: 0_51419
Scores calculated for: 0_51406
Scores calculated for: 0_51405
Scores calculated for: 0_51403
Scores calculated for: 0_51394
Scores calculated for: 0_51392
Scores calculated for: 0_51391
Scores calculated for: 0_51387
Scores calculated for: 0_51386
Scores calculated for: 0_51370
Scores calculated for: 0_51367
Scores calculated for: 0_51366
Scores calculated for: 0_51365
Scores calculated for: 0_51363
Scores calculated for: 0_51361
Scores calculated for: 0_51360
Scores calculated for: 0_51347
Scores calculated for: 0_51344
Scores calculated for: 0_51340
Scores calculated for: 0_51332
Scores calculated for: 0_51329
Scores calculated for: 0_51327
Scores calculated for: 0_51322
Scores calculated for: 0_51320
Scores calculated for: 0_51319
Scores calculated for: 0_51305
Scores calculated for: 0_51302
Scores calculated for: 0_51300
Scores calculated for: 0_51298
Scores calculated for: 0_51293
Scores calculated for: 0_51292
Scores calculated for: 0_51290
Scores calculated for: 0_51284
Scores calculated for: 0_51278
Scores calculated for: 0_51268
Scores calculated for: 0_51264
Scores calculated for: 0_51262
Scores calculated for: 0_51256
Scores calculated for: 0_51253
Scores calculated for: 0_51250
Scores calculated for: 0_51249
Scores calculated for: 0_51246
Scores calculated for: 0_51245
Scores calculated for: 0_51233
Scores calculated for: 0_51228
Scores calculated for: 0_51227
Scores calculated for: 0_51224
Scores calculated for: 0_51221
Scores calculated for: 0_51220
Scores calculated for: 0_51218
Scores calculated for: 0_51217
Scores calculated for: 0_51216
Scores calculated for: 0_51215
Scores calculated for: 0_51209
Scores calculated for: 0_51205
Scores calculated for: 0_51202
Scores calculated for: 0_51199
Scores calculated for: 0_51195
Scores calculated for: 0_51190
Scores calculated for: 0_51183
Scores calculated for: 0_51179
Scores calculated for: 0_51172
Scores calculated for: 0_51171
Scores calculated for: 0_51170
Scores calculated for: 0_51169
Scores calculated for: 0_51164
Scores calculated for: 0_51163
Scores calculated for: 0_51160
Scores calculated for: 0_51158
Scores calculated for: 0_51155
Scores calculated for: 0_51149
Scores calculated for: 0_51147
Scores calculated for: 0_51144
Scores calculated for: 0_51129
Scores calculated for: 0_51123
Scores calculated for: 0_51122
Scores calculated for: 0_51105
Scores calculated for: 0_51095
Scores calculated for: 0_51090
Scores calculated for: 0_51089
Scores calculated for: 0_51086
Scores calculated for: 0_51075
Scores calculated for: 0_51074
Scores calculated for: 0_51067
Scores calculated for: 0_51062
Scores calculated for: 0_51056
Scores calculated for: 0_51052
Scores calculated for: 0_51051
Scores calculated for: 0_51048
Scores calculated for: 0_51041
Scores calculated for: 0_51020
Scores calculated for: 0_51018
Scores calculated for: 0_51015
Scores calculated for: 0_51014
Scores calculated for: 0_51008
Scores calculated for: 0_51003
Scores calculated for: 0_51002
Scores calculated for: 0_50993
Scores calculated for: 0_50991
Scores calculated for: 0_50989
Scores calculated for: 0_50981
Scores calculated for: 0_50980
Scores calculated for: 0_50976
Scores calculated for: 0_50968
Scores calculated for: 0_50966
Scores calculated for: 0_50965
Scores calculated for: 0_50963
Scores calculated for: 0_50961
Scores calculated for: 0_50959
Scores calculated for: 0_50954
Scores calculated for: 0_50948
Scores calculated for: 0_50947
Scores calculated for: 0_50939
Scores calculated for: 0_50932
Scores calculated for: 0_50930
Scores calculated for: 0_50925
Scores calculated for: 0_50924
Scores calculated for: 0_50910
Scores calculated for: 0_50900
Scores calculated for: 0_50899
Scores calculated for: 0_50897
Scores calculated for: 0_50884
Scores calculated for: 0_50871
Scores calculated for: 0_50857
Scores calculated for: 0_50853
Scores calculated for: 0_50850
Scores calculated for: 0_50842
Scores calculated for: 0_50841
Scores calculated for: 0_50840
Scores calculated for: 0_50839
Scores calculated for: 0_50835
Scores calculated for: 0_50833
Scores calculated for: 0_50831
Scores calculated for: 0_50827
Scores calculated for: 0_50824
Scores calculated for: 0_50821
Scores calculated for: 0_50816
Scores calculated for: 0_50807
Scores calculated for: 0_50803
Scores calculated for: 0_50802
Scores calculated for: 0_50801
Scores calculated for: 0_50792
Scores calculated for: 0_50790
Scores calculated for: 0_50784
Scores calculated for: 0_50782
Scores calculated for: 0_50777
Scores calculated for: 0_50776
Scores calculated for: 0_50774
Scores calculated for: 0_50772
Scores calculated for: 0_50770
Scores calculated for: 0_50768
Scores calculated for: 0_50765
Scores calculated for: 0_50760
Scores calculated for: 0_50755
Scores calculated for: 0_50748
Scores calculated for: 0_50739
Scores calculated for: 0_50732
Scores calculated for: 0_50726
Scores calculated for: 0_50725
Scores calculated for: 0_50720
Scores calculated for: 0_50718
Scores calculated for: 0_50713
Scores calculated for: 0_50712
Scores calculated for: 0_50709
Scores calculated for: 0_50707
Scores calculated for: 0_50704
Scores calculated for: 0_50702
Scores calculated for: 0_50700
Scores calculated for: 0_50696
Scores calculated for: 0_50694
Scores calculated for: 0_50691
Scores calculated for: 0_50690
Scores calculated for: 0_50684
Scores calculated for: 0_50671
Scores calculated for: 0_50666
Scores calculated for: 0_50618
Scores calculated for: 0_50604
Scores calculated for: 0_50601
Scores calculated for: 0_50583
Scores calculated for: 0_50575
Scores calculated for: 0_50566
Scores calculated for: 0_50562
Scores calculated for: 0_50560
Scores calculated for: 0_50559
Scores calculated for: 0_50552
Scores calculated for: 0_50537
Scores calculated for: 0_50529
Scores calculated for: 0_50524
Scores calculated for: 0_50504
Scores calculated for: 0_50502
Scores calculated for: 0_50501
Scores calculated for: 0_50483
Scores calculated for: 0_50481
Scores calculated for: 0_50480
Scores calculated for: 0_50479
Scores calculated for: 0_50474
Scores calculated for: 0_50469
Scores calculated for: 0_50465
Scores calculated for: 0_50461
Scores calculated for: 0_50456
Scores calculated for: 0_50455
Scores calculated for: 0_50453
Scores calculated for: 0_50450
Scores calculated for: 0_50449
Scores calculated for: 0_50447
Scores calculated for: 0_50446
Scores calculated for: 0_50445
Scores calculated for: 0_50444
Scores calculated for: 0_50443
Scores calculated for: 0_50442
Scores calculated for: 0_50441
Scores calculated for: 0_50440
Scores calculated for: 0_50435
Scores calculated for: 0_50421
Scores calculated for: 0_50415
Scores calculated for: 0_50413
Scores calculated for: 0_50411
Scores calculated for: 0_50409
Scores calculated for: 0_50402
Scores calculated for: 0_50401
Scores calculated for: 0_50399
Scores calculated for: 0_50398
Scores calculated for: 0_50391
Scores calculated for: 0_50385
Scores calculated for: 0_50380
Scores calculated for: 0_50369
Scores calculated for: 0_50368
Scores calculated for: 0_50363
Scores calculated for: 0_50355
Scores calculated for: 0_50354
Scores calculated for: 0_50351
Scores calculated for: 0_50350
Scores calculated for: 0_50346
Scores calculated for: 0_50344
Scores calculated for: 0_50332
Scores calculated for: 0_50327
Scores calculated for: 0_50326
Scores calculated for: 0_50324
Scores calculated for: 0_50318
Scores calculated for: 0_50315
Scores calculated for: 0_50311
Scores calculated for: 0_50310
Scores calculated for: 0_50307
Scores calculated for: 0_50294
Scores calculated for: 0_50293
Scores calculated for: 0_50288
Scores calculated for: 0_50287
Scores calculated for: 0_50283
Scores calculated for: 0_50282
Scores calculated for: 0_50272
Scores calculated for: 0_50269
Scores calculated for: 0_50267
Scores calculated for: 0_50263
Scores calculated for: 0_50260
Scores calculated for: 0_50259
Scores calculated for: 0_50253
Scores calculated for: 0_50246
Scores calculated for: 0_50238
Scores calculated for: 0_50237
Scores calculated for: 0_50232
Scores calculated for: 0_50230
Scores calculated for: 0_50229
Scores calculated for: 0_50227
Scores calculated for: 0_50226
Scores calculated for: 0_50225
Scores calculated for: 0_50224
Scores calculated for: 0_50221
Scores calculated for: 0_50220
Scores calculated for: 0_50219
Scores calculated for: 0_50216
Scores calculated for: 0_50213
Scores calculated for: 0_50212
Scores calculated for: 0_50209
Scores calculated for: 0_50207
Scores calculated for: 0_50203
Scores calculated for: 0_50201
Scores calculated for: 0_50191
Scores calculated for: 0_50189
Scores calculated for: 0_50187
Scores calculated for: 0_50180
Scores calculated for: 0_50176
Scores calculated for: 0_50173
Scores calculated for: 0_50168
Scores calculated for: 0_50166
Scores calculated for: 0_50160
Scores calculated for: 0_50155
Scores calculated for: 0_50154
Scores calculated for: 0_50146
Scores calculated for: 0_50142
Scores calculated for: 0_50139
Scores calculated for: 0_50131
Scores calculated for: 0_50130
Scores calculated for: 0_50126
Scores calculated for: 0_50125
Scores calculated for: 0_50120
Scores calculated for: 0_50117
Scores calculated for: 0_50111
Scores calculated for: 0_50102
Scores calculated for: 0_50096
Scores calculated for: 0_50095
Scores calculated for: 0_50092
Scores calculated for: 0_50087
Scores calculated for: 0_50085
Scores calculated for: 0_50083
Scores calculated for: 0_50080
Scores calculated for: 0_50078
Scores calculated for: 0_50076
Scores calculated for: 0_50074
Scores calculated for: 0_50072
Scores calculated for: 0_50067
Scores calculated for: 0_50066
Scores calculated for: 0_50056
Scores calculated for: 0_50047
Scores calculated for: 0_50045
Scores calculated for: 0_50036
Scores calculated for: 0_50035
Scores calculated for: 0_50034
Scores calculated for: 0_50033
Scores calculated for: 0_50032
Scores calculated for: 0_50030
Scores calculated for: 0_50029
Scores calculated for: 0_50028
Scores calculated for: 0_50027
Scores calculated for: 0_50024
Scores calculated for: 0_50021
Scores calculated for: 0_50017
Scores calculated for: 0_50005
Scores calculated for: 0_50003
Scores calculated for: 0_50001
Scores calculated for: 0_49999
Scores calculated for: 0_49994
Scores calculated for: 0_49983
Scores calculated for: 0_49981
Scores calculated for: 0_49980
Scores calculated for: 0_49978
Scores calculated for: 0_49977
Scores calculated for: 0_49976
Scores calculated for: 0_49973
Scores calculated for: 0_49968
Scores calculated for: 0_49963
Scores calculated for: 0_49961
Scores calculated for: 0_49959
Scores calculated for: 0_49958
Scores calculated for: 0_49950
Scores calculated for: 0_49949
Scores calculated for: 0_49942
Scores calculated for: 0_49940
Scores calculated for: 0_49939
Scores calculated for: 0_49938
Scores calculated for: 0_49937
Scores calculated for: 0_49935
Scores calculated for: 0_49929
Scores calculated for: 0_49927
Scores calculated for: 0_49922
Scores calculated for: 0_49906
Scores calculated for: 0_49905
Scores calculated for: 0_49900
Scores calculated for: 0_49892
Scores calculated for: 0_49879
Scores calculated for: 0_49875
Scores calculated for: 0_49874
Scores calculated for: 0_49871
Scores calculated for: 0_49867
Scores calculated for: 0_49862
Scores calculated for: 0_49841
Scores calculated for: 0_49830
Scores calculated for: 0_49827
Scores calculated for: 0_49822
Scores calculated for: 0_49818
Scores calculated for: 0_49816
Scores calculated for: 0_49814
Scores calculated for: 0_49809
Scores calculated for: 0_49805
Scores calculated for: 0_49796
Scores calculated for: 0_49788
Scores calculated for: 0_49786
Scores calculated for: 0_49785
Scores calculated for: 0_49783
Scores calculated for: 0_49781
Scores calculated for: 0_49768
Scores calculated for: 0_49767
Scores calculated for: 0_49763
Scores calculated for: 0_49761
Scores calculated for: 0_49754
Scores calculated for: 0_49747
Scores calculated for: 0_49737
Scores calculated for: 0_49736
Scores calculated for: 0_49734
Scores calculated for: 0_49733
Scores calculated for: 0_49717
Scores calculated for: 0_49713
Scores calculated for: 0_49709
Scores calculated for: 0_49708
Scores calculated for: 0_49707
Scores calculated for: 0_49706
Scores calculated for: 0_49699
Scores calculated for: 0_49697
Scores calculated for: 0_49695
Scores calculated for: 0_49690
Scores calculated for: 0_49689
Scores calculated for: 0_49687
Scores calculated for: 0_49685
Scores calculated for: 0_49673
Scores calculated for: 0_49670
Scores calculated for: 0_49659
Scores calculated for: 0_49657
Scores calculated for: 0_49656
Scores calculated for: 0_49651
Scores calculated for: 0_49650
Scores calculated for: 0_49649
Scores calculated for: 0_49641
Scores calculated for: 0_49629
Scores calculated for: 0_49622
Scores calculated for: 0_49620
Scores calculated for: 0_49611
Scores calculated for: 0_49608
Scores calculated for: 0_49607
Scores calculated for: 0_49601
Scores calculated for: 0_49599
Scores calculated for: 0_49597
Scores calculated for: 0_49591
Scores calculated for: 0_49588
Scores calculated for: 0_49579
Scores calculated for: 0_49578
Scores calculated for: 0_49574
Scores calculated for: 0_49572
Scores calculated for: 0_49569
Scores calculated for: 0_49567
Scores calculated for: 0_49561
Scores calculated for: 0_49557
Scores calculated for: 0_49550
Scores calculated for: 0_49543
Scores calculated for: 0_49541
Scores calculated for: 0_49529
Scores calculated for: 0_49524
Scores calculated for: 0_49523
Scores calculated for: 0_49522
Scores calculated for: 0_49521
Scores calculated for: 0_49516
Scores calculated for: 0_49514
Scores calculated for: 0_49510
Scores calculated for: 0_49508
Scores calculated for: 0_49505
Scores calculated for: 0_49502
Scores calculated for: 0_49500
Scores calculated for: 0_49499
Scores calculated for: 0_49496
Scores calculated for: 0_49495
Scores calculated for: 0_49494
Scores calculated for: 0_49489
Scores calculated for: 0_49481
Scores calculated for: 0_49479
Scores calculated for: 0_49473
Scores calculated for: 0_49469
Scores calculated for: 0_49468
Scores calculated for: 0_49464
Scores calculated for: 0_49463
Scores calculated for: 0_49461
Scores calculated for: 0_49457
Scores calculated for: 0_49453
Scores calculated for: 0_49450
Scores calculated for: 0_49449
Scores calculated for: 0_49446
Scores calculated for: 0_49444
Scores calculated for: 0_49439
Scores calculated for: 0_49435
Scores calculated for: 0_49434
Scores calculated for: 0_49432
Scores calculated for: 0_49424
Scores calculated for: 0_49422
Scores calculated for: 0_49421
Scores calculated for: 0_49420
Scores calculated for: 0_49419
Scores calculated for: 0_49408
Scores calculated for: 0_49406
Scores calculated for: 0_49405
Scores calculated for: 0_49402
Scores calculated for: 0_49399
Scores calculated for: 0_49389
Scores calculated for: 0_49385
Scores calculated for: 0_49384
Scores calculated for: 0_49375
Scores calculated for: 0_49373
Scores calculated for: 0_49363
Scores calculated for: 0_49354
Scores calculated for: 0_49353
Scores calculated for: 0_49351
Scores calculated for: 0_49341
Scores calculated for: 0_49334
Scores calculated for: 0_49333
Scores calculated for: 0_49330
Scores calculated for: 0_49328
Scores calculated for: 0_49327
Scores calculated for: 0_49326
Scores calculated for: 0_49324
Scores calculated for: 0_49323
Scores calculated for: 0_49312
Scores calculated for: 0_49310
Scores calculated for: 0_49308
Scores calculated for: 0_49304
Scores calculated for: 0_49303
Scores calculated for: 0_49295
Scores calculated for: 0_49293
Scores calculated for: 0_49286
Scores calculated for: 0_49283
Scores calculated for: 0_49282
Scores calculated for: 0_49274
Scores calculated for: 0_49273
Scores calculated for: 0_49271
Scores calculated for: 0_49270
Scores calculated for: 0_49260
Scores calculated for: 0_49259
Scores calculated for: 0_49256
Scores calculated for: 0_49254
Scores calculated for: 0_49253
Scores calculated for: 0_49252
Scores calculated for: 0_49250
Scores calculated for: 0_49248
Scores calculated for: 0_49232
Scores calculated for: 0_49225
Scores calculated for: 0_49224
Scores calculated for: 0_49210
Scores calculated for: 0_49207
Scores calculated for: 0_49204
Scores calculated for: 0_49203
Scores calculated for: 0_49200
Scores calculated for: 0_49199
Scores calculated for: 0_49184
Scores calculated for: 0_49174
Scores calculated for: 0_49169
Scores calculated for: 0_49165
Scores calculated for: 0_49158
Scores calculated for: 0_49151
Scores calculated for: 0_49147
Scores calculated for: 0_49143
Scores calculated for: 0_49135
Scores calculated for: 0_49132
Scores calculated for: 0_49131
Scores calculated for: 0_49130
Scores calculated for: 0_49128
Scores calculated for: 0_49102
Scores calculated for: 0_49098
Scores calculated for: 0_49087
Scores calculated for: 0_49077
Scores calculated for: 0_49075
Scores calculated for: 0_49070
Scores calculated for: 0_49066
Scores calculated for: 0_49064
Scores calculated for: 0_49060
Scores calculated for: 0_49055
Scores calculated for: 0_49052
Scores calculated for: 0_49041
Scores calculated for: 0_49033
Scores calculated for: 0_49027
Scores calculated for: 0_49023
Scores calculated for: 0_49018
Scores calculated for: 0_49013
Scores calculated for: 0_49002
Scores calculated for: 0_49000
Scores calculated for: 0_48995
Scores calculated for: 0_48994
Scores calculated for: 0_48990
Scores calculated for: 0_48985
Scores calculated for: 0_48979
Scores calculated for: 0_48976
Scores calculated for: 0_48975
Scores calculated for: 0_48973
Scores calculated for: 0_48965
Scores calculated for: 0_48960
Scores calculated for: 0_48953
Scores calculated for: 0_48948
Scores calculated for: 0_48946
Scores calculated for: 0_48943
Scores calculated for: 0_48942
Scores calculated for: 0_48938
Scores calculated for: 0_48934
Scores calculated for: 0_48931
Scores calculated for: 0_48925
Scores calculated for: 0_48922
Scores calculated for: 0_48910
Scores calculated for: 0_48909
Scores calculated for: 0_48906
Scores calculated for: 0_48902
Scores calculated for: 0_48901
Scores calculated for: 0_48900
Scores calculated for: 0_48884
Scores calculated for: 0_48882
Scores calculated for: 0_48875
Scores calculated for: 0_48867
Scores calculated for: 0_48866
Scores calculated for: 0_48864
Scores calculated for: 0_48862
Scores calculated for: 0_48858
Scores calculated for: 0_48848
Scores calculated for: 0_48841
Scores calculated for: 0_48836
Scores calculated for: 0_48826
Scores calculated for: 0_48815
Scores calculated for: 0_48802
Scores calculated for: 0_48801
Scores calculated for: 0_48797
Scores calculated for: 0_48794
Scores calculated for: 0_48790
Scores calculated for: 0_48789
Scores calculated for: 0_48786
Scores calculated for: 0_48771
Scores calculated for: 0_48770
Scores calculated for: 0_48769
Scores calculated for: 0_48764
Scores calculated for: 0_48759
Scores calculated for: 0_48758
Scores calculated for: 0_48748
Scores calculated for: 0_48744
Scores calculated for: 0_48736
Scores calculated for: 0_48735
Scores calculated for: 0_48732
Scores calculated for: 0_48721
Scores calculated for: 0_48713
Scores calculated for: 0_48712
Scores calculated for: 0_48704
Scores calculated for: 0_48702
Scores calculated for: 0_48701
Scores calculated for: 0_48696
Scores calculated for: 0_48694
Scores calculated for: 0_48689
Scores calculated for: 0_48688
Scores calculated for: 0_48687
Scores calculated for: 0_48685
Scores calculated for: 0_48675
Scores calculated for: 0_48668
Scores calculated for: 0_48666
Scores calculated for: 0_48664
Scores calculated for: 0_48656
Scores calculated for: 0_48652
Scores calculated for: 0_48651
Scores calculated for: 0_48637
Scores calculated for: 0_48634
Scores calculated for: 0_48632
Scores calculated for: 0_48629
Scores calculated for: 0_48621
Scores calculated for: 0_48620
Scores calculated for: 0_48617
Scores calculated for: 0_48611
Scores calculated for: 0_48609
Scores calculated for: 0_48605
Scores calculated for: 0_48595
Scores calculated for: 0_48592
Scores calculated for: 0_48590
Scores calculated for: 0_48581
Scores calculated for: 0_48571
Scores calculated for: 0_48561
Scores calculated for: 0_48554
Scores calculated for: 0_48550
Scores calculated for: 0_48547
Scores calculated for: 0_48546
Scores calculated for: 0_48545
Scores calculated for: 0_48543
Scores calculated for: 0_48535
Scores calculated for: 0_48528
Scores calculated for: 0_48525
Scores calculated for: 0_48524
Scores calculated for: 0_48517
Scores calculated for: 0_48503
Scores calculated for: 0_48502
Scores calculated for: 0_48486
Scores calculated for: 0_48485
Scores calculated for: 0_48483
Scores calculated for: 0_48481
Scores calculated for: 0_48479
Scores calculated for: 0_48477
Scores calculated for: 0_48476
Scores calculated for: 0_48475
Scores calculated for: 0_48469
Scores calculated for: 0_48461
Scores calculated for: 0_48459
Scores calculated for: 0_48458
Scores calculated for: 0_48453
Scores calculated for: 0_48452
Scores calculated for: 0_48445
Scores calculated for: 0_48441
Scores calculated for: 0_48439
Scores calculated for: 0_48438
Scores calculated for: 0_48429
Scores calculated for: 0_48424
Scores calculated for: 0_48422
Scores calculated for: 0_48421
Scores calculated for: 0_48411
Scores calculated for: 0_48408
Scores calculated for: 0_48403
Scores calculated for: 0_48402
Scores calculated for: 0_48401
Scores calculated for: 0_48398
Scores calculated for: 0_48392
Scores calculated for: 0_48391
Scores calculated for: 0_48387
Scores calculated for: 0_48382
Scores calculated for: 0_48379
Scores calculated for: 0_48377
Scores calculated for: 0_48372
Scores calculated for: 0_48368
Scores calculated for: 0_48366
Scores calculated for: 0_48361
Scores calculated for: 0_48359
Scores calculated for: 0_48352
Scores calculated for: 0_48351
Scores calculated for: 0_48346
Scores calculated for: 0_48345
Scores calculated for: 0_48344
Scores calculated for: 0_48343
Scores calculated for: 0_48334
Scores calculated for: 0_48330
Scores calculated for: 0_48326
Scores calculated for: 0_48320
Scores calculated for: 0_48319
Scores calculated for: 0_48318
Scores calculated for: 0_48313
Scores calculated for: 0_48307
Scores calculated for: 0_48304
Scores calculated for: 0_48301
Scores calculated for: 0_48292
Scores calculated for: 0_48291
Scores calculated for: 0_48289
Scores calculated for: 0_48281
Scores calculated for: 0_48279
Scores calculated for: 0_48278
Scores calculated for: 0_48277
Scores calculated for: 0_48276
Scores calculated for: 0_48256
Scores calculated for: 0_48255
Scores calculated for: 0_48248
Scores calculated for: 0_48245
Scores calculated for: 0_48243
Scores calculated for: 0_48242
Scores calculated for: 0_48240
Scores calculated for: 0_48239
Scores calculated for: 0_48236
Scores calculated for: 0_48225
Scores calculated for: 0_48219
Scores calculated for: 0_48209
Scores calculated for: 0_48205
Scores calculated for: 0_48204
Scores calculated for: 0_48196
Scores calculated for: 0_48195
Scores calculated for: 0_48190
Scores calculated for: 0_48186
Scores calculated for: 0_48185
Scores calculated for: 0_48173
Scores calculated for: 0_48172
Scores calculated for: 0_48169
Scores calculated for: 0_48164
Scores calculated for: 0_48156
Scores calculated for: 0_48149
Scores calculated for: 0_48135
Scores calculated for: 0_48119
Scores calculated for: 0_48118
Scores calculated for: 0_48113
Scores calculated for: 0_48105
Scores calculated for: 0_48098
Scores calculated for: 0_48096
Scores calculated for: 0_48094
Scores calculated for: 0_48090
Scores calculated for: 0_48089
Scores calculated for: 0_48080
Scores calculated for: 0_48079
Scores calculated for: 0_48076
Scores calculated for: 0_48075
Scores calculated for: 0_48074
Scores calculated for: 0_48072
Scores calculated for: 0_48060
Scores calculated for: 0_48059
Scores calculated for: 0_48058
Scores calculated for: 0_48056
Scores calculated for: 0_48052
Scores calculated for: 0_48051
Scores calculated for: 0_48050
Scores calculated for: 0_48049
Scores calculated for: 0_48046
Scores calculated for: 0_48038
Scores calculated for: 0_48035
Scores calculated for: 0_48020
Scores calculated for: 0_48016
Scores calculated for: 0_48013
Scores calculated for: 0_48011
Scores calculated for: 0_48006
Scores calculated for: 0_48000
Scores calculated for: 0_47999
Scores calculated for: 0_47991
Scores calculated for: 0_47989
Scores calculated for: 0_47976
Scores calculated for: 0_47962
Scores calculated for: 0_47956
Scores calculated for: 0_47954
Scores calculated for: 0_47945
Scores calculated for: 0_47941
Scores calculated for: 0_47938
Scores calculated for: 0_47937
Scores calculated for: 0_47936
Scores calculated for: 0_47930
Scores calculated for: 0_47917
Scores calculated for: 0_47914
Scores calculated for: 0_47911
Scores calculated for: 0_47909
Scores calculated for: 0_47907
Scores calculated for: 0_47906
Scores calculated for: 0_47904
Scores calculated for: 0_47903
Scores calculated for: 0_47887
Scores calculated for: 0_47882
Scores calculated for: 0_47881
Scores calculated for: 0_47868
Scores calculated for: 0_47860
Scores calculated for: 0_47859
Scores calculated for: 0_47858
Scores calculated for: 0_47853
Scores calculated for: 0_47849
Scores calculated for: 0_47835
Scores calculated for: 0_47833
Scores calculated for: 0_47832
Scores calculated for: 0_47817
Scores calculated for: 0_47814
Scores calculated for: 0_47811
Scores calculated for: 0_47803
Scores calculated for: 0_47795
Scores calculated for: 0_47792
Scores calculated for: 0_47790
Scores calculated for: 0_47784
Scores calculated for: 0_47775
Scores calculated for: 0_47772
Scores calculated for: 0_47769
Scores calculated for: 0_47763
Scores calculated for: 0_47759
Scores calculated for: 0_47750
Scores calculated for: 0_47743
Scores calculated for: 0_47740
Scores calculated for: 0_47739
Scores calculated for: 0_47724
Scores calculated for: 0_47710
Scores calculated for: 0_47706
Scores calculated for: 0_47704
Scores calculated for: 0_47703
Scores calculated for: 0_47700
Scores calculated for: 0_47680
Scores calculated for: 0_47678
Scores calculated for: 0_47677
Scores calculated for: 0_47666
Scores calculated for: 0_47657
Scores calculated for: 0_47656
Scores calculated for: 0_47645
Scores calculated for: 0_47643
Scores calculated for: 0_47628
Scores calculated for: 0_47627
Scores calculated for: 0_47626
Scores calculated for: 0_47624
Scores calculated for: 0_47618
Scores calculated for: 0_47617
Scores calculated for: 0_47615
Scores calculated for: 0_47614
Scores calculated for: 0_47612
Scores calculated for: 0_47611
Scores calculated for: 0_47608
Scores calculated for: 0_47601
Scores calculated for: 0_47600
Scores calculated for: 0_47593
Scores calculated for: 0_47588
Scores calculated for: 0_47586
Scores calculated for: 0_47572
Scores calculated for: 0_47570
Scores calculated for: 0_47562
Scores calculated for: 0_47561
Scores calculated for: 0_47554
Scores calculated for: 0_47553
Scores calculated for: 0_47549
Scores calculated for: 0_47542
Scores calculated for: 0_47540
Scores calculated for: 0_47538
Scores calculated for: 0_47535
Scores calculated for: 0_47501
Scores calculated for: 0_47470
Scores calculated for: 0_47469
Scores calculated for: 0_47456
Scores calculated for: 0_47451
Scores calculated for: 0_47449
Scores calculated for: 0_47443
Scores calculated for: 0_47441
Scores calculated for: 0_47440
Scores calculated for: 0_47435
Scores calculated for: 0_47433
Scores calculated for: 0_47421
Scores calculated for: 0_47418
Scores calculated for: 0_47417
Scores calculated for: 0_47415
Scores calculated for: 0_47414
Scores calculated for: 0_47413
Scores calculated for: 0_47407
Scores calculated for: 0_47406
Scores calculated for: 0_47404
Scores calculated for: 0_47400
Scores calculated for: 0_47390
Scores calculated for: 0_47388
Scores calculated for: 0_47387
Scores calculated for: 0_47382
Scores calculated for: 0_47377
Scores calculated for: 0_47375
Scores calculated for: 0_47373
Scores calculated for: 0_47369
Scores calculated for: 0_47367
Scores calculated for: 0_47363
Scores calculated for: 0_47362
Scores calculated for: 0_47361
Scores calculated for: 0_47346
Scores calculated for: 0_47343
Scores calculated for: 0_47338
Scores calculated for: 0_47337
Scores calculated for: 0_47335
Scores calculated for: 0_47323
Scores calculated for: 0_47297
Scores calculated for: 0_47291
Scores calculated for: 0_47272
Scores calculated for: 0_47267
Scores calculated for: 0_47258
Scores calculated for: 0_47244
Scores calculated for: 0_47233
Scores calculated for: 0_47228
Scores calculated for: 0_47216
Scores calculated for: 0_47213
Scores calculated for: 0_47207
Scores calculated for: 0_47206
Scores calculated for: 0_47205
Scores calculated for: 0_47203
Scores calculated for: 0_47202
Scores calculated for: 0_47198
Scores calculated for: 0_47195
Scores calculated for: 0_47190
Scores calculated for: 0_47185
Scores calculated for: 0_47182
Scores calculated for: 0_47173
Scores calculated for: 0_47152
Scores calculated for: 0_47141
Scores calculated for: 0_47140
Scores calculated for: 0_47134
Scores calculated for: 0_47131
Scores calculated for: 0_47126
Scores calculated for: 0_47123
Scores calculated for: 0_47122
Scores calculated for: 0_47114
Scores calculated for: 0_47113
Scores calculated for: 0_47112
Scores calculated for: 0_47096
Scores calculated for: 0_47090
Scores calculated for: 0_47084
Scores calculated for: 0_47072
Scores calculated for: 0_47071
Scores calculated for: 0_47064
Scores calculated for: 0_47062
Scores calculated for: 0_47060
Scores calculated for: 0_47059
Scores calculated for: 0_47057
Scores calculated for: 0_47055
Scores calculated for: 0_47053
Scores calculated for: 0_47048
Scores calculated for: 0_47047
Scores calculated for: 0_47045
Scores calculated for: 0_47040
Scores calculated for: 0_47037
Scores calculated for: 0_47024
Scores calculated for: 0_47020
Scores calculated for: 0_47007
Scores calculated for: 0_47006
Scores calculated for: 0_47003
Scores calculated for: 0_46995
Scores calculated for: 0_46983
Scores calculated for: 0_46973
Scores calculated for: 0_46968
Scores calculated for: 0_46959
Scores calculated for: 0_46952
Scores calculated for: 0_46945
Scores calculated for: 0_46937
Scores calculated for: 0_46935
Scores calculated for: 0_46934
Scores calculated for: 0_46926
Scores calculated for: 0_46906
Scores calculated for: 0_46892
Scores calculated for: 0_46889
Scores calculated for: 0_46885
Scores calculated for: 0_46884
Scores calculated for: 0_46883
Scores calculated for: 0_46882
Scores calculated for: 0_46876
Scores calculated for: 0_46870
Scores calculated for: 0_46867
Scores calculated for: 0_46855
Scores calculated for: 0_46854
Scores calculated for: 0_46853
Scores calculated for: 0_46852
Scores calculated for: 0_46845
Scores calculated for: 0_46841
Scores calculated for: 0_46834
Scores calculated for: 0_46833
Scores calculated for: 0_46828
Scores calculated for: 0_46826
Scores calculated for: 0_46822
Scores calculated for: 0_46820
Scores calculated for: 0_46810
Scores calculated for: 0_46804
Scores calculated for: 0_46803
Scores calculated for: 0_46788
Scores calculated for: 0_46785
Scores calculated for: 0_46784
Scores calculated for: 0_46779
Scores calculated for: 0_46770
Scores calculated for: 0_46764
Scores calculated for: 0_46758
Scores calculated for: 0_46741
Scores calculated for: 0_46737
Scores calculated for: 0_46734
Scores calculated for: 0_46733
Scores calculated for: 0_46731
Scores calculated for: 0_46724
Scores calculated for: 0_46716
Scores calculated for: 0_46713
Scores calculated for: 0_46712
Scores calculated for: 0_46710
Scores calculated for: 0_46707
Scores calculated for: 0_46705
Scores calculated for: 0_46702
Scores calculated for: 0_46695
Scores calculated for: 0_46693
Scores calculated for: 0_46692
Scores calculated for: 0_46689
Scores calculated for: 0_46687
Scores calculated for: 0_46686
Scores calculated for: 0_46685
Scores calculated for: 0_46682
Scores calculated for: 0_46680
Scores calculated for: 0_46677
Scores calculated for: 0_46675
Scores calculated for: 0_46669
Scores calculated for: 0_46667
Scores calculated for: 0_46660
Scores calculated for: 0_46654
Scores calculated for: 0_46647
Scores calculated for: 0_46636
Scores calculated for: 0_46631
Scores calculated for: 0_46628
Scores calculated for: 0_46625
Scores calculated for: 0_46624
Scores calculated for: 0_46622
Scores calculated for: 0_46621
Scores calculated for: 0_46608
Scores calculated for: 0_46606
Scores calculated for: 0_46601
Scores calculated for: 0_46591
Scores calculated for: 0_46588
Scores calculated for: 0_46578
Scores calculated for: 0_46577
Scores calculated for: 0_46574
Scores calculated for: 0_46572
Scores calculated for: 0_46569
Scores calculated for: 0_46567
Scores calculated for: 0_46559
Scores calculated for: 0_46557
Scores calculated for: 0_46556
Scores calculated for: 0_46547
Scores calculated for: 0_46544
Scores calculated for: 0_46542
Scores calculated for: 0_46540
Scores calculated for: 0_46532
Scores calculated for: 0_46529
Scores calculated for: 0_46527
Scores calculated for: 0_46526
Scores calculated for: 0_46520
Scores calculated for: 0_46514
Scores calculated for: 0_46507
Scores calculated for: 0_46506
Scores calculated for: 0_46504
Scores calculated for: 0_46502
Scores calculated for: 0_46500
Scores calculated for: 0_46499
Scores calculated for: 0_46491
Scores calculated for: 0_46480
Scores calculated for: 0_46475
Scores calculated for: 0_46470
Scores calculated for: 0_46465
Scores calculated for: 0_46463
Scores calculated for: 0_46462
Scores calculated for: 0_46460
Scores calculated for: 0_46455
Scores calculated for: 0_46446
Scores calculated for: 0_46445
Scores calculated for: 0_46443
Scores calculated for: 0_46437
Scores calculated for: 0_46436
Scores calculated for: 0_46432
Scores calculated for: 0_46415
Scores calculated for: 0_46413
Scores calculated for: 0_46411
Scores calculated for: 0_46405
Scores calculated for: 0_46404
Scores calculated for: 0_46398
Scores calculated for: 0_46393
Scores calculated for: 0_46392
Scores calculated for: 0_46391
Scores calculated for: 0_46390
Scores calculated for: 0_46389
Scores calculated for: 0_46379
Scores calculated for: 0_46371
Scores calculated for: 0_46363
Scores calculated for: 0_46359
Scores calculated for: 0_46350
Scores calculated for: 0_46349
Scores calculated for: 0_46347
Scores calculated for: 0_46341
Scores calculated for: 0_46302
Scores calculated for: 0_46301
Scores calculated for: 0_46297
Scores calculated for: 0_46295
Scores calculated for: 0_46292
Scores calculated for: 0_46288
Scores calculated for: 0_46285
Scores calculated for: 0_46277
Scores calculated for: 0_46263
Scores calculated for: 0_46257
Scores calculated for: 0_46255
Scores calculated for: 0_46247
Scores calculated for: 0_46244
Scores calculated for: 0_46239
Scores calculated for: 0_46234
Scores calculated for: 0_46232
Scores calculated for: 0_46229
Scores calculated for: 0_46221
Scores calculated for: 0_46220
Scores calculated for: 0_46218
Scores calculated for: 0_46209
Scores calculated for: 0_46208
Scores calculated for: 0_46207
Scores calculated for: 0_46198
Scores calculated for: 0_46196
Scores calculated for: 0_46195
Scores calculated for: 0_46185
Scores calculated for: 0_46184
Scores calculated for: 0_46182
Scores calculated for: 0_46181
Scores calculated for: 0_46179
Scores calculated for: 0_46176
Scores calculated for: 0_46162
Scores calculated for: 0_46155
Scores calculated for: 0_46154
Scores calculated for: 0_46152
Scores calculated for: 0_46151
Scores calculated for: 0_46150
Scores calculated for: 0_46149
Scores calculated for: 0_46148
Scores calculated for: 0_46147
Scores calculated for: 0_46145
Scores calculated for: 0_46137
Scores calculated for: 0_46135
Scores calculated for: 0_46132
Scores calculated for: 0_46130
Scores calculated for: 0_46128
Scores calculated for: 0_46124
Scores calculated for: 0_46118
Scores calculated for: 0_46115
Scores calculated for: 0_46114
Scores calculated for: 0_46113
Scores calculated for: 0_46103
Scores calculated for: 0_46100
Scores calculated for: 0_46099
Scores calculated for: 0_46096
Scores calculated for: 0_46091
Scores calculated for: 0_46082
Scores calculated for: 0_46081
Scores calculated for: 0_46079
Scores calculated for: 0_46076
Scores calculated for: 0_46075
Scores calculated for: 0_46073
Scores calculated for: 0_46072
Scores calculated for: 0_46071
Scores calculated for: 0_46070
Scores calculated for: 0_46069
Scores calculated for: 0_46066
Scores calculated for: 0_46065
Scores calculated for: 0_46053
Scores calculated for: 0_46044
Scores calculated for: 0_46032
Scores calculated for: 0_46028
Scores calculated for: 0_46023
Scores calculated for: 0_46022
Scores calculated for: 0_46021
Scores calculated for: 0_46013
Scores calculated for: 0_46006
Scores calculated for: 0_45994
Scores calculated for: 0_45988
Scores calculated for: 0_45984
Scores calculated for: 0_45983
Scores calculated for: 0_45960
Scores calculated for: 0_45959
Scores calculated for: 0_45949
Scores calculated for: 0_45939
Scores calculated for: 0_45937
Scores calculated for: 0_45930
Scores calculated for: 0_45929
Scores calculated for: 0_45922
Scores calculated for: 0_45920
Scores calculated for: 0_45919
Scores calculated for: 0_45913
Scores calculated for: 0_45901
Scores calculated for: 0_45899
Scores calculated for: 0_45893
Scores calculated for: 0_45890
Scores calculated for: 0_45889
Scores calculated for: 0_45888
Scores calculated for: 0_45880
Scores calculated for: 0_45879
Scores calculated for: 0_45868
Scores calculated for: 0_45866
Scores calculated for: 0_45861
Scores calculated for: 0_45854
Scores calculated for: 0_45852
Scores calculated for: 0_45847
Scores calculated for: 0_45846
Scores calculated for: 0_45844
Scores calculated for: 0_45841
Scores calculated for: 0_45838
Scores calculated for: 0_45826
Scores calculated for: 0_45823
Scores calculated for: 0_45822
Scores calculated for: 0_45821
Scores calculated for: 0_45816
Scores calculated for: 0_45815
Scores calculated for: 0_45812
Scores calculated for: 0_45809
Scores calculated for: 0_45805
Scores calculated for: 0_45804
Scores calculated for: 0_45803
Scores calculated for: 0_45801
Scores calculated for: 0_45800
Scores calculated for: 0_45799
Scores calculated for: 0_45797
Scores calculated for: 0_45795
Scores calculated for: 0_45794
Scores calculated for: 0_45793
Scores calculated for: 0_45791
Scores calculated for: 0_45781
Scores calculated for: 0_45777
Scores calculated for: 0_45775
Scores calculated for: 0_45767
Scores calculated for: 0_45766
Scores calculated for: 0_45761
Scores calculated for: 0_45760
Scores calculated for: 0_45758
Scores calculated for: 0_45757
Scores calculated for: 0_45750
Scores calculated for: 0_45746
Scores calculated for: 0_45742
Scores calculated for: 0_45736
Scores calculated for: 0_45725
Scores calculated for: 0_45713
Scores calculated for: 0_45712
Scores calculated for: 0_45710
Scores calculated for: 0_45709
Scores calculated for: 0_45703
Scores calculated for: 0_45702
Scores calculated for: 0_45694
Scores calculated for: 0_45693
Scores calculated for: 0_45690
Scores calculated for: 0_45687
Scores calculated for: 0_45683
Scores calculated for: 0_45682
Scores calculated for: 0_45681
Scores calculated for: 0_45668
Scores calculated for: 0_45666
Scores calculated for: 0_45658
Scores calculated for: 0_45646
Scores calculated for: 0_45644
Scores calculated for: 0_45641
Scores calculated for: 0_45640
Scores calculated for: 0_45639
Scores calculated for: 0_45638
Scores calculated for: 0_45637
Scores calculated for: 0_45635
Scores calculated for: 0_45634
Scores calculated for: 0_45610
Scores calculated for: 0_45608
Scores calculated for: 0_45607
Scores calculated for: 0_45605
Scores calculated for: 0_45601
Scores calculated for: 0_45600
Scores calculated for: 0_45598
Scores calculated for: 0_45590
Scores calculated for: 0_45587
Scores calculated for: 0_45585
Scores calculated for: 0_45573
Scores calculated for: 0_45571
Scores calculated for: 0_45568
Scores calculated for: 0_45566
Scores calculated for: 0_45561
Scores calculated for: 0_45560
Scores calculated for: 0_45554
Scores calculated for: 0_45551
Scores calculated for: 0_45547
Scores calculated for: 0_45542
Scores calculated for: 0_45535
Scores calculated for: 0_45524
Scores calculated for: 0_45519
Scores calculated for: 0_45516
Scores calculated for: 0_45510
Scores calculated for: 0_45517
Scores calculated for: 0_45509
Scores calculated for: 0_45506
Scores calculated for: 0_45505
Scores calculated for: 0_45503
Scores calculated for: 0_45499
Scores calculated for: 0_45496
Scores calculated for: 0_45493
Scores calculated for: 0_45489
Scores calculated for: 0_45483
Scores calculated for: 0_45480
Scores calculated for: 0_45479
Scores calculated for: 0_45467
Scores calculated for: 0_45447
Scores calculated for: 0_45443
Scores calculated for: 0_45434
Scores calculated for: 0_45430
Scores calculated for: 0_45429
Scores calculated for: 0_45428
Scores calculated for: 0_45421
Scores calculated for: 0_45418
Scores calculated for: 0_45417
Scores calculated for: 0_45416
Scores calculated for: 0_45409
Scores calculated for: 0_45408
Scores calculated for: 0_45407
Scores calculated for: 0_45406
Scores calculated for: 0_45401
Scores calculated for: 0_45398
Scores calculated for: 0_45392
Scores calculated for: 0_45390
Scores calculated for: 0_45389
Scores calculated for: 0_45384
Scores calculated for: 0_45371
Scores calculated for: 0_45364
Scores calculated for: 0_45363
Scores calculated for: 0_45357
Scores calculated for: 0_45350
Scores calculated for: 0_45349
Scores calculated for: 0_45343
Scores calculated for: 0_45341
Scores calculated for: 0_45340
Scores calculated for: 0_45339
Scores calculated for: 0_45331
Scores calculated for: 0_45323
Scores calculated for: 0_45321
Scores calculated for: 0_45316
Scores calculated for: 0_45311
Scores calculated for: 0_45307
Scores calculated for: 0_45299
Scores calculated for: 0_45296
Scores calculated for: 0_45292
Scores calculated for: 0_45291
Scores calculated for: 0_45289
Scores calculated for: 0_45287
Scores calculated for: 0_45283
Scores calculated for: 0_45274
Scores calculated for: 0_45273
Scores calculated for: 0_45270
Scores calculated for: 0_45269
Scores calculated for: 0_45267
Scores calculated for: 0_45263
Scores calculated for: 0_45261
Scores calculated for: 0_45254
Scores calculated for: 0_45253
Scores calculated for: 0_45248
Scores calculated for: 0_45239
Scores calculated for: 0_45238
Scores calculated for: 0_45234
Scores calculated for: 0_45232
Scores calculated for: 0_45228
Scores calculated for: 0_45227
Scores calculated for: 0_45225
Scores calculated for: 0_45220
Scores calculated for: 0_45215
Scores calculated for: 0_45202
Scores calculated for: 0_45199
Scores calculated for: 0_45197
Scores calculated for: 0_45193
Scores calculated for: 0_45183
Scores calculated for: 0_45182
Scores calculated for: 0_45176
Scores calculated for: 0_45175
Scores calculated for: 0_45170
Scores calculated for: 0_45167
Scores calculated for: 0_45165
Scores calculated for: 0_45162
Scores calculated for: 0_45158
Scores calculated for: 0_45152
Scores calculated for: 0_45146
Scores calculated for: 0_45139
Scores calculated for: 0_45133
Scores calculated for: 0_45132
Scores calculated for: 0_45131
Scores calculated for: 0_45130
Scores calculated for: 0_45128
Scores calculated for: 0_45121
Scores calculated for: 0_45117
Scores calculated for: 0_45114
Scores calculated for: 0_45113
Scores calculated for: 0_45108
Scores calculated for: 0_45107
Scores calculated for: 0_45105
Scores calculated for: 0_45093
Scores calculated for: 0_45092
Scores calculated for: 0_45088
Scores calculated for: 0_45087
Scores calculated for: 0_45084
Scores calculated for: 0_45079
Scores calculated for: 0_45076
Scores calculated for: 0_45069
Scores calculated for: 0_45062
Scores calculated for: 0_45057
Scores calculated for: 0_45055
Scores calculated for: 0_45054
Scores calculated for: 0_45050
Scores calculated for: 0_45049
Scores calculated for: 0_45046
Scores calculated for: 0_45045
Scores calculated for: 0_45040
Scores calculated for: 0_45039
Scores calculated for: 0_45038
Scores calculated for: 0_45037
Scores calculated for: 0_45034
Scores calculated for: 0_45031
Scores calculated for: 0_45028
Scores calculated for: 0_45026
Scores calculated for: 0_45023
Scores calculated for: 0_45017
Scores calculated for: 0_45014
Scores calculated for: 0_45011
Scores calculated for: 0_45010
Scores calculated for: 0_45008
Scores calculated for: 0_45007
Scores calculated for: 0_45006
Scores calculated for: 0_45003
Scores calculated for: 0_45002
Scores calculated for: 0_45001
Scores calculated for: 0_44997
Scores calculated for: 0_44989
Scores calculated for: 0_44986
Scores calculated for: 0_44982
Scores calculated for: 0_44978
Scores calculated for: 0_44975
Scores calculated for: 0_44974
Scores calculated for: 0_44972
Scores calculated for: 0_44968
Scores calculated for: 0_44964
Scores calculated for: 0_44960
Scores calculated for: 0_44957
Scores calculated for: 0_44955
Scores calculated for: 0_44952
Scores calculated for: 0_44948
Scores calculated for: 0_44940
Scores calculated for: 0_44939
Scores calculated for: 0_44936
Scores calculated for: 0_44933
Scores calculated for: 0_44930
Scores calculated for: 0_44926
Scores calculated for: 0_44924
Scores calculated for: 0_44923
Scores calculated for: 0_44921
Scores calculated for: 0_44919
Scores calculated for: 0_44918
Scores calculated for: 0_44917
Scores calculated for: 0_44912
Scores calculated for: 0_44906
Scores calculated for: 0_44901
Scores calculated for: 0_44899
Scores calculated for: 0_44895
Scores calculated for: 0_44891
Scores calculated for: 0_44886
Scores calculated for: 0_44881
Scores calculated for: 0_44880
Scores calculated for: 0_44879
Scores calculated for: 0_44877
Scores calculated for: 0_44876
Scores calculated for: 0_44875
Scores calculated for: 0_44867
Scores calculated for: 0_44863
Scores calculated for: 0_44861
Scores calculated for: 0_44855
Scores calculated for: 0_44853
Scores calculated for: 0_44852
Scores calculated for: 0_44848
Scores calculated for: 0_44846
Scores calculated for: 0_44842
Scores calculated for: 0_44839
Scores calculated for: 0_44837
Scores calculated for: 0_44829
Scores calculated for: 0_44828
Scores calculated for: 0_44814
Scores calculated for: 0_44813
Scores calculated for: 0_44809
Scores calculated for: 0_44808
Scores calculated for: 0_44802
Scores calculated for: 0_44801
Scores calculated for: 0_44792
Scores calculated for: 0_44791
Scores calculated for: 0_44787
Scores calculated for: 0_44778
Scores calculated for: 0_44762
Scores calculated for: 0_44738
Scores calculated for: 0_44737
Scores calculated for: 0_44729
Scores calculated for: 0_44721
Scores calculated for: 0_44711
Scores calculated for: 0_44667
Scores calculated for: 0_44624
Scores calculated for: 0_44594
Scores calculated for: 0_44590
Scores calculated for: 0_44571
Scores calculated for: 0_44553
Scores calculated for: 0_44550
Scores calculated for: 0_44549
Scores calculated for: 0_44533
Scores calculated for: 0_44460
Scores calculated for: 0_44453
Scores calculated for: 0_44416
Scores calculated for: 0_44400
Scores calculated for: 0_44395
Scores calculated for: 0_44351
Scores calculated for: 0_44348
Scores calculated for: 0_44341
Scores calculated for: 0_44325
Scores calculated for: 0_44320
Scores calculated for: 0_44317
Scores calculated for: 0_44314
Scores calculated for: 0_44313
Scores calculated for: 0_44292
Scores calculated for: 0_44289
Scores calculated for: 0_44281
Scores calculated for: 0_44273
Scores calculated for: 0_44264
Scores calculated for: 0_44263
Scores calculated for: 0_44260
Scores calculated for: 0_44252
Scores calculated for: 0_44242
Scores calculated for: 0_44239
Scores calculated for: 0_44226
Scores calculated for: 0_44225
Scores calculated for: 0_44218
Scores calculated for: 0_44183
Scores calculated for: 0_44182
Scores calculated for: 0_44181
Scores calculated for: 0_44169
Scores calculated for: 0_44165
Scores calculated for: 0_44164
Scores calculated for: 0_44075
Scores calculated for: 0_44073
Scores calculated for: 0_44068
Scores calculated for: 0_44041
Scores calculated for: 0_44035
Scores calculated for: 0_44026
Scores calculated for: 0_44024
Scores calculated for: 0_44005
Scores calculated for: 0_43996
Scores calculated for: 0_43982
Scores calculated for: 0_43976
Scores calculated for: 0_43973
Scores calculated for: 0_43966
Scores calculated for: 0_43953
Scores calculated for: 0_43937
Scores calculated for: 0_43928
Scores calculated for: 0_43922
Scores calculated for: 0_43906
Scores calculated for: 0_43773
Scores calculated for: 0_43733
Scores calculated for: 0_43721
Scores calculated for: 0_43682
Scores calculated for: 0_43664
Scores calculated for: 0_43617
Scores calculated for: 0_43609
Scores calculated for: 0_43602
Scores calculated for: 0_43601
Scores calculated for: 0_43590
Scores calculated for: 0_43582
Scores calculated for: 0_43469
Scores calculated for: 0_43403
Scores calculated for: 0_43385
Scores calculated for: 0_43357
Scores calculated for: 0_43332
Scores calculated for: 0_43312
Scores calculated for: 0_43235
Scores calculated for: 0_43231
Scores calculated for: 0_43059
Scores calculated for: 0_43056
Scores calculated for: 0_42922
Scores calculated for: 0_42918
Scores calculated for: 0_42873
Scores calculated for: 0_42849
Scores calculated for: 0_42784
Scores calculated for: 0_42759
Scores calculated for: 0_42701
Scores calculated for: 0_42661
Scores calculated for: 0_42637
Scores calculated for: 0_42531
Scores calculated for: 0_42424
Scores calculated for: 0_42336
Scores calculated for: 0_42271
Scores calculated for: 0_42248
Scores calculated for: 0_41976
Scores calculated for: 0_41855
Scores calculated for: 0_41830
Scores calculated for: 0_41661
Scores calculated for: 0_41651
Scores calculated for: 0_41650
Scores calculated for: 0_41520
Scores calculated for: 0_41498
Scores calculated for: 0_41250
Scores calculated for: 0_41195
Scores calculated for: 0_41176
Scores calculated for: 0_40827
Scores calculated for: 0_40821
Scores calculated for: 0_40230
Scores calculated for: 0_40200
Scores calculated for: 0_40109
Scores calculated for: 0_39921
Scores calculated for: 0_39230
Scores calculated for: 0_38698
Scores calculated for: 0_38080
Scores calculated for: 0_37793
Scores calculated for: 0_37779
Scores calculated for: 0_37631
Scores calculated for: 0_37524
Scores calculated for: 0_37270
Scores calculated for: 0_36737
Scores calculated for: 0_36628
Scores calculated for: 0_35811
Scores calculated for: 0_35409
Scores calculated for: 0_34443
Scores calculated for: 0_33284
Scores calculated for: 0_33179
Scores calculated for: 0_33155
Scores calculated for: 0_33022
Scores calculated for: 0_32947
Scores calculated for: 0_31680
Scores calculated for: 0_31445
Scores calculated for: 0_30846
Scores calculated for: 0_29374
Scores calculated for: 0_29210
Scores calculated for: 0_29087
Scores calculated for: 0_28877
Scores calculated for: 0_28798
Scores calculated for: 0_28322
Scores calculated for: 0_28001
Scores calculated for: 0_27659
Scores calculated for: 0_27584
Scores calculated for: 0_27273
Scores calculated for: 0_26999
Scores calculated for: 0_26726
Scores calculated for: 0_26457
Scores calculated for: 0_26420
Scores calculated for: 0_26366
Scores calculated for: 0_26045
Scores calculated for: 0_26006
Scores calculated for: 0_25088
Scores calculated for: 0_24573
Scores calculated for: 0_24390
Scores calculated for: 0_24301
Scores calculated for: 0_23536
Scores calculated for: 0_23261
Scores calculated for: 0_21951
Scores calculated for: 0_21307
Scores calculated for: 0_21224
Scores calculated for: 0_20911
Scores calculated for: 0_19517
Scores calculated for: 0_19318
Scores calculated for: 0_19084
Scores calculated for: 0_18667
Scores calculated for: 0_18073
Scores calculated for: 0_17621
Scores calculated for: 0_17565
Scores calculated for: 0_17091
Scores calculated for: 0_15079
Scores calculated for: 0_13496
Scores calculated for: 0_8679

---------------------------------------------------------------------------
alpha= 0.1 beta= 0.1 gamma= 0.8
---------------------------------------------------------------------------
                         Top1          Top3            Top5
Combined Accuracy         0.9179784589892295          0.9312344656172328         0.9357912178956089
AutoBA MRR: 0.9279751156156971

---------------------------------------------------------------------------
alpha= 0.1 beta= 0.2 gamma= 0.7
---------------------------------------------------------------------------
                         Top1          Top3            Top5
Combined Accuracy         0.9188069594034797          0.932062966031483         0.9357912178956089
AutoBA MRR: 0.928904626895436

---------------------------------------------------------------------------
alpha= 0.1 beta= 0.3 gamma= 0.6
---------------------------------------------------------------------------
                         Top1          Top3            Top5
Combined Accuracy         0.920049710024855          0.9333057166528583         0.9378624689312345
AutoBA MRR: 0.9297390323723526

---------------------------------------------------------------------------
alpha= 0.1 beta= 0.4 gamma= 0.5
---------------------------------------------------------------------------
                         Top1          Top3            Top5
Combined Accuracy         0.9212924606462303          0.9337199668599834         0.9391052195526097
AutoBA MRR: 0.9304690254878311

---------------------------------------------------------------------------
alpha= 0.1 beta= 0.5 gamma= 0.4
---------------------------------------------------------------------------
                         Top1          Top3            Top5
Combined Accuracy         0.9192212096106048          0.9345484672742337         0.9395194697597349
AutoBA MRR: 0.9295659039326567

---------------------------------------------------------------------------
alpha= 0.1 beta= 0.6 gamma= 0.3
---------------------------------------------------------------------------
                         Top1          Top3            Top5
Combined Accuracy         0.9188069594034797          0.9349627174813587         0.9386909693454847
AutoBA MRR: 0.9295204262156607

---------------------------------------------------------------------------
alpha= 0.1 beta= 0.7 gamma= 0.2
---------------------------------------------------------------------------
                         Top1          Top3            Top5
Combined Accuracy         0.9183927091963546          0.9328914664457332         0.9378624689312345
AutoBA MRR: 0.92895459009581

---------------------------------------------------------------------------
alpha= 0.1 beta= 0.8 gamma= 0.1
---------------------------------------------------------------------------
                         Top1          Top3            Top5
Combined Accuracy         0.9183927091963546          0.9324772162386081         0.9370339685169843
AutoBA MRR: 0.9285884209927685

---------------------------------------------------------------------------
alpha= 0.2 beta= 0.1 gamma= 0.7
---------------------------------------------------------------------------
                         Top1          Top3            Top5
Combined Accuracy         0.9188069594034797          0.9328914664457332         0.9370339685169843
AutoBA MRR: 0.9290459743452469

---------------------------------------------------------------------------
alpha= 0.2 beta= 0.2 gamma= 0.6
---------------------------------------------------------------------------
                         Top1          Top3            Top5
Combined Accuracy         0.9192212096106048          0.9333057166528583         0.9378624689312345
AutoBA MRR: 0.9295430084846484

---------------------------------------------------------------------------
alpha= 0.2 beta= 0.3 gamma= 0.5
---------------------------------------------------------------------------
                         Top1          Top3            Top5
Combined Accuracy         0.9208782104391052          0.9341342170671085         0.9391052195526097
AutoBA MRR: 0.9305813656875316

---------------------------------------------------------------------------
alpha= 0.2 beta= 0.4 gamma= 0.4
---------------------------------------------------------------------------
                         Top1          Top3            Top5
Combined Accuracy         0.9208782104391052          0.9337199668599834         0.9395194697597349
AutoBA MRR: 0.9306158519920452

---------------------------------------------------------------------------
alpha= 0.2 beta= 0.5 gamma= 0.3
---------------------------------------------------------------------------
                         Top1          Top3            Top5
Combined Accuracy         0.9183927091963546          0.9345484672742337         0.9386909693454847
AutoBA MRR: 0.9291666451258987

---------------------------------------------------------------------------
alpha= 0.2 beta= 0.6 gamma= 0.2
---------------------------------------------------------------------------
                         Top1          Top3            Top5
Combined Accuracy         0.9183927091963546          0.9337199668599834         0.9386909693454847
AutoBA MRR: 0.9290218625509098

---------------------------------------------------------------------------
alpha= 0.2 beta= 0.7 gamma= 0.1
---------------------------------------------------------------------------
                         Top1          Top3            Top5
Combined Accuracy         0.9175642087821044          0.9333057166528583         0.9378624689312345
AutoBA MRR: 0.9282792627278282

---------------------------------------------------------------------------
alpha= 0.3 beta= 0.1 gamma= 0.6
---------------------------------------------------------------------------
                         Top1          Top3            Top5
Combined Accuracy         0.920049710024855          0.9337199668599834         0.9374482187241093
AutoBA MRR: 0.929995594022432

---------------------------------------------------------------------------
alpha= 0.3 beta= 0.2 gamma= 0.5
---------------------------------------------------------------------------
                         Top1          Top3            Top5
Combined Accuracy         0.9208782104391052          0.9341342170671085         0.9391052195526097
AutoBA MRR: 0.9304802882120125

---------------------------------------------------------------------------
alpha= 0.3 beta= 0.3 gamma= 0.4
---------------------------------------------------------------------------
                         Top1          Top3            Top5
Combined Accuracy         0.9221209610604806          0.9333057166528583         0.9391052195526097
AutoBA MRR: 0.9312209860426509

---------------------------------------------------------------------------
alpha= 0.3 beta= 0.4 gamma= 0.3
---------------------------------------------------------------------------
                         Top1          Top3            Top5
Combined Accuracy         0.9204639602319801          0.9349627174813587         0.9386909693454847
AutoBA MRR: 0.9302572108287032

---------------------------------------------------------------------------
alpha= 0.3 beta= 0.5 gamma= 0.2
---------------------------------------------------------------------------
                         Top1          Top3            Top5
Combined Accuracy         0.9192212096106048          0.9341342170671085         0.9386909693454847
AutoBA MRR: 0.9295243534195196

---------------------------------------------------------------------------
alpha= 0.3 beta= 0.6 gamma= 0.1
---------------------------------------------------------------------------
                         Top1          Top3            Top5
Combined Accuracy         0.9188069594034797          0.9337199668599834         0.9374482187241093
AutoBA MRR: 0.9290356145837575

---------------------------------------------------------------------------
alpha= 0.4 beta= 0.1 gamma= 0.5
---------------------------------------------------------------------------
                         Top1          Top3            Top5
Combined Accuracy         0.9212924606462303          0.9341342170671085         0.9382767191383595
AutoBA MRR: 0.9306972685780631

---------------------------------------------------------------------------
alpha= 0.4 beta= 0.2 gamma= 0.4
---------------------------------------------------------------------------
                         Top1          Top3            Top5
Combined Accuracy         0.9225352112676056          0.9328914664457332         0.9395194697597349
AutoBA MRR: 0.9313134434620375

---------------------------------------------------------------------------
alpha= 0.4 beta= 0.3 gamma= 0.3
---------------------------------------------------------------------------
                         Top1          Top3            Top5
Combined Accuracy         0.9208782104391052          0.9345484672742337         0.9395194697597349
AutoBA MRR: 0.9304914456952055

---------------------------------------------------------------------------
alpha= 0.4 beta= 0.4 gamma= 0.2
---------------------------------------------------------------------------
                         Top1          Top3            Top5
Combined Accuracy         0.9192212096106048          0.9345484672742337         0.9391052195526097
AutoBA MRR: 0.9294009964946419

---------------------------------------------------------------------------
alpha= 0.4 beta= 0.5 gamma= 0.1
---------------------------------------------------------------------------
                         Top1          Top3            Top5
Combined Accuracy         0.9192212096106048          0.9333057166528583         0.9382767191383595
AutoBA MRR: 0.9291044702437382

---------------------------------------------------------------------------
alpha= 0.5 beta= 0.1 gamma= 0.4
---------------------------------------------------------------------------
                         Top1          Top3            Top5
Combined Accuracy         0.9225352112676056          0.9328914664457332         0.9395194697597349
AutoBA MRR: 0.9312067002916259

---------------------------------------------------------------------------
alpha= 0.5 beta= 0.2 gamma= 0.3
---------------------------------------------------------------------------
                         Top1          Top3            Top5
Combined Accuracy         0.9204639602319801          0.9341342170671085         0.9395194697597349
AutoBA MRR: 0.9301756000536116

---------------------------------------------------------------------------
alpha= 0.5 beta= 0.3 gamma= 0.2
---------------------------------------------------------------------------
                         Top1          Top3            Top5
Combined Accuracy         0.9204639602319801          0.9349627174813587         0.9391052195526097
AutoBA MRR: 0.9299400477329504

---------------------------------------------------------------------------
alpha= 0.5 beta= 0.4 gamma= 0.1
---------------------------------------------------------------------------
                         Top1          Top3            Top5
Combined Accuracy         0.920049710024855          0.9337199668599834         0.9382767191383595
AutoBA MRR: 0.9293916101044749

---------------------------------------------------------------------------
alpha= 0.6 beta= 0.1 gamma= 0.3
---------------------------------------------------------------------------
                         Top1          Top3            Top5
Combined Accuracy         0.920049710024855          0.9341342170671085         0.9395194697597349
AutoBA MRR: 0.9300178235399801

---------------------------------------------------------------------------
alpha= 0.6 beta= 0.2 gamma= 0.2
---------------------------------------------------------------------------
                         Top1          Top3            Top5
Combined Accuracy         0.920049710024855          0.9349627174813587         0.9395194697597349
AutoBA MRR: 0.9298353479607118

---------------------------------------------------------------------------
alpha= 0.6 beta= 0.3 gamma= 0.1
---------------------------------------------------------------------------
                         Top1          Top3            Top5
Combined Accuracy         0.920049710024855          0.9337199668599834         0.9382767191383595
AutoBA MRR: 0.9294139218608177

---------------------------------------------------------------------------
alpha= 0.7 beta= 0.1 gamma= 0.2
---------------------------------------------------------------------------
                         Top1          Top3            Top5
Combined Accuracy         0.920049710024855          0.9337199668599834         0.9391052195526097
AutoBA MRR: 0.9298650008423697

---------------------------------------------------------------------------
alpha= 0.7 beta= 0.2 gamma= 0.1
---------------------------------------------------------------------------
                         Top1          Top3            Top5
Combined Accuracy         0.9192212096106048          0.9337199668599834         0.9378624689312345
AutoBA MRR: 0.9289199293045985

---------------------------------------------------------------------------
alpha= 0.8 beta= 0.1 gamma= 0.1
 ---------------------------------------------------------------------------
                         Top1          Top3            Top5
Combined Accuracy         0.9192212096106048          0.9328914664457332         0.9378624689312345
AutoBA MRR: 0.9289185320659509
[{'alpha': 0.1, 'beta': 0.1, 'gamma': 0.8, 'top1': 0.9179784589892295, 'top3': 0.9312344656172328, 'top5': 0.9357912178956089, 'mrr': 0.9279751156156971}, {'alpha': 0.1, 'beta': 0.2, 'gamma': 0.7, 'top1': 0.9188069594034797, 'top3': 0.932062966031483, 'top5': 0.9357912178956089, 'mrr': 0.928904626895436}, {'alpha': 0.1, 'beta': 0.3, 'gamma': 0.6, 'top1': 0.920049710024855, 'top3': 0.9333057166528583, 'top5': 0.9378624689312345, 'mrr': 0.9297390323723526}, {'alpha': 0.1, 'beta': 0.4, 'gamma': 0.5, 'top1': 0.9212924606462303, 'top3': 0.9337199668599834, 'top5': 0.9391052195526097, 'mrr': 0.9304690254878311}, {'alpha': 0.1, 'beta': 0.5, 'gamma': 0.4, 'top1': 0.9192212096106048, 'top3': 0.9345484672742337, 'top5': 0.9395194697597349, 'mrr': 0.9295659039326567}, {'alpha': 0.1, 'beta': 0.6, 'gamma': 0.3, 'top1': 0.9188069594034797, 'top3': 0.9349627174813587, 'top5': 0.9386909693454847, 'mrr': 0.9295204262156607}, {'alpha': 0.1, 'beta': 0.7, 'gamma': 0.2, 'top1': 0.9183927091963546, 'top3': 0.9328914664457332, 'top5': 0.9378624689312345, 'mrr': 0.92895459009581}, {'alpha': 0.1, 'beta': 0.8, 'gamma': 0.1, 'top1': 0.9183927091963546, 'top3': 0.9324772162386081, 'top5': 0.9370339685169843, 'mrr': 0.9285884209927685}, {'alpha': 0.2, 'beta': 0.1, 'gamma': 0.7, 'top1': 0.9188069594034797, 'top3': 0.9328914664457332, 'top5': 0.9370339685169843, 'mrr': 0.9290459743452469}, {'alpha': 0.2, 'beta': 0.2, 'gamma': 0.6, 'top1': 0.9192212096106048, 'top3': 0.9333057166528583, 'top5': 0.9378624689312345, 'mrr': 0.9295430084846484}, {'alpha': 0.2, 'beta': 0.3, 'gamma': 0.5, 'top1': 0.9208782104391052, 'top3': 0.9341342170671085, 'top5': 0.9391052195526097, 'mrr': 0.9305813656875316}, {'alpha': 0.2, 'beta': 0.4, 'gamma': 0.4, 'top1': 0.9208782104391052, 'top3': 0.9337199668599834, 'top5': 0.9395194697597349, 'mrr': 0.9306158519920452}, {'alpha': 0.2, 'beta': 0.5, 'gamma': 0.3, 'top1': 0.9183927091963546, 'top3': 0.9345484672742337, 'top5': 0.9386909693454847, 'mrr': 0.9291666451258987}, {'alpha': 0.2, 'beta': 0.6, 'gamma': 0.2, 'top1': 0.9183927091963546, 'top3': 0.9337199668599834, 'top5': 0.9386909693454847, 'mrr': 0.9290218625509098}, {'alpha': 0.2, 'beta': 0.7, 'gamma': 0.1, 'top1': 0.9175642087821044, 'top3': 0.9333057166528583, 'top5': 0.9378624689312345, 'mrr': 0.9282792627278282}, {'alpha': 0.3, 'beta': 0.1, 'gamma': 0.6, 'top1': 0.920049710024855, 'top3': 0.9337199668599834, 'top5': 0.9374482187241093, 'mrr': 0.929995594022432}, {'alpha': 0.3, 'beta': 0.2, 'gamma': 0.5, 'top1': 0.9208782104391052, 'top3': 0.9341342170671085, 'top5': 0.9391052195526097, 'mrr': 0.9304802882120125}, {'alpha': 0.3, 'beta': 0.3, 'gamma': 0.4, 'top1': 0.9221209610604806, 'top3': 0.9333057166528583, 'top5': 0.9391052195526097, 'mrr': 0.9312209860426509}, {'alpha': 0.3, 'beta': 0.4, 'gamma': 0.3, 'top1': 0.9204639602319801, 'top3': 0.9349627174813587, 'top5': 0.9386909693454847, 'mrr': 0.9302572108287032}, {'alpha': 0.3, 'beta': 0.5, 'gamma': 0.2, 'top1': 0.9192212096106048, 'top3': 0.9341342170671085, 'top5': 0.9386909693454847, 'mrr': 0.9295243534195196}, {'alpha': 0.3, 'beta': 0.6, 'gamma': 0.1, 'top1': 0.9188069594034797, 'top3': 0.9337199668599834, 'top5': 0.9374482187241093, 'mrr': 0.9290356145837575}, {'alpha': 0.4, 'beta': 0.1, 'gamma': 0.5, 'top1': 0.9212924606462303, 'top3': 0.9341342170671085, 'top5': 0.9382767191383595, 'mrr': 0.9306972685780631}, {'alpha': 0.4, 'beta': 0.2, 'gamma': 0.4, 'top1': 0.9225352112676056, 'top3': 0.9328914664457332, 'top5': 0.9395194697597349, 'mrr': 0.9313134434620375}, {'alpha': 0.4, 'beta': 0.3, 'gamma': 0.3, 'top1': 0.9208782104391052, 'top3': 0.9345484672742337, 'top5': 0.9395194697597349, 'mrr': 0.9304914456952055}, {'alpha': 0.4, 'beta': 0.4, 'gamma': 0.2, 'top1': 0.9192212096106048, 'top3': 0.9345484672742337, 'top5': 0.9391052195526097, 'mrr': 0.9294009964946419}, {'alpha': 0.4, 'beta': 0.5, 'gamma': 0.1, 'top1': 0.9192212096106048, 'top3': 0.9333057166528583, 'top5': 0.9382767191383595, 'mrr': 0.9291044702437382}, {'alpha': 0.5, 'beta': 0.1, 'gamma': 0.4, 'top1': 0.9225352112676056, 'top3': 0.9328914664457332, 'top5': 0.9395194697597349, 'mrr': 0.9312067002916259}, {'alpha': 0.5, 'beta': 0.2, 'gamma': 0.3, 'top1': 0.9204639602319801, 'top3': 0.9341342170671085, 'top5': 0.9395194697597349, 'mrr': 0.9301756000536116}, {'alpha': 0.5, 'beta': 0.3, 'gamma': 0.2, 'top1': 0.9204639602319801, 'top3': 0.9349627174813587, 'top5': 0.9391052195526097, 'mrr': 0.9299400477329504}, {'alpha': 0.5, 'beta': 0.4, 'gamma': 0.1, 'top1': 0.920049710024855, 'top3': 0.9337199668599834, 'top5': 0.9382767191383595, 'mrr': 0.9293916101044749}, {'alpha': 0.6, 'beta': 0.1, 'gamma': 0.3, 'top1': 0.920049710024855, 'top3': 0.9341342170671085, 'top5': 0.9395194697597349, 'mrr': 0.9300178235399801}, {'alpha': 0.6, 'beta': 0.2, 'gamma': 0.2, 'top1': 0.920049710024855, 'top3': 0.9349627174813587, 'top5': 0.9395194697597349, 'mrr': 0.9298353479607118}, {'alpha': 0.6, 'beta': 0.3, 'gamma': 0.1, 'top1': 0.920049710024855, 'top3': 0.9337199668599834, 'top5': 0.9382767191383595, 'mrr': 0.9294139218608177}, {'alpha': 0.7, 'beta': 0.1, 'gamma': 0.2, 'top1': 0.920049710024855, 'top3': 0.9337199668599834, 'top5': 0.9391052195526097, 'mrr': 0.9298650008423697}, {'alpha': 0.7, 'beta': 0.2, 'gamma': 0.1, 'top1': 0.9192212096106048, 'top3': 0.9337199668599834, 'top5': 0.9378624689312345, 'mrr': 0.9289199293045985}, {'alpha': 0.8, 'beta': 0.1, 'gamma': 0.1, 'top1': 0.9192212096106048, 'top3': 0.9328914664457332, 'top5': 0.9378624689312345, 'mrr': 0.9289185320659509}]

Process finished with exit code 0
