/Users/raveen/Desktop/MSc-Thesis/auto-ba/venv/bin/python /Users/raveen/Desktop/MSc-Thesis/auto-ba/autoba/main.py 
25/03/25 01:13:59 WARN Utils: Your hostname, Raveens-MacBook-Pro.local resolves to a loopback address: 127.0.0.1; using 192.168.10.159 instead (on interface en0)
25/03/25 01:13:59 WARN Utils: Set SPARK_LOCAL_IP if you need to bind to another address
Setting default log level to "WARN".
To adjust logging level use sc.setLogLevel(newLevel). For SparkR, use setLogLevel(newLevel).
25/03/25 01:13:59 WARN NativeCodeLoader: Unable to load native-hadoop library for your platform... using builtin-java classes where applicable
Total issues (before filtering): 2521
25/03/25 01:14:10 WARN HintErrorLogger: A join hint (strategy=broadcast) is specified but it is not part of a join relation.
25/03/25 01:14:13 WARN HintErrorLogger: A join hint (strategy=broadcast) is specified but it is not part of a join relation.
---------------------------------------------------------------------------
                         Top1          Top3            Top5
File Path Accuracy        0.8335343787696019          0.8661037394451147         0.891837555287495
Text Accuracy             0.8315239244069159          0.8657016485725774         0.8858061921994371
Activeness Accuracy       0.8291113791716928          0.877362283876156         0.9034981905910736
File Path Similarity MRR: 0.8631018741124608
Text Similarity MRR: 0.8602841927992492
Activeness MRR: 0.8634354389740833

---------------------------------------------------------------------------
alpha= 0.1 beta= 0.1 gamma= 0.8
---------------------------------------------------------------------------
                         Top1          Top3            Top5
Combined Accuracy         0.82951347004423          0.8769601930036188         0.9039002814636108
AutoBA MRR: 0.8647337766336443

---------------------------------------------------------------------------
alpha= 0.1 beta= 0.2 gamma= 0.7
---------------------------------------------------------------------------
                         Top1          Top3            Top5
Combined Accuracy         0.8323281061519904          0.8789706473663048         0.9034981905910736
AutoBA MRR: 0.8662911605446952

---------------------------------------------------------------------------
alpha= 0.1 beta= 0.3 gamma= 0.6
---------------------------------------------------------------------------
                         Top1          Top3            Top5
Combined Accuracy         0.8339364696421391          0.8805790108564535         0.9010856453558505
AutoBA MRR: 0.8671791023053195

---------------------------------------------------------------------------
alpha= 0.1 beta= 0.4 gamma= 0.5
---------------------------------------------------------------------------
                         Top1          Top3            Top5
Combined Accuracy         0.8319260152794532          0.8801769199839163         0.9014877362283876
AutoBA MRR: 0.8658844169076751

---------------------------------------------------------------------------
alpha= 0.1 beta= 0.5 gamma= 0.4
---------------------------------------------------------------------------
                         Top1          Top3            Top5
Combined Accuracy         0.8307197426618416          0.8801769199839163         0.9010856453558505
AutoBA MRR: 0.8652390068384338

---------------------------------------------------------------------------
alpha= 0.1 beta= 0.6 gamma= 0.3
---------------------------------------------------------------------------
                         Top1          Top3            Top5
Combined Accuracy         0.8315239244069159          0.8781664656212304         0.9014877362283876
AutoBA MRR: 0.8650842186583295

---------------------------------------------------------------------------
alpha= 0.1 beta= 0.7 gamma= 0.2
---------------------------------------------------------------------------
                         Top1          Top3            Top5
Combined Accuracy         0.8315239244069159          0.87535182951347         0.9018898271009248
AutoBA MRR: 0.8640203253191067

---------------------------------------------------------------------------
alpha= 0.1 beta= 0.8 gamma= 0.1
---------------------------------------------------------------------------
                         Top1          Top3            Top5
Combined Accuracy         0.8315239244069159          0.8741455568958585         0.8986731001206273
AutoBA MRR: 0.8629237347225368

---------------------------------------------------------------------------
alpha= 0.2 beta= 0.1 gamma= 0.7
---------------------------------------------------------------------------
                         Top1          Top3            Top5
Combined Accuracy         0.8323281061519904          0.8789706473663048         0.9059107358262968
AutoBA MRR: 0.8662698486545224

---------------------------------------------------------------------------
alpha= 0.2 beta= 0.2 gamma= 0.6
---------------------------------------------------------------------------
                         Top1          Top3            Top5
Combined Accuracy         0.8347406513872135          0.8817852834740652         0.902291917973462
AutoBA MRR: 0.8678679782464709

---------------------------------------------------------------------------
alpha= 0.2 beta= 0.3 gamma= 0.5
---------------------------------------------------------------------------
                         Top1          Top3            Top5
Combined Accuracy         0.8323281061519904          0.8821873743466023         0.9018898271009248
AutoBA MRR: 0.8666045319899788

---------------------------------------------------------------------------
alpha= 0.2 beta= 0.4 gamma= 0.4
---------------------------------------------------------------------------
                         Top1          Top3            Top5
Combined Accuracy         0.8311218335343787          0.881383192601528         0.9006835544833133
AutoBA MRR: 0.8659600025530158

---------------------------------------------------------------------------
alpha= 0.2 beta= 0.5 gamma= 0.3
---------------------------------------------------------------------------
                         Top1          Top3            Top5
Combined Accuracy         0.8311218335343787          0.8801769199839163         0.9026940088459992
AutoBA MRR: 0.865333454704918

---------------------------------------------------------------------------
alpha= 0.2 beta= 0.6 gamma= 0.2
---------------------------------------------------------------------------
                         Top1          Top3            Top5
Combined Accuracy         0.8311218335343787          0.8769601930036188         0.902291917973462
AutoBA MRR: 0.8641327386299474

---------------------------------------------------------------------------
alpha= 0.2 beta= 0.7 gamma= 0.1
---------------------------------------------------------------------------
                         Top1          Top3            Top5
Combined Accuracy         0.8315239244069159          0.8741455568958585         0.8982710092480901
AutoBA MRR: 0.8632186494021

---------------------------------------------------------------------------
alpha= 0.3 beta= 0.1 gamma= 0.6
---------------------------------------------------------------------------
                         Top1          Top3            Top5
Combined Accuracy         0.8343385605146764          0.8821873743466023         0.9034981905910736
AutoBA MRR: 0.8677166088769855

---------------------------------------------------------------------------
alpha= 0.3 beta= 0.2 gamma= 0.5
---------------------------------------------------------------------------
                         Top1          Top3            Top5
Combined Accuracy         0.8311218335343787          0.8817852834740652         0.902291917973462
AutoBA MRR: 0.8660155529198583

---------------------------------------------------------------------------
alpha= 0.3 beta= 0.3 gamma= 0.4
---------------------------------------------------------------------------
                         Top1          Top3            Top5
Combined Accuracy         0.8303176517893044          0.8817852834740652         0.9006835544833133
AutoBA MRR: 0.865866107427111

---------------------------------------------------------------------------
alpha= 0.3 beta= 0.4 gamma= 0.3
---------------------------------------------------------------------------
                         Top1          Top3            Top5
Combined Accuracy         0.8311218335343787          0.8797748291113792         0.902291917973462
AutoBA MRR: 0.8655984839901641

---------------------------------------------------------------------------
alpha= 0.3 beta= 0.5 gamma= 0.2
---------------------------------------------------------------------------
                         Top1          Top3            Top5
Combined Accuracy         0.8307197426618416          0.8781664656212304         0.9010856453558505
AutoBA MRR: 0.8645148757024995

---------------------------------------------------------------------------
alpha= 0.3 beta= 0.6 gamma= 0.1
---------------------------------------------------------------------------
                         Top1          Top3            Top5
Combined Accuracy         0.8315239244069159          0.8737434660233213         0.8982710092480901
AutoBA MRR: 0.8635962854645238

---------------------------------------------------------------------------
alpha= 0.4 beta= 0.1 gamma= 0.5
---------------------------------------------------------------------------
                         Top1          Top3            Top5
Combined Accuracy         0.8319260152794532          0.8825894652191395         0.9014877362283876
AutoBA MRR: 0.8665708394669911

---------------------------------------------------------------------------
alpha= 0.4 beta= 0.2 gamma= 0.4
---------------------------------------------------------------------------
                         Top1          Top3            Top5
Combined Accuracy         0.8307197426618416          0.883393646964214         0.900281463610776
AutoBA MRR: 0.8659962507833769

---------------------------------------------------------------------------
alpha= 0.4 beta= 0.3 gamma= 0.3
---------------------------------------------------------------------------
                         Top1          Top3            Top5
Combined Accuracy         0.8303176517893044          0.8797748291113792         0.9014877362283876
AutoBA MRR: 0.8652664221839192

---------------------------------------------------------------------------
alpha= 0.4 beta= 0.4 gamma= 0.2
---------------------------------------------------------------------------
                         Top1          Top3            Top5
Combined Accuracy         0.8307197426618416          0.877362283876156         0.902291917973462
AutoBA MRR: 0.8645042241044901

---------------------------------------------------------------------------
alpha= 0.4 beta= 0.5 gamma= 0.1
---------------------------------------------------------------------------
                         Top1          Top3            Top5
Combined Accuracy         0.8311218335343787          0.8741455568958585         0.8998793727382388
AutoBA MRR: 0.8637130083965385

---------------------------------------------------------------------------
alpha= 0.5 beta= 0.1 gamma= 0.4
---------------------------------------------------------------------------
                         Top1          Top3            Top5
Combined Accuracy         0.8323281061519904          0.8821873743466023         0.9010856453558505
AutoBA MRR: 0.8667415237886386

---------------------------------------------------------------------------
alpha= 0.5 beta= 0.2 gamma= 0.3
---------------------------------------------------------------------------
                         Top1          Top3            Top5
Combined Accuracy         0.8323281061519904          0.8801769199839163         0.9006835544833133
AutoBA MRR: 0.8662006886053255

---------------------------------------------------------------------------
alpha= 0.5 beta= 0.3 gamma= 0.2
---------------------------------------------------------------------------
                         Top1          Top3            Top5
Combined Accuracy         0.8323281061519904          0.877362283876156         0.9014877362283876
AutoBA MRR: 0.86544101055246

---------------------------------------------------------------------------
alpha= 0.5 beta= 0.4 gamma= 0.1
---------------------------------------------------------------------------
                         Top1          Top3            Top5
Combined Accuracy         0.8327301970245276          0.8737434660233213         0.9006835544833133
AutoBA MRR: 0.8646958217424439

---------------------------------------------------------------------------
alpha= 0.6 beta= 0.1 gamma= 0.3
---------------------------------------------------------------------------
                         Top1          Top3            Top5
Combined Accuracy         0.8339364696421391          0.879372738238842         0.9010856453558505
AutoBA MRR: 0.8667854946452141

---------------------------------------------------------------------------
alpha= 0.6 beta= 0.2 gamma= 0.2
---------------------------------------------------------------------------
                         Top1          Top3            Top5
Combined Accuracy         0.8339364696421391          0.8765581021310817         0.9018898271009248
AutoBA MRR: 0.8661508126317635

---------------------------------------------------------------------------
alpha= 0.6 beta= 0.3 gamma= 0.1
---------------------------------------------------------------------------
                         Top1          Top3            Top5
Combined Accuracy         0.8339364696421391          0.8729392842782469         0.8998793727382388
AutoBA MRR: 0.865143029734464

---------------------------------------------------------------------------
alpha= 0.7 beta= 0.1 gamma= 0.2
---------------------------------------------------------------------------
                         Top1          Top3            Top5
Combined Accuracy         0.8339364696421391          0.87535182951347         0.9014877362283876
AutoBA MRR: 0.8659882248917327

---------------------------------------------------------------------------
alpha= 0.7 beta= 0.2 gamma= 0.1
---------------------------------------------------------------------------
                         Top1          Top3            Top5
Combined Accuracy         0.8339364696421391          0.8725371934057097         0.8990751909931645
AutoBA MRR: 0.8651360312774964

---------------------------------------------------------------------------
alpha= 0.8 beta= 0.1 gamma= 0.1
---------------------------------------------------------------------------
                         Top1          Top3            Top5
Combined Accuracy         0.8339364696421391          0.8725371934057097         0.8990751909931645
AutoBA MRR: 0.8649180576078446
None

Process finished with exit code 0
