/Users/raveen/Desktop/MSc-Thesis/auto-ba/venv/bin/python /Users/raveen/Desktop/MSc-Thesis/auto-ba/autoba/main.py 
25/03/24 09:03:30 WARN Utils: Your hostname, Raveens-MacBook-Pro.local resolves to a loopback address: 127.0.0.1; using 192.168.10.159 instead (on interface en0)
25/03/24 09:03:30 WARN Utils: Set SPARK_LOCAL_IP if you need to bind to another address
Setting default log level to "WARN".
To adjust logging level use sc.setLogLevel(newLevel). For SparkR, use setLogLevel(newLevel).
25/03/24 09:03:30 WARN NativeCodeLoader: Unable to load native-hadoop library for your platform... using builtin-java classes where applicable
Total issues (before filtering): 2521
25/03/24 09:03:40 WARN HintErrorLogger: A join hint (strategy=broadcast) is specified but it is not part of a join relation.
25/03/24 09:03:43 WARN HintErrorLogger: A join hint (strategy=broadcast) is specified but it is not part of a join relation.
Scores calculated for: 0_22861
Scores calculated for: 0_22860
Scores calculated for: 0_22850
Scores calculated for: 0_22837
Scores calculated for: 0_22829
Scores calculated for: 0_22818
Scores calculated for: 0_22817
Scores calculated for: 0_22800
Scores calculated for: 0_22794
Scores calculated for: 0_22788
Scores calculated for: 0_22784
Scores calculated for: 0_22780
Scores calculated for: 0_22768
Scores calculated for: 0_22748
Scores calculated for: 0_22746
Scores calculated for: 0_22744
Scores calculated for: 0_22743
Scores calculated for: 0_22742
Scores calculated for: 0_22737
Scores calculated for: 0_22733
Scores calculated for: 0_22728
Scores calculated for: 0_22727
Scores calculated for: 0_22726
Scores calculated for: 0_22721
Scores calculated for: 0_22720
Scores calculated for: 0_22709
Scores calculated for: 0_22706
Scores calculated for: 0_22705
Scores calculated for: 0_22692
Scores calculated for: 0_22690
Scores calculated for: 0_22689
Scores calculated for: 0_22686
Scores calculated for: 0_22683
Scores calculated for: 0_22681
Scores calculated for: 0_22678
Scores calculated for: 0_22677
Scores calculated for: 0_22675
Scores calculated for: 0_22673
Scores calculated for: 0_22672
Scores calculated for: 0_22669
Scores calculated for: 0_22662
Scores calculated for: 0_22661
Scores calculated for: 0_22647
Scores calculated for: 0_22642
Scores calculated for: 0_22629
Scores calculated for: 0_22626
Scores calculated for: 0_22623
Scores calculated for: 0_22608
Scores calculated for: 0_22605
Scores calculated for: 0_22598
Scores calculated for: 0_22592
Scores calculated for: 0_22590
Scores calculated for: 0_22586
Scores calculated for: 0_22571
Scores calculated for: 0_22568
Scores calculated for: 0_22567
Scores calculated for: 0_22562
Scores calculated for: 0_22560
Scores calculated for: 0_22558
Scores calculated for: 0_22556
Scores calculated for: 0_22548
Scores calculated for: 0_22535
Scores calculated for: 0_22533
Scores calculated for: 0_22531
Scores calculated for: 0_22528
Scores calculated for: 0_22526
Scores calculated for: 0_22518
Scores calculated for: 0_22515
Scores calculated for: 0_22511
Scores calculated for: 0_22507
Scores calculated for: 0_22506
Scores calculated for: 0_22499
Scores calculated for: 0_22498
Scores calculated for: 0_22497
Scores calculated for: 0_22496
Scores calculated for: 0_22495
Scores calculated for: 0_22486
Scores calculated for: 0_22470
Scores calculated for: 0_22468
Scores calculated for: 0_22465
Scores calculated for: 0_22463
Scores calculated for: 0_22461
Scores calculated for: 0_22460
Scores calculated for: 0_22456
Scores calculated for: 0_22440
Scores calculated for: 0_22439
Scores calculated for: 0_22437
Scores calculated for: 0_22424
Scores calculated for: 0_22422
Scores calculated for: 0_22412
Scores calculated for: 0_22409
Scores calculated for: 0_22408
Scores calculated for: 0_22390
Scores calculated for: 0_22387
Scores calculated for: 0_22385
Scores calculated for: 0_22382
Scores calculated for: 0_22379
Scores calculated for: 0_22376
Scores calculated for: 0_22375
Scores calculated for: 0_22367
Scores calculated for: 0_22364
Scores calculated for: 0_22359
Scores calculated for: 0_22357
Scores calculated for: 0_22352
Scores calculated for: 0_22350
Scores calculated for: 0_22349
Scores calculated for: 0_22346
Scores calculated for: 0_22335
Scores calculated for: 0_22334
Scores calculated for: 0_22333
Scores calculated for: 0_22332
Scores calculated for: 0_22324
Scores calculated for: 0_22322
Scores calculated for: 0_22320
Scores calculated for: 0_22304
Scores calculated for: 0_22301
Scores calculated for: 0_22300
Scores calculated for: 0_22287
Scores calculated for: 0_22283
Scores calculated for: 0_22281
Scores calculated for: 0_22280
Scores calculated for: 0_22279
Scores calculated for: 0_22266
Scores calculated for: 0_22262
Scores calculated for: 0_22261
Scores calculated for: 0_22257
Scores calculated for: 0_22247
Scores calculated for: 0_22245
Scores calculated for: 0_22239
Scores calculated for: 0_22235
Scores calculated for: 0_22233
Scores calculated for: 0_22232
Scores calculated for: 0_22226
Scores calculated for: 0_22224
Scores calculated for: 0_22223
Scores calculated for: 0_22221
Scores calculated for: 0_22219
Scores calculated for: 0_22215
Scores calculated for: 0_22214
Scores calculated for: 0_22213
Scores calculated for: 0_22212
Scores calculated for: 0_22201
Scores calculated for: 0_22196
Scores calculated for: 0_22194
Scores calculated for: 0_22193
Scores calculated for: 0_22192
Scores calculated for: 0_22191
Scores calculated for: 0_22169
Scores calculated for: 0_22168
Scores calculated for: 0_22167
Scores calculated for: 0_22159
Scores calculated for: 0_22158
Scores calculated for: 0_22153
Scores calculated for: 0_22150
Scores calculated for: 0_22147
Scores calculated for: 0_22145
Scores calculated for: 0_22137
Scores calculated for: 0_22120
Scores calculated for: 0_22103
Scores calculated for: 0_22076
Scores calculated for: 0_22071
Scores calculated for: 0_22070
Scores calculated for: 0_22068
Scores calculated for: 0_22065
Scores calculated for: 0_22063
Scores calculated for: 0_22062
Scores calculated for: 0_22058
Scores calculated for: 0_22052
Scores calculated for: 0_22051
Scores calculated for: 0_22050
Scores calculated for: 0_22044
Scores calculated for: 0_22042
Scores calculated for: 0_22036
Scores calculated for: 0_22032
Scores calculated for: 0_22030
Scores calculated for: 0_22029
Scores calculated for: 0_22027
Scores calculated for: 0_22023
Scores calculated for: 0_22022
Scores calculated for: 0_22018
Scores calculated for: 0_22017
Scores calculated for: 0_22005
Scores calculated for: 0_22004
Scores calculated for: 0_21999
Scores calculated for: 0_21988
Scores calculated for: 0_21983
Scores calculated for: 0_21981
Scores calculated for: 0_21977
Scores calculated for: 0_21959
Scores calculated for: 0_21958
Scores calculated for: 0_21952
Scores calculated for: 0_21944
Scores calculated for: 0_21939
Scores calculated for: 0_21936
Scores calculated for: 0_21931
Scores calculated for: 0_21928
Scores calculated for: 0_21926
Scores calculated for: 0_21920
Scores calculated for: 0_21917
Scores calculated for: 0_21916
Scores calculated for: 0_21914
Scores calculated for: 0_21908
Scores calculated for: 0_21896
Scores calculated for: 0_21882
Scores calculated for: 0_21879
Scores calculated for: 0_21874
Scores calculated for: 0_21870
Scores calculated for: 0_21869
Scores calculated for: 0_21868
Scores calculated for: 0_21866
Scores calculated for: 0_21864
Scores calculated for: 0_21862
Scores calculated for: 0_21860
Scores calculated for: 0_21858
Scores calculated for: 0_21854
Scores calculated for: 0_21853
Scores calculated for: 0_21845
Scores calculated for: 0_21844
Scores calculated for: 0_21841
Scores calculated for: 0_21830
Scores calculated for: 0_21821
Scores calculated for: 0_21820
Scores calculated for: 0_21816
Scores calculated for: 0_21815
Scores calculated for: 0_21812
Scores calculated for: 0_21809
Scores calculated for: 0_21807
Scores calculated for: 0_21804
Scores calculated for: 0_21802
Scores calculated for: 0_21798
Scores calculated for: 0_21797
Scores calculated for: 0_21795
Scores calculated for: 0_21790
Scores calculated for: 0_21786
Scores calculated for: 0_21783
Scores calculated for: 0_21781
Scores calculated for: 0_21780
Scores calculated for: 0_21779
Scores calculated for: 0_21778
Scores calculated for: 0_21770
Scores calculated for: 0_21769
Scores calculated for: 0_21768
Scores calculated for: 0_21767
Scores calculated for: 0_21762
Scores calculated for: 0_21760
Scores calculated for: 0_21759
Scores calculated for: 0_21758
Scores calculated for: 0_21757
Scores calculated for: 0_21755
Scores calculated for: 0_21754
Scores calculated for: 0_21745
Scores calculated for: 0_21743
Scores calculated for: 0_21742
Scores calculated for: 0_21739
Scores calculated for: 0_21737
Scores calculated for: 0_21731
Scores calculated for: 0_21728
Scores calculated for: 0_21727
Scores calculated for: 0_21724
Scores calculated for: 0_21721
Scores calculated for: 0_21713
Scores calculated for: 0_21705
Scores calculated for: 0_21701
Scores calculated for: 0_21696
Scores calculated for: 0_21687
Scores calculated for: 0_21685
Scores calculated for: 0_21682
Scores calculated for: 0_21681
Scores calculated for: 0_21679
Scores calculated for: 0_21676
Scores calculated for: 0_21672
Scores calculated for: 0_21669
Scores calculated for: 0_21667
Scores calculated for: 0_21661
Scores calculated for: 0_21658
Scores calculated for: 0_21657
Scores calculated for: 0_21655
Scores calculated for: 0_21652
Scores calculated for: 0_21646
Scores calculated for: 0_21644
Scores calculated for: 0_21638
Scores calculated for: 0_21635
Scores calculated for: 0_21632
Scores calculated for: 0_21631
Scores calculated for: 0_21620
Scores calculated for: 0_21619
Scores calculated for: 0_21614
Scores calculated for: 0_21610
Scores calculated for: 0_21605
Scores calculated for: 0_21603
Scores calculated for: 0_21600
Scores calculated for: 0_21599
Scores calculated for: 0_21595
Scores calculated for: 0_21594
Scores calculated for: 0_21585
Scores calculated for: 0_21578
Scores calculated for: 0_21577
Scores calculated for: 0_21569
Scores calculated for: 0_21568
Scores calculated for: 0_21567
Scores calculated for: 0_21562
Scores calculated for: 0_21561
Scores calculated for: 0_21560
Scores calculated for: 0_21558
Scores calculated for: 0_21557
Scores calculated for: 0_21551
Scores calculated for: 0_21550
Scores calculated for: 0_21546
Scores calculated for: 0_21544
Scores calculated for: 0_21543
Scores calculated for: 0_21538
Scores calculated for: 0_21536
Scores calculated for: 0_21535
Scores calculated for: 0_21526
Scores calculated for: 0_21525
Scores calculated for: 0_21521
Scores calculated for: 0_21516
Scores calculated for: 0_21507
Scores calculated for: 0_21506
Scores calculated for: 0_21502
Scores calculated for: 0_21442
Scores calculated for: 0_21437
Scores calculated for: 0_21433
Scores calculated for: 0_21432
Scores calculated for: 0_21431
Scores calculated for: 0_21429
Scores calculated for: 0_21426
Scores calculated for: 0_21420
Scores calculated for: 0_21418
Scores calculated for: 0_21416
Scores calculated for: 0_21415
Scores calculated for: 0_21413
Scores calculated for: 0_21412
Scores calculated for: 0_21410
Scores calculated for: 0_21406
Scores calculated for: 0_21405
Scores calculated for: 0_21402
Scores calculated for: 0_21401
Scores calculated for: 0_21400
Scores calculated for: 0_21394
Scores calculated for: 0_21393
Scores calculated for: 0_21392
Scores calculated for: 0_21385
Scores calculated for: 0_21382
Scores calculated for: 0_21380
Scores calculated for: 0_21368
Scores calculated for: 0_21366
Scores calculated for: 0_21365
Scores calculated for: 0_21363
Scores calculated for: 0_21360
Scores calculated for: 0_21359
Scores calculated for: 0_21357
Scores calculated for: 0_21352
Scores calculated for: 0_21349
Scores calculated for: 0_21347
Scores calculated for: 0_21346
Scores calculated for: 0_21342
Scores calculated for: 0_21335
Scores calculated for: 0_21333
Scores calculated for: 0_21320
Scores calculated for: 0_21319
Scores calculated for: 0_21317
Scores calculated for: 0_21314
Scores calculated for: 0_21313
Scores calculated for: 0_21310
Scores calculated for: 0_21307
Scores calculated for: 0_21303
Scores calculated for: 0_21301
Scores calculated for: 0_21300
Scores calculated for: 0_21298
Scores calculated for: 0_21295
Scores calculated for: 0_21294
Scores calculated for: 0_21293
Scores calculated for: 0_21292
Scores calculated for: 0_21285
Scores calculated for: 0_21282
Scores calculated for: 0_21277
Scores calculated for: 0_21275
Scores calculated for: 0_21271
Scores calculated for: 0_21270
Scores calculated for: 0_21264
Scores calculated for: 0_21263
Scores calculated for: 0_21261
Scores calculated for: 0_21258
Scores calculated for: 0_21256
Scores calculated for: 0_21250
Scores calculated for: 0_21249
Scores calculated for: 0_21247
Scores calculated for: 0_21245
Scores calculated for: 0_21242
Scores calculated for: 0_21239
Scores calculated for: 0_21236
Scores calculated for: 0_21229
Scores calculated for: 0_21228
Scores calculated for: 0_21225
Scores calculated for: 0_21218
Scores calculated for: 0_21217
Scores calculated for: 0_21216
Scores calculated for: 0_21215
Scores calculated for: 0_21212
Scores calculated for: 0_21211
Scores calculated for: 0_21203
Scores calculated for: 0_21201
Scores calculated for: 0_21194
Scores calculated for: 0_21193
Scores calculated for: 0_21190
Scores calculated for: 0_21189
Scores calculated for: 0_21180
Scores calculated for: 0_21179
Scores calculated for: 0_21174
Scores calculated for: 0_21157
Scores calculated for: 0_21154
Scores calculated for: 0_21149
Scores calculated for: 0_21148
Scores calculated for: 0_21135
Scores calculated for: 0_21107
Scores calculated for: 0_21071
Scores calculated for: 0_21036
Scores calculated for: 0_21035
Scores calculated for: 0_21034
Scores calculated for: 0_21015
Scores calculated for: 0_21012
Scores calculated for: 0_20992
Scores calculated for: 0_20991
Scores calculated for: 0_20988
Scores calculated for: 0_20952
Scores calculated for: 0_20951
Scores calculated for: 0_20948
Scores calculated for: 0_20946
Scores calculated for: 0_20944
Scores calculated for: 0_20901
Scores calculated for: 0_20897
Scores calculated for: 0_20860
Scores calculated for: 0_20858
Scores calculated for: 0_20856
Scores calculated for: 0_20843
Scores calculated for: 0_20813
Scores calculated for: 0_20778
Scores calculated for: 0_20769
Scores calculated for: 0_20730
Scores calculated for: 0_20711
Scores calculated for: 0_20653
Scores calculated for: 0_20591
Scores calculated for: 0_20589
Scores calculated for: 0_20588
Scores calculated for: 0_20580
Scores calculated for: 0_20576
Scores calculated for: 0_20574
Scores calculated for: 0_20573
Scores calculated for: 0_20572
Scores calculated for: 0_20571
Scores calculated for: 0_20562
Scores calculated for: 0_20560
Scores calculated for: 0_20559
Scores calculated for: 0_20556
Scores calculated for: 0_20555
Scores calculated for: 0_20554
Scores calculated for: 0_20546
Scores calculated for: 0_20538
Scores calculated for: 0_20537
Scores calculated for: 0_20536
Scores calculated for: 0_20533
Scores calculated for: 0_20526
Scores calculated for: 0_20521
Scores calculated for: 0_20520
Scores calculated for: 0_20519
Scores calculated for: 0_20517
Scores calculated for: 0_20516
Scores calculated for: 0_20512
Scores calculated for: 0_20511
Scores calculated for: 0_20503
Scores calculated for: 0_20501
Scores calculated for: 0_20500
Scores calculated for: 0_20498
Scores calculated for: 0_20496
Scores calculated for: 0_20495
Scores calculated for: 0_20490
Scores calculated for: 0_20484
Scores calculated for: 0_20483
Scores calculated for: 0_20482
Scores calculated for: 0_20478
Scores calculated for: 0_20476
Scores calculated for: 0_20473
Scores calculated for: 0_20472
Scores calculated for: 0_20471
Scores calculated for: 0_20469
Scores calculated for: 0_20465
Scores calculated for: 0_20458
Scores calculated for: 0_20456
Scores calculated for: 0_20451
Scores calculated for: 0_20449
Scores calculated for: 0_20443
Scores calculated for: 0_20439
Scores calculated for: 0_20437
Scores calculated for: 0_20434
Scores calculated for: 0_20432
Scores calculated for: 0_20428
Scores calculated for: 0_20427
Scores calculated for: 0_20420
Scores calculated for: 0_20419
Scores calculated for: 0_20415
Scores calculated for: 0_20413
Scores calculated for: 0_20410
Scores calculated for: 0_20405
Scores calculated for: 0_20401
Scores calculated for: 0_20397
Scores calculated for: 0_20391
Scores calculated for: 0_20390
Scores calculated for: 0_20386
Scores calculated for: 0_20385
Scores calculated for: 0_20381
Scores calculated for: 0_20380
Scores calculated for: 0_20378
Scores calculated for: 0_20377
Scores calculated for: 0_20374
Scores calculated for: 0_20372
Scores calculated for: 0_20369
Scores calculated for: 0_20366
Scores calculated for: 0_20365
Scores calculated for: 0_20364
Scores calculated for: 0_20362
Scores calculated for: 0_20361
Scores calculated for: 0_20357
Scores calculated for: 0_20352
Scores calculated for: 0_20349
Scores calculated for: 0_20344
Scores calculated for: 0_20342
Scores calculated for: 0_20338
Scores calculated for: 0_20332
Scores calculated for: 0_20331
Scores calculated for: 0_20324
Scores calculated for: 0_20323
Scores calculated for: 0_20316
Scores calculated for: 0_20309
Scores calculated for: 0_20306
Scores calculated for: 0_20303
Scores calculated for: 0_20302
Scores calculated for: 0_20300
Scores calculated for: 0_20299
Scores calculated for: 0_20298
Scores calculated for: 0_20297
Scores calculated for: 0_20296
Scores calculated for: 0_20292
Scores calculated for: 0_20288
Scores calculated for: 0_20287
Scores calculated for: 0_20286
Scores calculated for: 0_20284
Scores calculated for: 0_20278
Scores calculated for: 0_20271
Scores calculated for: 0_20267
Scores calculated for: 0_20265
Scores calculated for: 0_20245
Scores calculated for: 0_20240
Scores calculated for: 0_20237
Scores calculated for: 0_20234
Scores calculated for: 0_20231
Scores calculated for: 0_20230
Scores calculated for: 0_20226
Scores calculated for: 0_20224
Scores calculated for: 0_20223
Scores calculated for: 0_20217
Scores calculated for: 0_20212
Scores calculated for: 0_20211
Scores calculated for: 0_20206
Scores calculated for: 0_20204
Scores calculated for: 0_20202
Scores calculated for: 0_20187
Scores calculated for: 0_20186
Scores calculated for: 0_20185
Scores calculated for: 0_20184
Scores calculated for: 0_20182
Scores calculated for: 0_20179
Scores calculated for: 0_20176
Scores calculated for: 0_20169
Scores calculated for: 0_20166
Scores calculated for: 0_20154
Scores calculated for: 0_20149
Scores calculated for: 0_20146
Scores calculated for: 0_20145
Scores calculated for: 0_20136
Scores calculated for: 0_20135
Scores calculated for: 0_20134
Scores calculated for: 0_20132
Scores calculated for: 0_20131
Scores calculated for: 0_20130
Scores calculated for: 0_20129
Scores calculated for: 0_20128
Scores calculated for: 0_20127
Scores calculated for: 0_20123
Scores calculated for: 0_20122
Scores calculated for: 0_20121
Scores calculated for: 0_20120
Scores calculated for: 0_20119
Scores calculated for: 0_20118
Scores calculated for: 0_20107
Scores calculated for: 0_20105
Scores calculated for: 0_20101
Scores calculated for: 0_20100
Scores calculated for: 0_20098
Scores calculated for: 0_20097
Scores calculated for: 0_20095
Scores calculated for: 0_20094
Scores calculated for: 0_20088
Scores calculated for: 0_20083
Scores calculated for: 0_20080
Scores calculated for: 0_20079
Scores calculated for: 0_20078
Scores calculated for: 0_20074
Scores calculated for: 0_20073
Scores calculated for: 0_20072
Scores calculated for: 0_20071
Scores calculated for: 0_20070
Scores calculated for: 0_20067
Scores calculated for: 0_20052
Scores calculated for: 0_20047
Scores calculated for: 0_20044
Scores calculated for: 0_20041
Scores calculated for: 0_20038
Scores calculated for: 0_20037
Scores calculated for: 0_20035
Scores calculated for: 0_20031
Scores calculated for: 0_20029
Scores calculated for: 0_20026
Scores calculated for: 0_20024
Scores calculated for: 0_20016
Scores calculated for: 0_20012
Scores calculated for: 0_20011
Scores calculated for: 0_20006
Scores calculated for: 0_20002
Scores calculated for: 0_19999
Scores calculated for: 0_19998
Scores calculated for: 0_19992
Scores calculated for: 0_19990
Scores calculated for: 0_19977
Scores calculated for: 0_19972
Scores calculated for: 0_19971
Scores calculated for: 0_19970
Scores calculated for: 0_19969
Scores calculated for: 0_19968
Scores calculated for: 0_19967
Scores calculated for: 0_19965
Scores calculated for: 0_19962
Scores calculated for: 0_19959
Scores calculated for: 0_19958
Scores calculated for: 0_19955
Scores calculated for: 0_19952
Scores calculated for: 0_19951
Scores calculated for: 0_19950
Scores calculated for: 0_19949
Scores calculated for: 0_19947
Scores calculated for: 0_19946
Scores calculated for: 0_19942
Scores calculated for: 0_19941
Scores calculated for: 0_19936
Scores calculated for: 0_19932
Scores calculated for: 0_19929
Scores calculated for: 0_19925
Scores calculated for: 0_19924
Scores calculated for: 0_19913
Scores calculated for: 0_19912
Scores calculated for: 0_19910
Scores calculated for: 0_19909
Scores calculated for: 0_19907
Scores calculated for: 0_19905
Scores calculated for: 0_19892
Scores calculated for: 0_19891
Scores calculated for: 0_19888
Scores calculated for: 0_19878
Scores calculated for: 0_19876
Scores calculated for: 0_19874
Scores calculated for: 0_19872
Scores calculated for: 0_19862
Scores calculated for: 0_19859
Scores calculated for: 0_19857
Scores calculated for: 0_19856
Scores calculated for: 0_19853
Scores calculated for: 0_19851
Scores calculated for: 0_19848
Scores calculated for: 0_19847
Scores calculated for: 0_19846
Scores calculated for: 0_19845
Scores calculated for: 0_19844
Scores calculated for: 0_19842
Scores calculated for: 0_19835
Scores calculated for: 0_19834
Scores calculated for: 0_19831
Scores calculated for: 0_19830
Scores calculated for: 0_19826
Scores calculated for: 0_19825
Scores calculated for: 0_19821
Scores calculated for: 0_19820
Scores calculated for: 0_19819
Scores calculated for: 0_19817
Scores calculated for: 0_19815
Scores calculated for: 0_19809
Scores calculated for: 0_19808
Scores calculated for: 0_19806
Scores calculated for: 0_19805
Scores calculated for: 0_19795
Scores calculated for: 0_19789
Scores calculated for: 0_19781
Scores calculated for: 0_19779
Scores calculated for: 0_19778
Scores calculated for: 0_19767
Scores calculated for: 0_19762
Scores calculated for: 0_19757
Scores calculated for: 0_19755
Scores calculated for: 0_19752
Scores calculated for: 0_19751
Scores calculated for: 0_19750
Scores calculated for: 0_19749
Scores calculated for: 0_19748
Scores calculated for: 0_19746
Scores calculated for: 0_19743
Scores calculated for: 0_19736
Scores calculated for: 0_19734
Scores calculated for: 0_19732
Scores calculated for: 0_19731
Scores calculated for: 0_19724
Scores calculated for: 0_19721
Scores calculated for: 0_19715
Scores calculated for: 0_19713
Scores calculated for: 0_19712
Scores calculated for: 0_19711
Scores calculated for: 0_19710
Scores calculated for: 0_19709
Scores calculated for: 0_19706
Scores calculated for: 0_19704
Scores calculated for: 0_19702
Scores calculated for: 0_19696
Scores calculated for: 0_19695
Scores calculated for: 0_19693
Scores calculated for: 0_19692
Scores calculated for: 0_19691
Scores calculated for: 0_19685
Scores calculated for: 0_19682
Scores calculated for: 0_19681
Scores calculated for: 0_19680
Scores calculated for: 0_19679
Scores calculated for: 0_19676
Scores calculated for: 0_19675
Scores calculated for: 0_19671
Scores calculated for: 0_19668
Scores calculated for: 0_19667
Scores calculated for: 0_19662
Scores calculated for: 0_19661
Scores calculated for: 0_19660
Scores calculated for: 0_19657
Scores calculated for: 0_19653
Scores calculated for: 0_19652
Scores calculated for: 0_19650
Scores calculated for: 0_19649
Scores calculated for: 0_19648
Scores calculated for: 0_19642
Scores calculated for: 0_19641
Scores calculated for: 0_19640
Scores calculated for: 0_19637
Scores calculated for: 0_19633
Scores calculated for: 0_19632
Scores calculated for: 0_19629
Scores calculated for: 0_19628
Scores calculated for: 0_19625
Scores calculated for: 0_19623
Scores calculated for: 0_19619
Scores calculated for: 0_19618
Scores calculated for: 0_19609
Scores calculated for: 0_19607
Scores calculated for: 0_19604
Scores calculated for: 0_19601
Scores calculated for: 0_19596
Scores calculated for: 0_19594
Scores calculated for: 0_19593
Scores calculated for: 0_19591
Scores calculated for: 0_19586
Scores calculated for: 0_19582
Scores calculated for: 0_19578
Scores calculated for: 0_19576
Scores calculated for: 0_19573
Scores calculated for: 0_19571
Scores calculated for: 0_19570
Scores calculated for: 0_19569
Scores calculated for: 0_19560
Scores calculated for: 0_19556
Scores calculated for: 0_19548
Scores calculated for: 0_19547
Scores calculated for: 0_19545
Scores calculated for: 0_19544
Scores calculated for: 0_19543
Scores calculated for: 0_19539
Scores calculated for: 0_19537
Scores calculated for: 0_19535
Scores calculated for: 0_19534
Scores calculated for: 0_19530
Scores calculated for: 0_19528
Scores calculated for: 0_19527
Scores calculated for: 0_19526
Scores calculated for: 0_19524
Scores calculated for: 0_19523
Scores calculated for: 0_19521
Scores calculated for: 0_19517
Scores calculated for: 0_19507
Scores calculated for: 0_19506
Scores calculated for: 0_19505
Scores calculated for: 0_19502
Scores calculated for: 0_19499
Scores calculated for: 0_19495
Scores calculated for: 0_19493
Scores calculated for: 0_19487
Scores calculated for: 0_19486
Scores calculated for: 0_19481
Scores calculated for: 0_19480
Scores calculated for: 0_19479
Scores calculated for: 0_19478
Scores calculated for: 0_19470
Scores calculated for: 0_19467
Scores calculated for: 0_19460
Scores calculated for: 0_19458
Scores calculated for: 0_19455
Scores calculated for: 0_19448
Scores calculated for: 0_19445
Scores calculated for: 0_19444
Scores calculated for: 0_19443
Scores calculated for: 0_19441
Scores calculated for: 0_19440
Scores calculated for: 0_19438
Scores calculated for: 0_19436
Scores calculated for: 0_19434
Scores calculated for: 0_19433
Scores calculated for: 0_19427
Scores calculated for: 0_19423
Scores calculated for: 0_19421
Scores calculated for: 0_19418
Scores calculated for: 0_19417
Scores calculated for: 0_19416
Scores calculated for: 0_19415
Scores calculated for: 0_19414
Scores calculated for: 0_19413
Scores calculated for: 0_19407
Scores calculated for: 0_19404
Scores calculated for: 0_19402
Scores calculated for: 0_19401
Scores calculated for: 0_19398
Scores calculated for: 0_19396
Scores calculated for: 0_19394
Scores calculated for: 0_19391
Scores calculated for: 0_19386
Scores calculated for: 0_19385
Scores calculated for: 0_19378
Scores calculated for: 0_19377
Scores calculated for: 0_19372
Scores calculated for: 0_19371
Scores calculated for: 0_19369
Scores calculated for: 0_19364
Scores calculated for: 0_19362
Scores calculated for: 0_19360
Scores calculated for: 0_19359
Scores calculated for: 0_19354
Scores calculated for: 0_19352
Scores calculated for: 0_19351
Scores calculated for: 0_19347
Scores calculated for: 0_19346
Scores calculated for: 0_19342
Scores calculated for: 0_19339
Scores calculated for: 0_19336
Scores calculated for: 0_19335
Scores calculated for: 0_19334
Scores calculated for: 0_19330
Scores calculated for: 0_19328
Scores calculated for: 0_19324
Scores calculated for: 0_19322
Scores calculated for: 0_19320
Scores calculated for: 0_19319
Scores calculated for: 0_19317
Scores calculated for: 0_19315
Scores calculated for: 0_19312
Scores calculated for: 0_19309
Scores calculated for: 0_19304
Scores calculated for: 0_19302
Scores calculated for: 0_19301
Scores calculated for: 0_19295
Scores calculated for: 0_19294
Scores calculated for: 0_19293
Scores calculated for: 0_19286
Scores calculated for: 0_19285
Scores calculated for: 0_19284
Scores calculated for: 0_19281
Scores calculated for: 0_19280
Scores calculated for: 0_19279
Scores calculated for: 0_19278
Scores calculated for: 0_19276
Scores calculated for: 0_19275
Scores calculated for: 0_19271
Scores calculated for: 0_19252
Scores calculated for: 0_19248
Scores calculated for: 0_19246
Scores calculated for: 0_19224
Scores calculated for: 0_19221
Scores calculated for: 0_19220
Scores calculated for: 0_19219
Scores calculated for: 0_19217
Scores calculated for: 0_19211
Scores calculated for: 0_19208
Scores calculated for: 0_19202
Scores calculated for: 0_19201
Scores calculated for: 0_19198
Scores calculated for: 0_19196
Scores calculated for: 0_19191
Scores calculated for: 0_19184
Scores calculated for: 0_19180
Scores calculated for: 0_19178
Scores calculated for: 0_19176
Scores calculated for: 0_19175
Scores calculated for: 0_19173
Scores calculated for: 0_19170
Scores calculated for: 0_19157
Scores calculated for: 0_19114
Scores calculated for: 0_19104
Scores calculated for: 0_19087
Scores calculated for: 0_19084
Scores calculated for: 0_19079
Scores calculated for: 0_19031
Scores calculated for: 0_19021
Scores calculated for: 0_19019
Scores calculated for: 0_19016
Scores calculated for: 0_19013
Scores calculated for: 0_19009
Scores calculated for: 0_19007
Scores calculated for: 0_19006
Scores calculated for: 0_19002
Scores calculated for: 0_19001
Scores calculated for: 0_18999
Scores calculated for: 0_18995
Scores calculated for: 0_18994
Scores calculated for: 0_18933
Scores calculated for: 0_18927
Scores calculated for: 0_18922
Scores calculated for: 0_18918
Scores calculated for: 0_18916
Scores calculated for: 0_18911
Scores calculated for: 0_18910
Scores calculated for: 0_18909
Scores calculated for: 0_18904
Scores calculated for: 0_18902
Scores calculated for: 0_18901
Scores calculated for: 0_18900
Scores calculated for: 0_18898
Scores calculated for: 0_18884
Scores calculated for: 0_18881
Scores calculated for: 0_18878
Scores calculated for: 0_18857
Scores calculated for: 0_18855
Scores calculated for: 0_18851
Scores calculated for: 0_18825
Scores calculated for: 0_18816
Scores calculated for: 0_18808
Scores calculated for: 0_18807
Scores calculated for: 0_18806
Scores calculated for: 0_18800
Scores calculated for: 0_18795
Scores calculated for: 0_18789
Scores calculated for: 0_18784
Scores calculated for: 0_18782
Scores calculated for: 0_18775
Scores calculated for: 0_18774
Scores calculated for: 0_18769
Scores calculated for: 0_18768
Scores calculated for: 0_18764
Scores calculated for: 0_18762
Scores calculated for: 0_18756
Scores calculated for: 0_18754
Scores calculated for: 0_18750
Scores calculated for: 0_18745
Scores calculated for: 0_18744
Scores calculated for: 0_18734
Scores calculated for: 0_18729
Scores calculated for: 0_18726
Scores calculated for: 0_18722
Scores calculated for: 0_18721
Scores calculated for: 0_18720
Scores calculated for: 0_18715
Scores calculated for: 0_18713
Scores calculated for: 0_18709
Scores calculated for: 0_18708
Scores calculated for: 0_18701
Scores calculated for: 0_18698
Scores calculated for: 0_18696
Scores calculated for: 0_18695
Scores calculated for: 0_18692
Scores calculated for: 0_18686
Scores calculated for: 0_18684
Scores calculated for: 0_18682
Scores calculated for: 0_18678
Scores calculated for: 0_18676
Scores calculated for: 0_18674
Scores calculated for: 0_18669
Scores calculated for: 0_18664
Scores calculated for: 0_18661
Scores calculated for: 0_18660
Scores calculated for: 0_18658
Scores calculated for: 0_18657
Scores calculated for: 0_18656
Scores calculated for: 0_18654
Scores calculated for: 0_18653
Scores calculated for: 0_18650
Scores calculated for: 0_18649
Scores calculated for: 0_18645
Scores calculated for: 0_18644
Scores calculated for: 0_18639
Scores calculated for: 0_18638
Scores calculated for: 0_18637
Scores calculated for: 0_18634
Scores calculated for: 0_18632
Scores calculated for: 0_18629
Scores calculated for: 0_18628
Scores calculated for: 0_18626
Scores calculated for: 0_18625
Scores calculated for: 0_18624
Scores calculated for: 0_18623
Scores calculated for: 0_18612
Scores calculated for: 0_18609
Scores calculated for: 0_18602
Scores calculated for: 0_18601
Scores calculated for: 0_18597
Scores calculated for: 0_18596
Scores calculated for: 0_18591
Scores calculated for: 0_18589
Scores calculated for: 0_18588
Scores calculated for: 0_18587
Scores calculated for: 0_18586
Scores calculated for: 0_18578
Scores calculated for: 0_18573
Scores calculated for: 0_18570
Scores calculated for: 0_18569
Scores calculated for: 0_18564
Scores calculated for: 0_18559
Scores calculated for: 0_18555
Scores calculated for: 0_18553
Scores calculated for: 0_18552
Scores calculated for: 0_18548
Scores calculated for: 0_18546
Scores calculated for: 0_18545
Scores calculated for: 0_18543
Scores calculated for: 0_18541
Scores calculated for: 0_18539
Scores calculated for: 0_18538
Scores calculated for: 0_18535
Scores calculated for: 0_18533
Scores calculated for: 0_18529
Scores calculated for: 0_18524
Scores calculated for: 0_18522
Scores calculated for: 0_18518
Scores calculated for: 0_18517
Scores calculated for: 0_18515
Scores calculated for: 0_18512
Scores calculated for: 0_18511
Scores calculated for: 0_18509
Scores calculated for: 0_18507
Scores calculated for: 0_18506
Scores calculated for: 0_18505
Scores calculated for: 0_18504
Scores calculated for: 0_18495
Scores calculated for: 0_18494
Scores calculated for: 0_18493
Scores calculated for: 0_18490
Scores calculated for: 0_18488
Scores calculated for: 0_18484
Scores calculated for: 0_18478
Scores calculated for: 0_18477
Scores calculated for: 0_18474
Scores calculated for: 0_18470
Scores calculated for: 0_18469
Scores calculated for: 0_18458
Scores calculated for: 0_18454
Scores calculated for: 0_18449
Scores calculated for: 0_18444
Scores calculated for: 0_18441
Scores calculated for: 0_18439
Scores calculated for: 0_18438
Scores calculated for: 0_18436
Scores calculated for: 0_18427
Scores calculated for: 0_18421
Scores calculated for: 0_18414
Scores calculated for: 0_18409
Scores calculated for: 0_18408
Scores calculated for: 0_18407
Scores calculated for: 0_18397
Scores calculated for: 0_18395
Scores calculated for: 0_18393
Scores calculated for: 0_18391
Scores calculated for: 0_18390
Scores calculated for: 0_18388
Scores calculated for: 0_18383
Scores calculated for: 0_18381
Scores calculated for: 0_18373
Scores calculated for: 0_18367
Scores calculated for: 0_18366
Scores calculated for: 0_18364
Scores calculated for: 0_18358
Scores calculated for: 0_18353
Scores calculated for: 0_18351
Scores calculated for: 0_18350
Scores calculated for: 0_18345
Scores calculated for: 0_18344
Scores calculated for: 0_18343
Scores calculated for: 0_18342
Scores calculated for: 0_18341
Scores calculated for: 0_18340
Scores calculated for: 0_18336
Scores calculated for: 0_18334
Scores calculated for: 0_18333
Scores calculated for: 0_18320
Scores calculated for: 0_18319
Scores calculated for: 0_18316
Scores calculated for: 0_18315
Scores calculated for: 0_18313
Scores calculated for: 0_18304
Scores calculated for: 0_18302
Scores calculated for: 0_18294
Scores calculated for: 0_18289
Scores calculated for: 0_18285
Scores calculated for: 0_18283
Scores calculated for: 0_18282
Scores calculated for: 0_18277
Scores calculated for: 0_18276
Scores calculated for: 0_18275
Scores calculated for: 0_18274
Scores calculated for: 0_18272
Scores calculated for: 0_18267
Scores calculated for: 0_18265
Scores calculated for: 0_18263
Scores calculated for: 0_18260
Scores calculated for: 0_18257
Scores calculated for: 0_18253
Scores calculated for: 0_18250
Scores calculated for: 0_18247
Scores calculated for: 0_18246
Scores calculated for: 0_18245
Scores calculated for: 0_18244
Scores calculated for: 0_18241
Scores calculated for: 0_18238
Scores calculated for: 0_18233
Scores calculated for: 0_18231
Scores calculated for: 0_18228
Scores calculated for: 0_18227
Scores calculated for: 0_18226
Scores calculated for: 0_18225
Scores calculated for: 0_18223
Scores calculated for: 0_18221
Scores calculated for: 0_18211
Scores calculated for: 0_18209
Scores calculated for: 0_18202
Scores calculated for: 0_18197
Scores calculated for: 0_18188
Scores calculated for: 0_18183
Scores calculated for: 0_18181
Scores calculated for: 0_18180
Scores calculated for: 0_18179
Scores calculated for: 0_18177
Scores calculated for: 0_18176
Scores calculated for: 0_18175
Scores calculated for: 0_18174
Scores calculated for: 0_18171
Scores calculated for: 0_18170
Scores calculated for: 0_18168
Scores calculated for: 0_18164
Scores calculated for: 0_18163
Scores calculated for: 0_18161
Scores calculated for: 0_18160
Scores calculated for: 0_18159
Scores calculated for: 0_18155
Scores calculated for: 0_18151
Scores calculated for: 0_18150
Scores calculated for: 0_18147
Scores calculated for: 0_18143
Scores calculated for: 0_18138
Scores calculated for: 0_18135
Scores calculated for: 0_18129
Scores calculated for: 0_18126
Scores calculated for: 0_18125
Scores calculated for: 0_18124
Scores calculated for: 0_18123
Scores calculated for: 0_18122
Scores calculated for: 0_18118
Scores calculated for: 0_18114
Scores calculated for: 0_18113
Scores calculated for: 0_18109
Scores calculated for: 0_18103
Scores calculated for: 0_18097
Scores calculated for: 0_18096
Scores calculated for: 0_18094
Scores calculated for: 0_18090
Scores calculated for: 0_18087
Scores calculated for: 0_18083
Scores calculated for: 0_18082
Scores calculated for: 0_18080
Scores calculated for: 0_18071
Scores calculated for: 0_18070
Scores calculated for: 0_18068
Scores calculated for: 0_18064
Scores calculated for: 0_18062
Scores calculated for: 0_18060
Scores calculated for: 0_18059
Scores calculated for: 0_18058
Scores calculated for: 0_18051
Scores calculated for: 0_18050
Scores calculated for: 0_18048
Scores calculated for: 0_18047
Scores calculated for: 0_18046
Scores calculated for: 0_18042
Scores calculated for: 0_18037
Scores calculated for: 0_18035
Scores calculated for: 0_18034
Scores calculated for: 0_18031
Scores calculated for: 0_18026
Scores calculated for: 0_18022
Scores calculated for: 0_18014
Scores calculated for: 0_18010
Scores calculated for: 0_18007
Scores calculated for: 0_18006
Scores calculated for: 0_17998
Scores calculated for: 0_17997
Scores calculated for: 0_17995
Scores calculated for: 0_17992
Scores calculated for: 0_17985
Scores calculated for: 0_17981
Scores calculated for: 0_17972
Scores calculated for: 0_17968
Scores calculated for: 0_17964
Scores calculated for: 0_17963
Scores calculated for: 0_17953
Scores calculated for: 0_17950
Scores calculated for: 0_17949
Scores calculated for: 0_17948
Scores calculated for: 0_17944
Scores calculated for: 0_17939
Scores calculated for: 0_17933
Scores calculated for: 0_17930
Scores calculated for: 0_17923
Scores calculated for: 0_17908
Scores calculated for: 0_17905
Scores calculated for: 0_17764
Scores calculated for: 0_17763
Scores calculated for: 0_17762
Scores calculated for: 0_17761
Scores calculated for: 0_17760
Scores calculated for: 0_17757
Scores calculated for: 0_17756
Scores calculated for: 0_17753
Scores calculated for: 0_17752
Scores calculated for: 0_17747
Scores calculated for: 0_17746
Scores calculated for: 0_17745
Scores calculated for: 0_17743
Scores calculated for: 0_17742
Scores calculated for: 0_17741
Scores calculated for: 0_17737
Scores calculated for: 0_17735
Scores calculated for: 0_17667
Scores calculated for: 0_17631
Scores calculated for: 0_17625
Scores calculated for: 0_17621
Scores calculated for: 0_17613
Scores calculated for: 0_17612
Scores calculated for: 0_17611
Scores calculated for: 0_17610
Scores calculated for: 0_17609
Scores calculated for: 0_17606
Scores calculated for: 0_17605
Scores calculated for: 0_17601
Scores calculated for: 0_17596
Scores calculated for: 0_17588
Scores calculated for: 0_17584
Scores calculated for: 0_17581
Scores calculated for: 0_17580
Scores calculated for: 0_17579
Scores calculated for: 0_17577
Scores calculated for: 0_17572
Scores calculated for: 0_17562
Scores calculated for: 0_17559
Scores calculated for: 0_17557
Scores calculated for: 0_17556
Scores calculated for: 0_17555
Scores calculated for: 0_17552
Scores calculated for: 0_17551
Scores calculated for: 0_17549
Scores calculated for: 0_17547
Scores calculated for: 0_17545
Scores calculated for: 0_17542
Scores calculated for: 0_17540
Scores calculated for: 0_17538
Scores calculated for: 0_17537
Scores calculated for: 0_17535
Scores calculated for: 0_17534
Scores calculated for: 0_17531
Scores calculated for: 0_17525
Scores calculated for: 0_17518
Scores calculated for: 0_17517
Scores calculated for: 0_17506
Scores calculated for: 0_17493
Scores calculated for: 0_17492
Scores calculated for: 0_17490
Scores calculated for: 0_17484
Scores calculated for: 0_17467
Scores calculated for: 0_17465
Scores calculated for: 0_17460
Scores calculated for: 0_17450
Scores calculated for: 0_17443
Scores calculated for: 0_17435
Scores calculated for: 0_17434
Scores calculated for: 0_17433
Scores calculated for: 0_17432
Scores calculated for: 0_17429
Scores calculated for: 0_17421
Scores calculated for: 0_17409
Scores calculated for: 0_17399
Scores calculated for: 0_17395
Scores calculated for: 0_17394
Scores calculated for: 0_17391
Scores calculated for: 0_17387
Scores calculated for: 0_17384
Scores calculated for: 0_17381
Scores calculated for: 0_17380
Scores calculated for: 0_17379
Scores calculated for: 0_17371
Scores calculated for: 0_17370
Scores calculated for: 0_17368
Scores calculated for: 0_17367
Scores calculated for: 0_17361
Scores calculated for: 0_17359
Scores calculated for: 0_17351
Scores calculated for: 0_17346
Scores calculated for: 0_17344
Scores calculated for: 0_17343
Scores calculated for: 0_17339
Scores calculated for: 0_17338
Scores calculated for: 0_17337
Scores calculated for: 0_17335
Scores calculated for: 0_17333
Scores calculated for: 0_17332
Scores calculated for: 0_17330
Scores calculated for: 0_17637
Scores calculated for: 0_17325
Scores calculated for: 0_17324
Scores calculated for: 0_17320
Scores calculated for: 0_17319
Scores calculated for: 0_17318
Scores calculated for: 0_17317
Scores calculated for: 0_17315
Scores calculated for: 0_17314
Scores calculated for: 0_17312
Scores calculated for: 0_17309
Scores calculated for: 0_17306
Scores calculated for: 0_17296
Scores calculated for: 0_17294
Scores calculated for: 0_17293
Scores calculated for: 0_17292
Scores calculated for: 0_17290
Scores calculated for: 0_17289
Scores calculated for: 0_17284
Scores calculated for: 0_17282
Scores calculated for: 0_17266
Scores calculated for: 0_17259
Scores calculated for: 0_17257
Scores calculated for: 0_17255
Scores calculated for: 0_17252
Scores calculated for: 0_17245
Scores calculated for: 0_17243
Scores calculated for: 0_17242
Scores calculated for: 0_17639
Scores calculated for: 0_17240
Scores calculated for: 0_17234
Scores calculated for: 0_17233
Scores calculated for: 0_17231
Scores calculated for: 0_17230
Scores calculated for: 0_17227
Scores calculated for: 0_17222
Scores calculated for: 0_17218
Scores calculated for: 0_17217
Scores calculated for: 0_17211
Scores calculated for: 0_17198
Scores calculated for: 0_17192
Scores calculated for: 0_17187
Scores calculated for: 0_17186
Scores calculated for: 0_17185
Scores calculated for: 0_17184
Scores calculated for: 0_17183
Scores calculated for: 0_17182
Scores calculated for: 0_17181
Scores calculated for: 0_17175
Scores calculated for: 0_17171
Scores calculated for: 0_17168
Scores calculated for: 0_17156
Scores calculated for: 0_17155
Scores calculated for: 0_17153
Scores calculated for: 0_17152
Scores calculated for: 0_17149
Scores calculated for: 0_17147
Scores calculated for: 0_17137
Scores calculated for: 0_17135
Scores calculated for: 0_17130
Scores calculated for: 0_17123
Scores calculated for: 0_17122
Scores calculated for: 0_17121
Scores calculated for: 0_17119
Scores calculated for: 0_17117
Scores calculated for: 0_17115
Scores calculated for: 0_17113
Scores calculated for: 0_17108
Scores calculated for: 0_17105
Scores calculated for: 0_17103
Scores calculated for: 0_17101
Scores calculated for: 0_17100
Scores calculated for: 0_17089
Scores calculated for: 0_17085
Scores calculated for: 0_17083
Scores calculated for: 0_17080
Scores calculated for: 0_17077
Scores calculated for: 0_17069
Scores calculated for: 0_17067
Scores calculated for: 0_17066
Scores calculated for: 0_17064
Scores calculated for: 0_17063
Scores calculated for: 0_17052
Scores calculated for: 0_17046
Scores calculated for: 0_17043
Scores calculated for: 0_17042
Scores calculated for: 0_17039
Scores calculated for: 0_17037
Scores calculated for: 0_17035
Scores calculated for: 0_17034
Scores calculated for: 0_17029
Scores calculated for: 0_17027
Scores calculated for: 0_17026
Scores calculated for: 0_17021
Scores calculated for: 0_17017
Scores calculated for: 0_17010
Scores calculated for: 0_17009
Scores calculated for: 0_17008
Scores calculated for: 0_17004
Scores calculated for: 0_17002
Scores calculated for: 0_16997
Scores calculated for: 0_16994
Scores calculated for: 0_16991
Scores calculated for: 0_16990
Scores calculated for: 0_16983
Scores calculated for: 0_16981
Scores calculated for: 0_16971
Scores calculated for: 0_16969
Scores calculated for: 0_16966
Scores calculated for: 0_16963
Scores calculated for: 0_16961
Scores calculated for: 0_16960
Scores calculated for: 0_16959
Scores calculated for: 0_16955
Scores calculated for: 0_16954
Scores calculated for: 0_16950
Scores calculated for: 0_16949
Scores calculated for: 0_16943
Scores calculated for: 0_16940
Scores calculated for: 0_16934
Scores calculated for: 0_16933
Scores calculated for: 0_16930
Scores calculated for: 0_16926
Scores calculated for: 0_16925
Scores calculated for: 0_16921
Scores calculated for: 0_16920
Scores calculated for: 0_16917
Scores calculated for: 0_16916
Scores calculated for: 0_16904
Scores calculated for: 0_16899
Scores calculated for: 0_16898
Scores calculated for: 0_16897
Scores calculated for: 0_16895
Scores calculated for: 0_16894
Scores calculated for: 0_16888
Scores calculated for: 0_16886
Scores calculated for: 0_16885
Scores calculated for: 0_17651
Scores calculated for: 0_16884
Scores calculated for: 0_16880
Scores calculated for: 0_16879
Scores calculated for: 0_16878
Scores calculated for: 0_16877
Scores calculated for: 0_16876
Scores calculated for: 0_16874
Scores calculated for: 0_16872
Scores calculated for: 0_16871
Scores calculated for: 0_16869
Scores calculated for: 0_16868
Scores calculated for: 0_16865
Scores calculated for: 0_16863
Scores calculated for: 0_16861
Scores calculated for: 0_16856
Scores calculated for: 0_16850
Scores calculated for: 0_16847
Scores calculated for: 0_16843
Scores calculated for: 0_16842
Scores calculated for: 0_16834
Scores calculated for: 0_16833
Scores calculated for: 0_16831
Scores calculated for: 0_16823
Scores calculated for: 0_16822
Scores calculated for: 0_16820
Scores calculated for: 0_16815
Scores calculated for: 0_16814
Scores calculated for: 0_16808
Scores calculated for: 0_16806
Scores calculated for: 0_16805
Scores calculated for: 0_16804
Scores calculated for: 0_16803
Scores calculated for: 0_16802
Scores calculated for: 0_16801
Scores calculated for: 0_16798
Scores calculated for: 0_16794
Scores calculated for: 0_16793
Scores calculated for: 0_16792
Scores calculated for: 0_16789
Scores calculated for: 0_16785
Scores calculated for: 0_16783
Scores calculated for: 0_16781
Scores calculated for: 0_16778
Scores calculated for: 0_16777
Scores calculated for: 0_16771
Scores calculated for: 0_16770
Scores calculated for: 0_16756
Scores calculated for: 0_16743
Scores calculated for: 0_16740
Scores calculated for: 0_17657
Scores calculated for: 0_16738
Scores calculated for: 0_16737
Scores calculated for: 0_16736
Scores calculated for: 0_16734
Scores calculated for: 0_16728
Scores calculated for: 0_16725
Scores calculated for: 0_16723
Scores calculated for: 0_16716
Scores calculated for: 0_16715
Scores calculated for: 0_16713
Scores calculated for: 0_16711
Scores calculated for: 0_17659
Scores calculated for: 0_16707
Scores calculated for: 0_16706
Scores calculated for: 0_16704
Scores calculated for: 0_16702
Scores calculated for: 0_16701
Scores calculated for: 0_16696
Scores calculated for: 0_16695
Scores calculated for: 0_16694
Scores calculated for: 0_16693
Scores calculated for: 0_16692
Scores calculated for: 0_16691
Scores calculated for: 0_16686
Scores calculated for: 0_16682
Scores calculated for: 0_16681
Scores calculated for: 0_16680
Scores calculated for: 0_16679
Scores calculated for: 0_16678
Scores calculated for: 0_16675
Scores calculated for: 0_16673
Scores calculated for: 0_16670
Scores calculated for: 0_16666
Scores calculated for: 0_16662
Scores calculated for: 0_16657
Scores calculated for: 0_16655
Scores calculated for: 0_16654
Scores calculated for: 0_16653
Scores calculated for: 0_16651
Scores calculated for: 0_16650
Scores calculated for: 0_16649
Scores calculated for: 0_16647
Scores calculated for: 0_16643
Scores calculated for: 0_16642
Scores calculated for: 0_16641
Scores calculated for: 0_16639
Scores calculated for: 0_16636
Scores calculated for: 0_16634
Scores calculated for: 0_16633
Scores calculated for: 0_16630
Scores calculated for: 0_16628
Scores calculated for: 0_16620
Scores calculated for: 0_16617
Scores calculated for: 0_16615
Scores calculated for: 0_16610
Scores calculated for: 0_16604
Scores calculated for: 0_16603
Scores calculated for: 0_16601
Scores calculated for: 0_16600
Scores calculated for: 0_16599
Scores calculated for: 0_16596
Scores calculated for: 0_16592
Scores calculated for: 0_16588
Scores calculated for: 0_16584
Scores calculated for: 0_16583
Scores calculated for: 0_16582
Scores calculated for: 0_16579
Scores calculated for: 0_16562
Scores calculated for: 0_16561
Scores calculated for: 0_16560
Scores calculated for: 0_16555
Scores calculated for: 0_16554
Scores calculated for: 0_16553
Scores calculated for: 0_16551
Scores calculated for: 0_16549
Scores calculated for: 0_16548
Scores calculated for: 0_16547
Scores calculated for: 0_16546
Scores calculated for: 0_16544
Scores calculated for: 0_16539
Scores calculated for: 0_16536
Scores calculated for: 0_16533
Scores calculated for: 0_16532
Scores calculated for: 0_16522
Scores calculated for: 0_16521
Scores calculated for: 0_16515
Scores calculated for: 0_16508
Scores calculated for: 0_16506
Scores calculated for: 0_16504
Scores calculated for: 0_16503
Scores calculated for: 0_16502
Scores calculated for: 0_16500
Scores calculated for: 0_16497
Scores calculated for: 0_16496
Scores calculated for: 0_16493
Scores calculated for: 0_16491
Scores calculated for: 0_16488
Scores calculated for: 0_16486
Scores calculated for: 0_16484
Scores calculated for: 0_16481
Scores calculated for: 0_16476
Scores calculated for: 0_16474
Scores calculated for: 0_16471
Scores calculated for: 0_16470
Scores calculated for: 0_16469
Scores calculated for: 0_16464
Scores calculated for: 0_16463
Scores calculated for: 0_16461
Scores calculated for: 0_16459
Scores calculated for: 0_16458
Scores calculated for: 0_16453
Scores calculated for: 0_16452
Scores calculated for: 0_16451
Scores calculated for: 0_16446
Scores calculated for: 0_16443
Scores calculated for: 0_16439
Scores calculated for: 0_16438
Scores calculated for: 0_16437
Scores calculated for: 0_16435
Scores calculated for: 0_16431
Scores calculated for: 0_16424
Scores calculated for: 0_16421
Scores calculated for: 0_16420
Scores calculated for: 0_17665
Scores calculated for: 0_16416
Scores calculated for: 0_17668
Scores calculated for: 0_16408
Scores calculated for: 0_16407
Scores calculated for: 0_16405
Scores calculated for: 0_16404
Scores calculated for: 0_16396
Scores calculated for: 0_16388
Scores calculated for: 0_16387
Scores calculated for: 0_17672
Scores calculated for: 0_16379
Scores calculated for: 0_16374
Scores calculated for: 0_16368
Scores calculated for: 0_16367
Scores calculated for: 0_16365
Scores calculated for: 0_16363
Scores calculated for: 0_16360
Scores calculated for: 0_16357
Scores calculated for: 0_16356
Scores calculated for: 0_16355
Scores calculated for: 0_16351
Scores calculated for: 0_16350
Scores calculated for: 0_16343
Scores calculated for: 0_16342
Scores calculated for: 0_16341
Scores calculated for: 0_16340
Scores calculated for: 0_16339
Scores calculated for: 0_16338
Scores calculated for: 0_16337
Scores calculated for: 0_16336
Scores calculated for: 0_16335
Scores calculated for: 0_16334
Scores calculated for: 0_16332
Scores calculated for: 0_16331
Scores calculated for: 0_16324
Scores calculated for: 0_17634
Scores calculated for: 0_16322
Scores calculated for: 0_16320
Scores calculated for: 0_16319
Scores calculated for: 0_16318
Scores calculated for: 0_16316
Scores calculated for: 0_16311
Scores calculated for: 0_16298
Scores calculated for: 0_16290
Scores calculated for: 0_16289
Scores calculated for: 0_16288
Scores calculated for: 0_16281
Scores calculated for: 0_16271
Scores calculated for: 0_16270
Scores calculated for: 0_16269
Scores calculated for: 0_16266
Scores calculated for: 0_16265
Scores calculated for: 0_16259
Scores calculated for: 0_16258
Scores calculated for: 0_16252
Scores calculated for: 0_16249
Scores calculated for: 0_16247
Scores calculated for: 0_16238
Scores calculated for: 0_16236
Scores calculated for: 0_16233
Scores calculated for: 0_16231
Scores calculated for: 0_16228
Scores calculated for: 0_16226
Scores calculated for: 0_16224
Scores calculated for: 0_16223
Scores calculated for: 0_16220
Scores calculated for: 0_16213
Scores calculated for: 0_16208
Scores calculated for: 0_16205
Scores calculated for: 0_16204
Scores calculated for: 0_16201
Scores calculated for: 0_16198
Scores calculated for: 0_16191
Scores calculated for: 0_16186
Scores calculated for: 0_16183
Scores calculated for: 0_16180
Scores calculated for: 0_17684
Scores calculated for: 0_16175
Scores calculated for: 0_16174
Scores calculated for: 0_16173
Scores calculated for: 0_16163
Scores calculated for: 0_16162
Scores calculated for: 0_16161
Scores calculated for: 0_16153
Scores calculated for: 0_16152
Scores calculated for: 0_16146
Scores calculated for: 0_16145
Scores calculated for: 0_16143
Scores calculated for: 0_16139
Scores calculated for: 0_16134
Scores calculated for: 0_16133
Scores calculated for: 0_16131
Scores calculated for: 0_16130
Scores calculated for: 0_17690
Scores calculated for: 0_16129
Scores calculated for: 0_16127
Scores calculated for: 0_16125
Scores calculated for: 0_16123
Scores calculated for: 0_16120
Scores calculated for: 0_16119
Scores calculated for: 0_16116
Scores calculated for: 0_16114
Scores calculated for: 0_16109
Scores calculated for: 0_16108
Scores calculated for: 0_16107
Scores calculated for: 0_16106
Scores calculated for: 0_16105
Scores calculated for: 0_16104
Scores calculated for: 0_16103
Scores calculated for: 0_16102
Scores calculated for: 0_16095
Scores calculated for: 0_16094
Scores calculated for: 0_16092
Scores calculated for: 0_16091
Scores calculated for: 0_16084
Scores calculated for: 0_16078
Scores calculated for: 0_16077
Scores calculated for: 0_16076
Scores calculated for: 0_16065
Scores calculated for: 0_16060
Scores calculated for: 0_16058
Scores calculated for: 0_16057
Scores calculated for: 0_16052
Scores calculated for: 0_16049
Scores calculated for: 0_16048
Scores calculated for: 0_16043
Scores calculated for: 0_16039
Scores calculated for: 0_16038
Scores calculated for: 0_16036
Scores calculated for: 0_16035
Scores calculated for: 0_16034
Scores calculated for: 0_16033
Scores calculated for: 0_16032
Scores calculated for: 0_16026
Scores calculated for: 0_16024
Scores calculated for: 0_16021
Scores calculated for: 0_16019
Scores calculated for: 0_16008
Scores calculated for: 0_16006
Scores calculated for: 0_16003
Scores calculated for: 0_16002
Scores calculated for: 0_16000
Scores calculated for: 0_15998
Scores calculated for: 0_15997
Scores calculated for: 0_15995
Scores calculated for: 0_15992
Scores calculated for: 0_15991
Scores calculated for: 0_15990
Scores calculated for: 0_15989
Scores calculated for: 0_15988
Scores calculated for: 0_15987
Scores calculated for: 0_15985
Scores calculated for: 0_15983
Scores calculated for: 0_15982
Scores calculated for: 0_15981
Scores calculated for: 0_15980
Scores calculated for: 0_15979
Scores calculated for: 0_15977
Scores calculated for: 0_15976
Scores calculated for: 0_15974
Scores calculated for: 0_15971
Scores calculated for: 0_15969
Scores calculated for: 0_15968
Scores calculated for: 0_15967
Scores calculated for: 0_15964
Scores calculated for: 0_15960
Scores calculated for: 0_15954
Scores calculated for: 0_15952
Scores calculated for: 0_15949
Scores calculated for: 0_15945
Scores calculated for: 0_15943
Scores calculated for: 0_15942
Scores calculated for: 0_15940
Scores calculated for: 0_15939
Scores calculated for: 0_15935
Scores calculated for: 0_15934
Scores calculated for: 0_15931
Scores calculated for: 0_15927
Scores calculated for: 0_15926
Scores calculated for: 0_15925
Scores calculated for: 0_17694
Scores calculated for: 0_15924
Scores calculated for: 0_15923
Scores calculated for: 0_15922
Scores calculated for: 0_15921
Scores calculated for: 0_15920
Scores calculated for: 0_15917
Scores calculated for: 0_15915
Scores calculated for: 0_15913
Scores calculated for: 0_15908
Scores calculated for: 0_15906
Scores calculated for: 0_15904
Scores calculated for: 0_15902
Scores calculated for: 0_15898
Scores calculated for: 0_15897
Scores calculated for: 0_15896
Scores calculated for: 0_15893
Scores calculated for: 0_15884
Scores calculated for: 0_15883
Scores calculated for: 0_15880
Scores calculated for: 0_15878
Scores calculated for: 0_15873
Scores calculated for: 0_17696
Scores calculated for: 0_15867
Scores calculated for: 0_15864
Scores calculated for: 0_15860
Scores calculated for: 0_17698
Scores calculated for: 0_15858
Scores calculated for: 0_15855
Scores calculated for: 0_15852
Scores calculated for: 0_15849
Scores calculated for: 0_15845
Scores calculated for: 0_15843
Scores calculated for: 0_15842
Scores calculated for: 0_15839
Scores calculated for: 0_15837
Scores calculated for: 0_15835
Scores calculated for: 0_15834
Scores calculated for: 0_15833
Scores calculated for: 0_15829
Scores calculated for: 0_15828
Scores calculated for: 0_15827
Scores calculated for: 0_15823
Scores calculated for: 0_15822
Scores calculated for: 0_15821
Scores calculated for: 0_15820
Scores calculated for: 0_15818
Scores calculated for: 0_15813
Scores calculated for: 0_15812
Scores calculated for: 0_15808
Scores calculated for: 0_15806
Scores calculated for: 0_15802
Scores calculated for: 0_15801
Scores calculated for: 0_15800
Scores calculated for: 0_15797
Scores calculated for: 0_15791
Scores calculated for: 0_15790
Scores calculated for: 0_15789
Scores calculated for: 0_15787
Scores calculated for: 0_15785
Scores calculated for: 0_15784
Scores calculated for: 0_15782
Scores calculated for: 0_15779
Scores calculated for: 0_15772
Scores calculated for: 0_15771
Scores calculated for: 0_15767
Scores calculated for: 0_15764
Scores calculated for: 0_15762
Scores calculated for: 0_15756
Scores calculated for: 0_15750
Scores calculated for: 0_15749
Scores calculated for: 0_15743
Scores calculated for: 0_15741
Scores calculated for: 0_15738
Scores calculated for: 0_15736
Scores calculated for: 0_15735
Scores calculated for: 0_17706
Scores calculated for: 0_15726
Scores calculated for: 0_15725
Scores calculated for: 0_15724
Scores calculated for: 0_15723
Scores calculated for: 0_15718
Scores calculated for: 0_15717
Scores calculated for: 0_15716
Scores calculated for: 0_15715
Scores calculated for: 0_15714
Scores calculated for: 0_15711
Scores calculated for: 0_15709
Scores calculated for: 0_15705
Scores calculated for: 0_17707
Scores calculated for: 0_15702
Scores calculated for: 0_15701
Scores calculated for: 0_15699
Scores calculated for: 0_15698
Scores calculated for: 0_15694
Scores calculated for: 0_15691
Scores calculated for: 0_15689
Scores calculated for: 0_15687
Scores calculated for: 0_15686
Scores calculated for: 0_15678
Scores calculated for: 0_15677
Scores calculated for: 0_15674
Scores calculated for: 0_15673
Scores calculated for: 0_15670
Scores calculated for: 0_15668
Scores calculated for: 0_15666
Scores calculated for: 0_15665
Scores calculated for: 0_15664
Scores calculated for: 0_15662
Scores calculated for: 0_15661
Scores calculated for: 0_15656
Scores calculated for: 0_15653
Scores calculated for: 0_15652
Scores calculated for: 0_15650
Scores calculated for: 0_15649
Scores calculated for: 0_15647
Scores calculated for: 0_17711
Scores calculated for: 0_15641
Scores calculated for: 0_15639
Scores calculated for: 0_15638
Scores calculated for: 0_15634
Scores calculated for: 0_15630
Scores calculated for: 0_15629
Scores calculated for: 0_15618
Scores calculated for: 0_17713
Scores calculated for: 0_15612
Scores calculated for: 0_15609
Scores calculated for: 0_17715
Scores calculated for: 0_15608
Scores calculated for: 0_15607
Scores calculated for: 0_15601
Scores calculated for: 0_15598
Scores calculated for: 0_15596
Scores calculated for: 0_15595
Scores calculated for: 0_15594
Scores calculated for: 0_15588
Scores calculated for: 0_15587
Scores calculated for: 0_15586
Scores calculated for: 0_15580
Scores calculated for: 0_15579
Scores calculated for: 0_15578
Scores calculated for: 0_15575
Scores calculated for: 0_15569
Scores calculated for: 0_15568
Scores calculated for: 0_15567
Scores calculated for: 0_15566
Scores calculated for: 0_15564
Scores calculated for: 0_15563
Scores calculated for: 0_15562
Scores calculated for: 0_15555
Scores calculated for: 0_15554
Scores calculated for: 0_15552
Scores calculated for: 0_15550
Scores calculated for: 0_15547
Scores calculated for: 0_15546
Scores calculated for: 0_15541
Scores calculated for: 0_15539
Scores calculated for: 0_15537
Scores calculated for: 0_15535
Scores calculated for: 0_15531
Scores calculated for: 0_15526
Scores calculated for: 0_15525
Scores calculated for: 0_15523
Scores calculated for: 0_15522
Scores calculated for: 0_15521
Scores calculated for: 0_15516
Scores calculated for: 0_15514
Scores calculated for: 0_15507
Scores calculated for: 0_15505
Scores calculated for: 0_15503
Scores calculated for: 0_15496
Scores calculated for: 0_15494
Scores calculated for: 0_15493
Scores calculated for: 0_15491
Scores calculated for: 0_15490
Scores calculated for: 0_15487
Scores calculated for: 0_15480
Scores calculated for: 0_15479
Scores calculated for: 0_15475
Scores calculated for: 0_15474
Scores calculated for: 0_15470
Scores calculated for: 0_15469
Scores calculated for: 0_15468
Scores calculated for: 0_15465
Scores calculated for: 0_15460
Scores calculated for: 0_15459
Scores calculated for: 0_15456
Scores calculated for: 0_15449
Scores calculated for: 0_15448
Scores calculated for: 0_15441
Scores calculated for: 0_15436
Scores calculated for: 0_15434
Scores calculated for: 0_15431
Scores calculated for: 0_17717
Scores calculated for: 0_15428
Scores calculated for: 0_15427
Scores calculated for: 0_15426
Scores calculated for: 0_17719
Scores calculated for: 0_15419
Scores calculated for: 0_15414
Scores calculated for: 0_15413
Scores calculated for: 0_15410
Scores calculated for: 0_15407
Scores calculated for: 0_15405
Scores calculated for: 0_15400
Scores calculated for: 0_15399
Scores calculated for: 0_15394
Scores calculated for: 0_15387
Scores calculated for: 0_15386
Scores calculated for: 0_15385
Scores calculated for: 0_15384
Scores calculated for: 0_15381
Scores calculated for: 0_15380
Scores calculated for: 0_15377
Scores calculated for: 0_15374
Scores calculated for: 0_15373
Scores calculated for: 0_15372
Scores calculated for: 0_15371
Scores calculated for: 0_15369
Scores calculated for: 0_17721
Scores calculated for: 0_15366
Scores calculated for: 0_15365
Scores calculated for: 0_15363
Scores calculated for: 0_15357
Scores calculated for: 0_15352
Scores calculated for: 0_17723
Scores calculated for: 0_15347
Scores calculated for: 0_15332
Scores calculated for: 0_15331
Scores calculated for: 0_15326
Scores calculated for: 0_15323
Scores calculated for: 0_15319
Scores calculated for: 0_15318
Scores calculated for: 0_15317
Scores calculated for: 0_15316
Scores calculated for: 0_15315
Scores calculated for: 0_15313
Scores calculated for: 0_15312
Scores calculated for: 0_15311
Scores calculated for: 0_15306
Scores calculated for: 0_15302
Scores calculated for: 0_15301
Scores calculated for: 0_15294
Scores calculated for: 0_15293
Scores calculated for: 0_15291
Scores calculated for: 0_15289
Scores calculated for: 0_15288
Scores calculated for: 0_15287
Scores calculated for: 0_15284
Scores calculated for: 0_15282
Scores calculated for: 0_15274
Scores calculated for: 0_15272
Scores calculated for: 0_15266
Scores calculated for: 0_15264
Scores calculated for: 0_15257
Scores calculated for: 0_15256
Scores calculated for: 0_15249
Scores calculated for: 0_15248
Scores calculated for: 0_15244
Scores calculated for: 0_15239
Scores calculated for: 0_15238
Scores calculated for: 0_15235
Scores calculated for: 0_15234
Scores calculated for: 0_15233
Scores calculated for: 0_15232
Scores calculated for: 0_15230
Scores calculated for: 0_15228
Scores calculated for: 0_15227
Scores calculated for: 0_15226
Scores calculated for: 0_15222
Scores calculated for: 0_15220
Scores calculated for: 0_15216
Scores calculated for: 0_15213
Scores calculated for: 0_15204
Scores calculated for: 0_15202
Scores calculated for: 0_15199
Scores calculated for: 0_15196
Scores calculated for: 0_15193
Scores calculated for: 0_15190
Scores calculated for: 0_15188
Scores calculated for: 0_15184
Scores calculated for: 0_15183
Scores calculated for: 0_15181
Scores calculated for: 0_15180
Scores calculated for: 0_15179
Scores calculated for: 0_15178
Scores calculated for: 0_15177
Scores calculated for: 0_15174
Scores calculated for: 0_15173
Scores calculated for: 0_15171
Scores calculated for: 0_15168
Scores calculated for: 0_15167
Scores calculated for: 0_15166
Scores calculated for: 0_15165
Scores calculated for: 0_15160
Scores calculated for: 0_15158
Scores calculated for: 0_15155
Scores calculated for: 0_15154
Scores calculated for: 0_15149
Scores calculated for: 0_17727
Scores calculated for: 0_15142
Scores calculated for: 0_15141
Scores calculated for: 0_15140
Scores calculated for: 0_15138
Scores calculated for: 0_15133
Scores calculated for: 0_15128
Scores calculated for: 0_15126
Scores calculated for: 0_15122
Scores calculated for: 0_15117
Scores calculated for: 0_15116
Scores calculated for: 0_15115
Scores calculated for: 0_15113
Scores calculated for: 0_15112
Scores calculated for: 0_15111
Scores calculated for: 0_15110
Scores calculated for: 0_15108
Scores calculated for: 0_15107
Scores calculated for: 0_15104
Scores calculated for: 0_15101
Scores calculated for: 0_15098
Scores calculated for: 0_15097
Scores calculated for: 0_15091
Scores calculated for: 0_17729
Scores calculated for: 0_17731
Scores calculated for: 0_15082
Scores calculated for: 0_15078
Scores calculated for: 0_15071
Scores calculated for: 0_15066
Scores calculated for: 0_15065
Scores calculated for: 0_15058
Scores calculated for: 0_15057
Scores calculated for: 0_15055
Scores calculated for: 0_15054
Scores calculated for: 0_15052
Scores calculated for: 0_15049
Scores calculated for: 0_15042
Scores calculated for: 0_15039
Scores calculated for: 0_15031
Scores calculated for: 0_15030
Scores calculated for: 0_15029
Scores calculated for: 0_15028
Scores calculated for: 0_15022
Scores calculated for: 0_15018
Scores calculated for: 0_15015
Scores calculated for: 0_15002
Scores calculated for: 0_15001
Scores calculated for: 0_15000
Scores calculated for: 0_14999
Scores calculated for: 0_14990
Scores calculated for: 0_14989
Scores calculated for: 0_14984
Scores calculated for: 0_14983
Scores calculated for: 0_17765
Scores calculated for: 0_14970
Scores calculated for: 0_14968
Scores calculated for: 0_14966
Scores calculated for: 0_14964
Scores calculated for: 0_14953
Scores calculated for: 0_14952
Scores calculated for: 0_14949
Scores calculated for: 0_14947
Scores calculated for: 0_14939
Scores calculated for: 0_14938
Scores calculated for: 0_14933
Scores calculated for: 0_14932
Scores calculated for: 0_17767
Scores calculated for: 0_14928
Scores calculated for: 0_14927
Scores calculated for: 0_14921
Scores calculated for: 0_14917
Scores calculated for: 0_14914
Scores calculated for: 0_14912
Scores calculated for: 0_14907
Scores calculated for: 0_14903
Scores calculated for: 0_14902
Scores calculated for: 0_14901
Scores calculated for: 0_14900
Scores calculated for: 0_14896
Scores calculated for: 0_14891
Scores calculated for: 0_14876
Scores calculated for: 0_14870
Scores calculated for: 0_14869
Scores calculated for: 0_14858
Scores calculated for: 0_14846
Scores calculated for: 0_14843
Scores calculated for: 0_14835
Scores calculated for: 0_14830
Scores calculated for: 0_14823
Scores calculated for: 0_14821
Scores calculated for: 0_14811
Scores calculated for: 0_14807
Scores calculated for: 0_14806
Scores calculated for: 0_14804
Scores calculated for: 0_14795
Scores calculated for: 0_14788
Scores calculated for: 0_17769
Scores calculated for: 0_14776
Scores calculated for: 0_14770
Scores calculated for: 0_14764
Scores calculated for: 0_14743
Scores calculated for: 0_14740
Scores calculated for: 0_14739
Scores calculated for: 0_14737
Scores calculated for: 0_14731
Scores calculated for: 0_14708
Scores calculated for: 0_14697
Scores calculated for: 0_14696
Scores calculated for: 0_14691
Scores calculated for: 0_14689
Scores calculated for: 0_14687
Scores calculated for: 0_14679
Scores calculated for: 0_14667
Scores calculated for: 0_14664
Scores calculated for: 0_14661
Scores calculated for: 0_14653
Scores calculated for: 0_17771
Scores calculated for: 0_14642
Scores calculated for: 0_14636
Scores calculated for: 0_14634
Scores calculated for: 0_14615
Scores calculated for: 0_14614
Scores calculated for: 0_14612
Scores calculated for: 0_14588
Scores calculated for: 0_14582
Scores calculated for: 0_14494
Scores calculated for: 0_14488
Scores calculated for: 0_14487
Scores calculated for: 0_14486
Scores calculated for: 0_14460
Scores calculated for: 0_14451
Scores calculated for: 0_14432
Scores calculated for: 0_14429
Scores calculated for: 0_17775
Scores calculated for: 0_17777
Scores calculated for: 0_14355
Scores calculated for: 0_14351
Scores calculated for: 0_17781
Scores calculated for: 0_14340
Scores calculated for: 0_17783
Scores calculated for: 0_14306
Scores calculated for: 0_14289
Scores calculated for: 0_14287
Scores calculated for: 0_14285
Scores calculated for: 0_14278
Scores calculated for: 0_14271
Scores calculated for: 0_17788
Scores calculated for: 0_14227
Scores calculated for: 0_14218
Scores calculated for: 0_14213
Scores calculated for: 0_14199
Scores calculated for: 0_17790
Scores calculated for: 0_14189
Scores calculated for: 0_14175
Scores calculated for: 0_14168
Scores calculated for: 0_14164
Scores calculated for: 0_14150
Scores calculated for: 0_17794
Scores calculated for: 0_14131
Scores calculated for: 0_17796
Scores calculated for: 0_14127
Scores calculated for: 0_14123
Scores calculated for: 0_14096
Scores calculated for: 0_17798
Scores calculated for: 0_17800
Scores calculated for: 0_14059
Scores calculated for: 0_14042
Scores calculated for: 0_17802
Scores calculated for: 0_14025
Scores calculated for: 0_17806
Scores calculated for: 0_14001
Scores calculated for: 0_13990
Scores calculated for: 0_13986
Scores calculated for: 0_13985
Scores calculated for: 0_17808
Scores calculated for: 0_13935
Scores calculated for: 0_13905
Scores calculated for: 0_13897
Scores calculated for: 0_13895
Scores calculated for: 0_13854
Scores calculated for: 0_13841
Scores calculated for: 0_13835
Scores calculated for: 0_13832
Scores calculated for: 0_13774
Scores calculated for: 0_13760
Scores calculated for: 0_13757
Scores calculated for: 0_13732
Scores calculated for: 0_13702
Scores calculated for: 0_13691
Scores calculated for: 0_13668
Scores calculated for: 0_13563
Scores calculated for: 0_13560
Scores calculated for: 0_13548
Scores calculated for: 0_13531
Scores calculated for: 0_13527
Scores calculated for: 0_13523
Scores calculated for: 0_13493
Scores calculated for: 0_13447
Scores calculated for: 0_13376
Scores calculated for: 0_13371
Scores calculated for: 0_13346
Scores calculated for: 0_13334
Scores calculated for: 0_13332
Scores calculated for: 0_13216
Scores calculated for: 0_13161
Scores calculated for: 0_13146
Scores calculated for: 0_13097
Scores calculated for: 0_13082
Scores calculated for: 0_13028
Scores calculated for: 0_13021
Scores calculated for: 0_12991
Scores calculated for: 0_12939
Scores calculated for: 0_12919
Scores calculated for: 0_12840
Scores calculated for: 0_12778
Scores calculated for: 0_12696
Scores calculated for: 0_12689
Scores calculated for: 0_12679
Scores calculated for: 0_12663
Scores calculated for: 0_12662
Scores calculated for: 0_12646
Scores calculated for: 0_12621
Scores calculated for: 0_12556
Scores calculated for: 0_12554
Scores calculated for: 0_12498
Scores calculated for: 0_12493
Scores calculated for: 0_12492
Scores calculated for: 0_12487
Scores calculated for: 0_12482
Scores calculated for: 0_12478
Scores calculated for: 0_12462
Scores calculated for: 0_12460
Scores calculated for: 0_12456
Scores calculated for: 0_12453
Scores calculated for: 0_12448
Scores calculated for: 0_12440
Scores calculated for: 0_12432
Scores calculated for: 0_12328
Scores calculated for: 0_12183
Scores calculated for: 0_12160
Scores calculated for: 0_12077
Scores calculated for: 0_12032
Scores calculated for: 0_11982
Scores calculated for: 0_11978
Scores calculated for: 0_11967
Scores calculated for: 0_11831
Scores calculated for: 0_11738
Scores calculated for: 0_11713
Scores calculated for: 0_11712
Scores calculated for: 0_11706
Scores calculated for: 0_11690
Scores calculated for: 0_11681
Scores calculated for: 0_11648
Scores calculated for: 0_11541
Scores calculated for: 0_11449
Scores calculated for: 0_11412
Scores calculated for: 0_11332
Scores calculated for: 0_11262
Scores calculated for: 0_11255
Scores calculated for: 0_11226
Scores calculated for: 0_11223
Scores calculated for: 0_11174
Scores calculated for: 0_11170
Scores calculated for: 0_11118
Scores calculated for: 0_11114
Scores calculated for: 0_11109
Scores calculated for: 0_11097
Scores calculated for: 0_11052
Scores calculated for: 0_11022
Scores calculated for: 0_11004
Scores calculated for: 0_10980
Scores calculated for: 0_10958
Scores calculated for: 0_10947
Scores calculated for: 0_10946
Scores calculated for: 0_10929
Scores calculated for: 0_10896
Scores calculated for: 0_10864
Scores calculated for: 0_10846
Scores calculated for: 0_10835
Scores calculated for: 0_10816
Scores calculated for: 0_10726
Scores calculated for: 0_10715
Scores calculated for: 0_10693
Scores calculated for: 0_10369
Scores calculated for: 0_10368
Scores calculated for: 0_10358
Scores calculated for: 0_10255
Scores calculated for: 0_10242
Scores calculated for: 0_10231
Scores calculated for: 0_10078
Scores calculated for: 0_10075
Scores calculated for: 0_10044
Scores calculated for: 0_9996
Scores calculated for: 0_9891
Scores calculated for: 0_9879
Scores calculated for: 0_9825
Scores calculated for: 0_9824
Scores calculated for: 0_9821
Scores calculated for: 0_9795
Scores calculated for: 0_11283
Scores calculated for: 0_9483
Scores calculated for: 0_9361
Scores calculated for: 0_9360
Scores calculated for: 0_9334
Scores calculated for: 0_9314
Scores calculated for: 0_9289
Scores calculated for: 0_9176
Scores calculated for: 0_8984
Scores calculated for: 0_8900
Scores calculated for: 0_8887
Scores calculated for: 0_8827
Scores calculated for: 0_8742
Scores calculated for: 0_8577
Scores calculated for: 0_8321
Scores calculated for: 0_8300
Scores calculated for: 0_8299
Scores calculated for: 0_8100
Scores calculated for: 0_8073
Scores calculated for: 0_7882
Scores calculated for: 0_7790
Scores calculated for: 0_7653
Scores calculated for: 0_7586
Scores calculated for: 0_7524
Scores calculated for: 0_7196
Scores calculated for: 0_7140
Scores calculated for: 0_7092
Scores calculated for: 0_7049
Scores calculated for: 0_7045
Scores calculated for: 0_6991
Scores calculated for: 0_6758
Scores calculated for: 0_6376
Scores calculated for: 0_6320
Scores calculated for: 0_5789
Scores calculated for: 0_5755
Scores calculated for: 0_5700
Scores calculated for: 0_5690
Scores calculated for: 0_5643
Scores calculated for: 0_5469
Scores calculated for: 0_5420
Scores calculated for: 0_5374
Scores calculated for: 0_5064
Scores calculated for: 0_5033
Scores calculated for: 0_4831
Scores calculated for: 0_4812
Scores calculated for: 0_4801
Scores calculated for: 0_4525
Scores calculated for: 0_4234
Scores calculated for: 0_4060
Scores calculated for: 0_4015
Scores calculated for: 0_3958
Scores calculated for: 0_3798
Scores calculated for: 0_3625
Scores calculated for: 0_3113
Scores calculated for: 0_2968
Scores calculated for: 0_2576
Scores calculated for: 0_1023

---------------------------------------------------------------------------
alpha= 0.1 beta= 0.1 gamma= 0.8
---------------------------------------------------------------------------
                         Top1          Top3            Top5
Combined Accuracy         0.82951347004423          0.8769601930036188         0.9039002814636108
AutoBA MRR: 0.8647337766336443

---------------------------------------------------------------------------
alpha= 0.1 beta= 0.2 gamma= 0.7
---------------------------------------------------------------------------
                         Top1          Top3            Top5
Combined Accuracy         0.8323281061519904          0.8789706473663048         0.9034981905910736
AutoBA MRR: 0.8662911605446952

---------------------------------------------------------------------------
alpha= 0.1 beta= 0.3 gamma= 0.6
---------------------------------------------------------------------------
                         Top1          Top3            Top5
Combined Accuracy         0.8339364696421391          0.8805790108564535         0.9010856453558505
AutoBA MRR: 0.8671791023053195

---------------------------------------------------------------------------
alpha= 0.1 beta= 0.4 gamma= 0.5
---------------------------------------------------------------------------
                         Top1          Top3            Top5
Combined Accuracy         0.8319260152794532          0.8801769199839163         0.9014877362283876
AutoBA MRR: 0.8658844169076751

---------------------------------------------------------------------------
alpha= 0.1 beta= 0.5 gamma= 0.4
---------------------------------------------------------------------------
                         Top1          Top3            Top5
Combined Accuracy         0.8307197426618416          0.8801769199839163         0.9010856453558505
AutoBA MRR: 0.8652390068384338

---------------------------------------------------------------------------
alpha= 0.1 beta= 0.6 gamma= 0.3
---------------------------------------------------------------------------
                         Top1          Top3            Top5
Combined Accuracy         0.8315239244069159          0.8781664656212304         0.9014877362283876
AutoBA MRR: 0.8650842186583295

---------------------------------------------------------------------------
alpha= 0.1 beta= 0.7 gamma= 0.2
---------------------------------------------------------------------------
                         Top1          Top3            Top5
Combined Accuracy         0.8315239244069159          0.87535182951347         0.9018898271009248
AutoBA MRR: 0.8640203253191067

---------------------------------------------------------------------------
alpha= 0.1 beta= 0.8 gamma= 0.1
---------------------------------------------------------------------------
                         Top1          Top3            Top5
Combined Accuracy         0.8315239244069159          0.8741455568958585         0.8986731001206273
AutoBA MRR: 0.8629237347225368

---------------------------------------------------------------------------
alpha= 0.2 beta= 0.1 gamma= 0.7
---------------------------------------------------------------------------
                         Top1          Top3            Top5
Combined Accuracy         0.8323281061519904          0.8789706473663048         0.9059107358262968
AutoBA MRR: 0.8662698486545224

---------------------------------------------------------------------------
alpha= 0.2 beta= 0.2 gamma= 0.6
---------------------------------------------------------------------------
                         Top1          Top3            Top5
Combined Accuracy         0.8347406513872135          0.8817852834740652         0.902291917973462
AutoBA MRR: 0.8678679782464709

---------------------------------------------------------------------------
alpha= 0.2 beta= 0.3 gamma= 0.5
---------------------------------------------------------------------------
                         Top1          Top3            Top5
Combined Accuracy         0.8323281061519904          0.8821873743466023         0.9018898271009248
AutoBA MRR: 0.8666045319899788

---------------------------------------------------------------------------
alpha= 0.2 beta= 0.4 gamma= 0.4
---------------------------------------------------------------------------
                         Top1          Top3            Top5
Combined Accuracy         0.8311218335343787          0.881383192601528         0.9006835544833133
AutoBA MRR: 0.8659600025530158

---------------------------------------------------------------------------
alpha= 0.2 beta= 0.5 gamma= 0.3
---------------------------------------------------------------------------
                         Top1          Top3            Top5
Combined Accuracy         0.8311218335343787          0.8801769199839163         0.9026940088459992
AutoBA MRR: 0.865333454704918

---------------------------------------------------------------------------
alpha= 0.2 beta= 0.6 gamma= 0.2
---------------------------------------------------------------------------
                         Top1          Top3            Top5
Combined Accuracy         0.8311218335343787          0.8769601930036188         0.902291917973462
AutoBA MRR: 0.8641327386299474

---------------------------------------------------------------------------
alpha= 0.2 beta= 0.7 gamma= 0.1
---------------------------------------------------------------------------
                         Top1          Top3            Top5
Combined Accuracy         0.8315239244069159          0.8741455568958585         0.8982710092480901
AutoBA MRR: 0.8632186494021

---------------------------------------------------------------------------
alpha= 0.3 beta= 0.1 gamma= 0.6
---------------------------------------------------------------------------
                         Top1          Top3            Top5
Combined Accuracy         0.8343385605146764          0.8821873743466023         0.9034981905910736
AutoBA MRR: 0.8677166088769855

---------------------------------------------------------------------------
alpha= 0.3 beta= 0.2 gamma= 0.5
---------------------------------------------------------------------------
                         Top1          Top3            Top5
Combined Accuracy         0.8311218335343787          0.8817852834740652         0.902291917973462
AutoBA MRR: 0.8660155529198583

---------------------------------------------------------------------------
alpha= 0.3 beta= 0.3 gamma= 0.4
---------------------------------------------------------------------------
                         Top1          Top3            Top5
Combined Accuracy         0.8303176517893044          0.8817852834740652         0.9006835544833133
AutoBA MRR: 0.865866107427111

---------------------------------------------------------------------------
alpha= 0.3 beta= 0.4 gamma= 0.3
---------------------------------------------------------------------------
                         Top1          Top3            Top5
Combined Accuracy         0.8311218335343787          0.8797748291113792         0.902291917973462
AutoBA MRR: 0.8655984839901641

---------------------------------------------------------------------------
alpha= 0.3 beta= 0.5 gamma= 0.2
---------------------------------------------------------------------------
                         Top1          Top3            Top5
Combined Accuracy         0.8307197426618416          0.8781664656212304         0.9010856453558505
AutoBA MRR: 0.8645148757024995

---------------------------------------------------------------------------
alpha= 0.3 beta= 0.6 gamma= 0.1
---------------------------------------------------------------------------
                         Top1          Top3            Top5
Combined Accuracy         0.8315239244069159          0.8737434660233213         0.8982710092480901
AutoBA MRR: 0.8635962854645238

---------------------------------------------------------------------------
alpha= 0.4 beta= 0.1 gamma= 0.5
---------------------------------------------------------------------------
                         Top1          Top3            Top5
Combined Accuracy         0.8319260152794532          0.8825894652191395         0.9014877362283876
AutoBA MRR: 0.8665708394669911

---------------------------------------------------------------------------
alpha= 0.4 beta= 0.2 gamma= 0.4
---------------------------------------------------------------------------
                         Top1          Top3            Top5
Combined Accuracy         0.8307197426618416          0.883393646964214         0.900281463610776
AutoBA MRR: 0.8659962507833769

---------------------------------------------------------------------------
alpha= 0.4 beta= 0.3 gamma= 0.3
---------------------------------------------------------------------------
                         Top1          Top3            Top5
Combined Accuracy         0.8303176517893044          0.8797748291113792         0.9014877362283876
AutoBA MRR: 0.8652664221839192

---------------------------------------------------------------------------
alpha= 0.4 beta= 0.4 gamma= 0.2
---------------------------------------------------------------------------
                         Top1          Top3            Top5
Combined Accuracy         0.8307197426618416          0.877362283876156         0.902291917973462
AutoBA MRR: 0.8645042241044901

---------------------------------------------------------------------------
alpha= 0.4 beta= 0.5 gamma= 0.1
---------------------------------------------------------------------------
                         Top1          Top3            Top5
Combined Accuracy         0.8311218335343787          0.8741455568958585         0.8998793727382388
AutoBA MRR: 0.8637130083965385

---------------------------------------------------------------------------
alpha= 0.5 beta= 0.1 gamma= 0.4
---------------------------------------------------------------------------
                         Top1          Top3            Top5
Combined Accuracy         0.8323281061519904          0.8821873743466023         0.9010856453558505
AutoBA MRR: 0.8667415237886386

---------------------------------------------------------------------------
alpha= 0.5 beta= 0.2 gamma= 0.3
---------------------------------------------------------------------------
                         Top1          Top3            Top5
Combined Accuracy         0.8323281061519904          0.8801769199839163         0.9006835544833133
AutoBA MRR: 0.8662006886053255

---------------------------------------------------------------------------
alpha= 0.5 beta= 0.3 gamma= 0.2
---------------------------------------------------------------------------
                         Top1          Top3            Top5
Combined Accuracy         0.8323281061519904          0.877362283876156         0.9014877362283876
AutoBA MRR: 0.86544101055246

---------------------------------------------------------------------------
alpha= 0.5 beta= 0.4 gamma= 0.1
---------------------------------------------------------------------------
                         Top1          Top3            Top5
Combined Accuracy         0.8327301970245276          0.8737434660233213         0.9006835544833133
AutoBA MRR: 0.8646958217424439

---------------------------------------------------------------------------
alpha= 0.6 beta= 0.1 gamma= 0.3
---------------------------------------------------------------------------
                         Top1          Top3            Top5
Combined Accuracy         0.8339364696421391          0.879372738238842         0.9010856453558505
AutoBA MRR: 0.8667854946452141

---------------------------------------------------------------------------
alpha= 0.6 beta= 0.2 gamma= 0.2
---------------------------------------------------------------------------
                         Top1          Top3            Top5
Combined Accuracy         0.8339364696421391          0.8765581021310817         0.9018898271009248
AutoBA MRR: 0.8661508126317635

---------------------------------------------------------------------------
alpha= 0.6 beta= 0.3 gamma= 0.1
---------------------------------------------------------------------------
                         Top1          Top3            Top5
Combined Accuracy         0.8339364696421391          0.8729392842782469         0.8998793727382388
AutoBA MRR: 0.865143029734464

---------------------------------------------------------------------------
alpha= 0.7 beta= 0.1 gamma= 0.2
---------------------------------------------------------------------------
                         Top1          Top3            Top5
Combined Accuracy         0.8339364696421391          0.87535182951347         0.9014877362283876
AutoBA MRR: 0.8659882248917327

---------------------------------------------------------------------------
alpha= 0.7 beta= 0.2 gamma= 0.1
---------------------------------------------------------------------------
                         Top1          Top3            Top5
Combined Accuracy         0.8339364696421391          0.8725371934057097         0.8990751909931645
AutoBA MRR: 0.8651360312774964

---------------------------------------------------------------------------
alpha= 0.8 beta= 0.1 gamma= 0.1
---------------------------------------------------------------------------
                         Top1          Top3            Top5
Combined Accuracy         0.8339364696421391          0.8725371934057097         0.8990751909931645
AutoBA MRR: 0.8649180576078446
[{'alpha': 0.1, 'beta': 0.1, 'gamma': 0.8, 'top1': 0.82951347004423, 'top3': 0.8769601930036188, 'top5': 0.9039002814636108, 'mrr': 0.8647337766336443}, {'alpha': 0.1, 'beta': 0.2, 'gamma': 0.7, 'top1': 0.8323281061519904, 'top3': 0.8789706473663048, 'top5': 0.9034981905910736, 'mrr': 0.8662911605446952}, {'alpha': 0.1, 'beta': 0.3, 'gamma': 0.6, 'top1': 0.8339364696421391, 'top3': 0.8805790108564535, 'top5': 0.9010856453558505, 'mrr': 0.8671791023053195}, {'alpha': 0.1, 'beta': 0.4, 'gamma': 0.5, 'top1': 0.8319260152794532, 'top3': 0.8801769199839163, 'top5': 0.9014877362283876, 'mrr': 0.8658844169076751}, {'alpha': 0.1, 'beta': 0.5, 'gamma': 0.4, 'top1': 0.8307197426618416, 'top3': 0.8801769199839163, 'top5': 0.9010856453558505, 'mrr': 0.8652390068384338}, {'alpha': 0.1, 'beta': 0.6, 'gamma': 0.3, 'top1': 0.8315239244069159, 'top3': 0.8781664656212304, 'top5': 0.9014877362283876, 'mrr': 0.8650842186583295}, {'alpha': 0.1, 'beta': 0.7, 'gamma': 0.2, 'top1': 0.8315239244069159, 'top3': 0.87535182951347, 'top5': 0.9018898271009248, 'mrr': 0.8640203253191067}, {'alpha': 0.1, 'beta': 0.8, 'gamma': 0.1, 'top1': 0.8315239244069159, 'top3': 0.8741455568958585, 'top5': 0.8986731001206273, 'mrr': 0.8629237347225368}, {'alpha': 0.2, 'beta': 0.1, 'gamma': 0.7, 'top1': 0.8323281061519904, 'top3': 0.8789706473663048, 'top5': 0.9059107358262968, 'mrr': 0.8662698486545224}, {'alpha': 0.2, 'beta': 0.2, 'gamma': 0.6, 'top1': 0.8347406513872135, 'top3': 0.8817852834740652, 'top5': 0.902291917973462, 'mrr': 0.8678679782464709}, {'alpha': 0.2, 'beta': 0.3, 'gamma': 0.5, 'top1': 0.8323281061519904, 'top3': 0.8821873743466023, 'top5': 0.9018898271009248, 'mrr': 0.8666045319899788}, {'alpha': 0.2, 'beta': 0.4, 'gamma': 0.4, 'top1': 0.8311218335343787, 'top3': 0.881383192601528, 'top5': 0.9006835544833133, 'mrr': 0.8659600025530158}, {'alpha': 0.2, 'beta': 0.5, 'gamma': 0.3, 'top1': 0.8311218335343787, 'top3': 0.8801769199839163, 'top5': 0.9026940088459992, 'mrr': 0.865333454704918}, {'alpha': 0.2, 'beta': 0.6, 'gamma': 0.2, 'top1': 0.8311218335343787, 'top3': 0.8769601930036188, 'top5': 0.902291917973462, 'mrr': 0.8641327386299474}, {'alpha': 0.2, 'beta': 0.7, 'gamma': 0.1, 'top1': 0.8315239244069159, 'top3': 0.8741455568958585, 'top5': 0.8982710092480901, 'mrr': 0.8632186494021}, {'alpha': 0.3, 'beta': 0.1, 'gamma': 0.6, 'top1': 0.8343385605146764, 'top3': 0.8821873743466023, 'top5': 0.9034981905910736, 'mrr': 0.8677166088769855}, {'alpha': 0.3, 'beta': 0.2, 'gamma': 0.5, 'top1': 0.8311218335343787, 'top3': 0.8817852834740652, 'top5': 0.902291917973462, 'mrr': 0.8660155529198583}, {'alpha': 0.3, 'beta': 0.3, 'gamma': 0.4, 'top1': 0.8303176517893044, 'top3': 0.8817852834740652, 'top5': 0.9006835544833133, 'mrr': 0.865866107427111}, {'alpha': 0.3, 'beta': 0.4, 'gamma': 0.3, 'top1': 0.8311218335343787, 'top3': 0.8797748291113792, 'top5': 0.902291917973462, 'mrr': 0.8655984839901641}, {'alpha': 0.3, 'beta': 0.5, 'gamma': 0.2, 'top1': 0.8307197426618416, 'top3': 0.8781664656212304, 'top5': 0.9010856453558505, 'mrr': 0.8645148757024995}, {'alpha': 0.3, 'beta': 0.6, 'gamma': 0.1, 'top1': 0.8315239244069159, 'top3': 0.8737434660233213, 'top5': 0.8982710092480901, 'mrr': 0.8635962854645238}, {'alpha': 0.4, 'beta': 0.1, 'gamma': 0.5, 'top1': 0.8319260152794532, 'top3': 0.8825894652191395, 'top5': 0.9014877362283876, 'mrr': 0.8665708394669911}, {'alpha': 0.4, 'beta': 0.2, 'gamma': 0.4, 'top1': 0.8307197426618416, 'top3': 0.883393646964214, 'top5': 0.900281463610776, 'mrr': 0.8659962507833769}, {'alpha': 0.4, 'beta': 0.3, 'gamma': 0.3, 'top1': 0.8303176517893044, 'top3': 0.8797748291113792, 'top5': 0.9014877362283876, 'mrr': 0.8652664221839192}, {'alpha': 0.4, 'beta': 0.4, 'gamma': 0.2, 'top1': 0.8307197426618416, 'top3': 0.877362283876156, 'top5': 0.902291917973462, 'mrr': 0.8645042241044901}, {'alpha': 0.4, 'beta': 0.5, 'gamma': 0.1, 'top1': 0.8311218335343787, 'top3': 0.8741455568958585, 'top5': 0.8998793727382388, 'mrr': 0.8637130083965385}, {'alpha': 0.5, 'beta': 0.1, 'gamma': 0.4, 'top1': 0.8323281061519904, 'top3': 0.8821873743466023, 'top5': 0.9010856453558505, 'mrr': 0.8667415237886386}, {'alpha': 0.5, 'beta': 0.2, 'gamma': 0.3, 'top1': 0.8323281061519904, 'top3': 0.8801769199839163, 'top5': 0.9006835544833133, 'mrr': 0.8662006886053255}, {'alpha': 0.5, 'beta': 0.3, 'gamma': 0.2, 'top1': 0.8323281061519904, 'top3': 0.877362283876156, 'top5': 0.9014877362283876, 'mrr': 0.86544101055246}, {'alpha': 0.5, 'beta': 0.4, 'gamma': 0.1, 'top1': 0.8327301970245276, 'top3': 0.8737434660233213, 'top5': 0.9006835544833133, 'mrr': 0.8646958217424439}, {'alpha': 0.6, 'beta': 0.1, 'gamma': 0.3, 'top1': 0.8339364696421391, 'top3': 0.879372738238842, 'top5': 0.9010856453558505, 'mrr': 0.8667854946452141}, {'alpha': 0.6, 'beta': 0.2, 'gamma': 0.2, 'top1': 0.8339364696421391, 'top3': 0.8765581021310817, 'top5': 0.9018898271009248, 'mrr': 0.8661508126317635}, {'alpha': 0.6, 'beta': 0.3, 'gamma': 0.1, 'top1': 0.8339364696421391, 'top3': 0.8729392842782469, 'top5': 0.8998793727382388, 'mrr': 0.865143029734464}, {'alpha': 0.7, 'beta': 0.1, 'gamma': 0.2, 'top1': 0.8339364696421391, 'top3': 0.87535182951347, 'top5': 0.9014877362283876, 'mrr': 0.8659882248917327}, {'alpha': 0.7, 'beta': 0.2, 'gamma': 0.1, 'top1': 0.8339364696421391, 'top3': 0.8725371934057097, 'top5': 0.8990751909931645, 'mrr': 0.8651360312774964}, {'alpha': 0.8, 'beta': 0.1, 'gamma': 0.1, 'top1': 0.8339364696421391, 'top3': 0.8725371934057097, 'top5': 0.8990751909931645, 'mrr': 0.8649180576078446}]

Process finished with exit code 0
