/Users/raveen/Desktop/MSc-Thesis/auto-ba/venv/bin/python /Users/raveen/Desktop/MSc-Thesis/auto-ba/autoba/main.py 
25/03/25 00:32:04 WARN Utils: Your hostname, Raveens-MacBook-Pro.local resolves to a loopback address: 127.0.0.1; using 192.168.10.159 instead (on interface en0)
25/03/25 00:32:04 WARN Utils: Set SPARK_LOCAL_IP if you need to bind to another address
Setting default log level to "WARN".
To adjust logging level use sc.setLogLevel(newLevel). For SparkR, use setLogLevel(newLevel).
25/03/25 00:32:04 WARN NativeCodeLoader: Unable to load native-hadoop library for your platform... using builtin-java classes where applicable
Total issues (before filtering): 2425
25/03/25 00:32:14 WARN HintErrorLogger: A join hint (strategy=broadcast) is specified but it is not part of a join relation.
25/03/25 00:32:17 WARN HintErrorLogger: A join hint (strategy=broadcast) is specified but it is not part of a join relation.
---------------------------------------------------------------------------
                         Top1          Top3            Top5
File Path Accuracy        0.9212924606462303          0.932062966031483         0.93993371996686
Text Accuracy             0.9179784589892295          0.9316487158243579         0.9366197183098591
Activeness Accuracy       0.9179784589892295          0.9291632145816073         0.9337199668599834
File Path Similarity MRR: 0.930817683576112
Text Similarity MRR: 0.9280764569126395
Activeness MRR: 0.927156813367832

---------------------------------------------------------------------------
alpha= 0.1 beta= 0.1 gamma= 0.8
---------------------------------------------------------------------------
                         Top1          Top3            Top5
Combined Accuracy         0.9179784589892295          0.9312344656172328         0.9357912178956089
AutoBA MRR: 0.9279751156156971

---------------------------------------------------------------------------
alpha= 0.1 beta= 0.2 gamma= 0.7
---------------------------------------------------------------------------
                         Top1          Top3            Top5
Combined Accuracy         0.9188069594034797          0.932062966031483         0.9357912178956089
AutoBA MRR: 0.928904626895436

---------------------------------------------------------------------------
alpha= 0.1 beta= 0.3 gamma= 0.6
---------------------------------------------------------------------------
                         Top1          Top3            Top5
Combined Accuracy         0.920049710024855          0.9333057166528583         0.9378624689312345
AutoBA MRR: 0.9297390323723526

---------------------------------------------------------------------------
alpha= 0.1 beta= 0.4 gamma= 0.5
---------------------------------------------------------------------------
                         Top1          Top3            Top5
Combined Accuracy         0.9212924606462303          0.9337199668599834         0.9391052195526097
AutoBA MRR: 0.9304690254878311

---------------------------------------------------------------------------
alpha= 0.1 beta= 0.5 gamma= 0.4
---------------------------------------------------------------------------
                         Top1          Top3            Top5
Combined Accuracy         0.9192212096106048          0.9345484672742337         0.9395194697597349
AutoBA MRR: 0.9295659039326567

---------------------------------------------------------------------------
alpha= 0.1 beta= 0.6 gamma= 0.3
---------------------------------------------------------------------------
                         Top1          Top3            Top5
Combined Accuracy         0.9188069594034797          0.9349627174813587         0.9386909693454847
AutoBA MRR: 0.9295204262156607

---------------------------------------------------------------------------
alpha= 0.1 beta= 0.7 gamma= 0.2
---------------------------------------------------------------------------
                         Top1          Top3            Top5
Combined Accuracy         0.9183927091963546          0.9328914664457332         0.9378624689312345
AutoBA MRR: 0.92895459009581

---------------------------------------------------------------------------
alpha= 0.1 beta= 0.8 gamma= 0.1
---------------------------------------------------------------------------
                         Top1          Top3            Top5
Combined Accuracy         0.9183927091963546          0.9324772162386081         0.9370339685169843
AutoBA MRR: 0.9285884209927685

---------------------------------------------------------------------------
alpha= 0.2 beta= 0.1 gamma= 0.7
---------------------------------------------------------------------------
                         Top1          Top3            Top5
Combined Accuracy         0.9188069594034797          0.9328914664457332         0.9370339685169843
AutoBA MRR: 0.9290459743452469

---------------------------------------------------------------------------
alpha= 0.2 beta= 0.2 gamma= 0.6
---------------------------------------------------------------------------
                         Top1          Top3            Top5
Combined Accuracy         0.9192212096106048          0.9333057166528583         0.9378624689312345
AutoBA MRR: 0.9295430084846484

---------------------------------------------------------------------------
alpha= 0.2 beta= 0.3 gamma= 0.5
---------------------------------------------------------------------------
                         Top1          Top3            Top5
Combined Accuracy         0.9208782104391052          0.9341342170671085         0.9391052195526097
AutoBA MRR: 0.9305813656875316

---------------------------------------------------------------------------
alpha= 0.2 beta= 0.4 gamma= 0.4
---------------------------------------------------------------------------
                         Top1          Top3            Top5
Combined Accuracy         0.9208782104391052          0.9337199668599834         0.9395194697597349
AutoBA MRR: 0.9306158519920452

---------------------------------------------------------------------------
alpha= 0.2 beta= 0.5 gamma= 0.3
---------------------------------------------------------------------------
                         Top1          Top3            Top5
Combined Accuracy         0.9183927091963546          0.9345484672742337         0.9386909693454847
AutoBA MRR: 0.9291666451258987

---------------------------------------------------------------------------
alpha= 0.2 beta= 0.6 gamma= 0.2
---------------------------------------------------------------------------
                         Top1          Top3            Top5
Combined Accuracy         0.9183927091963546          0.9337199668599834         0.9386909693454847
AutoBA MRR: 0.9290218625509098

---------------------------------------------------------------------------
alpha= 0.2 beta= 0.7 gamma= 0.1
---------------------------------------------------------------------------
                         Top1          Top3            Top5
Combined Accuracy         0.9175642087821044          0.9333057166528583         0.9378624689312345
AutoBA MRR: 0.9282792627278282

---------------------------------------------------------------------------
alpha= 0.3 beta= 0.1 gamma= 0.6
---------------------------------------------------------------------------
                         Top1          Top3            Top5
Combined Accuracy         0.920049710024855          0.9337199668599834         0.9374482187241093
AutoBA MRR: 0.929995594022432

---------------------------------------------------------------------------
alpha= 0.3 beta= 0.2 gamma= 0.5
---------------------------------------------------------------------------
                         Top1          Top3            Top5
Combined Accuracy         0.9208782104391052          0.9341342170671085         0.9391052195526097
AutoBA MRR: 0.9304802882120125

---------------------------------------------------------------------------
alpha= 0.3 beta= 0.3 gamma= 0.4
---------------------------------------------------------------------------
                         Top1          Top3            Top5
Combined Accuracy         0.9221209610604806          0.9333057166528583         0.9391052195526097
AutoBA MRR: 0.9312209860426509

---------------------------------------------------------------------------
alpha= 0.3 beta= 0.4 gamma= 0.3
---------------------------------------------------------------------------
                         Top1          Top3            Top5
Combined Accuracy         0.9204639602319801          0.9349627174813587         0.9386909693454847
AutoBA MRR: 0.9302572108287032

---------------------------------------------------------------------------
alpha= 0.3 beta= 0.5 gamma= 0.2
---------------------------------------------------------------------------
                         Top1          Top3            Top5
Combined Accuracy         0.9192212096106048          0.9341342170671085         0.9386909693454847
AutoBA MRR: 0.9295243534195196

---------------------------------------------------------------------------
alpha= 0.3 beta= 0.6 gamma= 0.1
---------------------------------------------------------------------------
                         Top1          Top3            Top5
Combined Accuracy         0.9188069594034797          0.9337199668599834         0.9374482187241093
AutoBA MRR: 0.9290356145837575

---------------------------------------------------------------------------
alpha= 0.4 beta= 0.1 gamma= 0.5
---------------------------------------------------------------------------
                         Top1          Top3            Top5
Combined Accuracy         0.9212924606462303          0.9341342170671085         0.9382767191383595
AutoBA MRR: 0.9306972685780631

---------------------------------------------------------------------------
alpha= 0.4 beta= 0.2 gamma= 0.4
---------------------------------------------------------------------------
                         Top1          Top3            Top5
Combined Accuracy         0.9225352112676056          0.9328914664457332         0.9395194697597349
AutoBA MRR: 0.9313134434620375

---------------------------------------------------------------------------
alpha= 0.4 beta= 0.3 gamma= 0.3
---------------------------------------------------------------------------
                         Top1          Top3            Top5
Combined Accuracy         0.9208782104391052          0.9345484672742337         0.9395194697597349
AutoBA MRR: 0.9304914456952055

---------------------------------------------------------------------------
alpha= 0.4 beta= 0.4 gamma= 0.2
---------------------------------------------------------------------------
                         Top1          Top3            Top5
Combined Accuracy         0.9192212096106048          0.9345484672742337         0.9391052195526097
AutoBA MRR: 0.9294009964946419

---------------------------------------------------------------------------
alpha= 0.4 beta= 0.5 gamma= 0.1
---------------------------------------------------------------------------
                         Top1          Top3            Top5
Combined Accuracy         0.9192212096106048          0.9333057166528583         0.9382767191383595
AutoBA MRR: 0.9291044702437382

---------------------------------------------------------------------------
alpha= 0.5 beta= 0.1 gamma= 0.4
---------------------------------------------------------------------------
                         Top1          Top3            Top5
Combined Accuracy         0.9225352112676056          0.9328914664457332         0.9395194697597349
AutoBA MRR: 0.9312067002916259

---------------------------------------------------------------------------
alpha= 0.5 beta= 0.2 gamma= 0.3
---------------------------------------------------------------------------
                         Top1          Top3            Top5
Combined Accuracy         0.9204639602319801          0.9341342170671085         0.9395194697597349
AutoBA MRR: 0.9301756000536116

---------------------------------------------------------------------------
alpha= 0.5 beta= 0.3 gamma= 0.2
---------------------------------------------------------------------------
                         Top1          Top3            Top5
Combined Accuracy         0.9204639602319801          0.9349627174813587         0.9391052195526097
AutoBA MRR: 0.9299400477329504

---------------------------------------------------------------------------
alpha= 0.5 beta= 0.4 gamma= 0.1
---------------------------------------------------------------------------
                         Top1          Top3            Top5
Combined Accuracy         0.920049710024855          0.9337199668599834         0.9382767191383595
AutoBA MRR: 0.9293916101044749

---------------------------------------------------------------------------
alpha= 0.6 beta= 0.1 gamma= 0.3
---------------------------------------------------------------------------
                         Top1          Top3            Top5
Combined Accuracy         0.920049710024855          0.9341342170671085         0.9395194697597349
AutoBA MRR: 0.9300178235399801

---------------------------------------------------------------------------
alpha= 0.6 beta= 0.2 gamma= 0.2
---------------------------------------------------------------------------
                         Top1          Top3            Top5
Combined Accuracy         0.920049710024855          0.9349627174813587         0.9395194697597349
AutoBA MRR: 0.9298353479607118

---------------------------------------------------------------------------
alpha= 0.6 beta= 0.3 gamma= 0.1
---------------------------------------------------------------------------
                         Top1          Top3            Top5
Combined Accuracy         0.920049710024855          0.9337199668599834         0.9382767191383595
AutoBA MRR: 0.9294139218608177

---------------------------------------------------------------------------
alpha= 0.7 beta= 0.1 gamma= 0.2
---------------------------------------------------------------------------
                         Top1          Top3            Top5
Combined Accuracy         0.920049710024855          0.9337199668599834         0.9391052195526097
AutoBA MRR: 0.9298650008423697

---------------------------------------------------------------------------
alpha= 0.7 beta= 0.2 gamma= 0.1
---------------------------------------------------------------------------
                         Top1          Top3            Top5
Combined Accuracy         0.9192212096106048          0.9337199668599834         0.9378624689312345
AutoBA MRR: 0.9289199293045985

---------------------------------------------------------------------------
alpha= 0.8 beta= 0.1 gamma= 0.1
---------------------------------------------------------------------------
                         Top1          Top3            Top5
Combined Accuracy         0.9192212096106048          0.9328914664457332         0.9378624689312345
AutoBA MRR: 0.9289185320659509
None

Process finished with exit code 0
